#
# A fatal error has been detected by the Java Runtime Environment:
#
#  EXCEPTION_ACCESS_VIOLATION (0xc0000005) at pc=0x00007ffaf5c648d7, pid=6412, tid=2152
#
# JRE version: Java(TM) SE Runtime Environment (18.0.1.1+2) (build 18.0.1.1+2-6)
# Java VM: Java HotSpot(TM) 64-Bit Server VM (18.0.1.1+2-6, mixed mode, sharing, tiered, compressed oops, compressed class ptrs, g1 gc, windows-amd64)
# Problematic frame:
# V  [jvm.dll+0x3248d7]
#
# No core dump will be written. Minidumps are not enabled by default on client versions of Windows
#
# If you would like to submit a bug report, please visit:
#   https://bugreport.java.com/bugreport/crash.jsp
#

---------------  S U M M A R Y ------------

Command Line: --add-opens=java.base/java.util=ALL-UNNAMED --add-opens=java.base/java.lang=ALL-UNNAMED --add-opens=java.base/java.lang.invoke=ALL-UNNAMED --add-opens=java.base/java.util=ALL-UNNAMED --add-opens=java.prefs/java.util.prefs=ALL-UNNAMED --add-opens=java.prefs/java.util.prefs=ALL-UNNAMED --add-opens=java.base/java.nio.charset=ALL-UNNAMED --add-opens=java.base/java.net=ALL-UNNAMED --add-opens=java.base/java.util.concurrent.atomic=ALL-UNNAMED -XX:MaxMetaspaceSize=256m -XX:+HeapDumpOnOutOfMemoryError -Xms256m -Xmx512m -Dfile.encoding=windows-1252 -Duser.country=CL -Duser.language=es -Duser.variant org.gradle.launcher.daemon.bootstrap.GradleDaemon 7.4.1

Host: Intel(R) Core(TM) i5-3210M CPU @ 2.50GHz, 4 cores, 7G,  Windows 10 , 64 bit Build 19041 (10.0.19041.1645)
Time: Wed May 18 00:33:43 2022 Hora est. Sudamérica Pacífico elapsed time: 220.035003 seconds (0d 0h 3m 40s)

---------------  T H R E A D  ---------------

Current thread (0x0000011c4e918c70):  WorkerThread "GC Thread#2" [stack: 0x00000008f5100000,0x00000008f5200000] [id=2152]

Stack: [0x00000008f5100000,0x00000008f5200000],  sp=0x00000008f51ff490,  free space=1021k
Native frames: (J=compiled Java code, j=interpreted, Vv=VM code, C=native code)
V  [jvm.dll+0x3248d7]
V  [jvm.dll+0x323fc2]
V  [jvm.dll+0x325038]
V  [jvm.dll+0x32185e]
V  [jvm.dll+0x330eb8]
V  [jvm.dll+0x3330de]
V  [jvm.dll+0x33150a]
V  [jvm.dll+0x332c7a]
V  [jvm.dll+0x33e733]
V  [jvm.dll+0x33e87b]
V  [jvm.dll+0x81fae4]
V  [jvm.dll+0x7a03ea]
V  [jvm.dll+0x697725]
C  [ucrtbase.dll+0x21bb2]
C  [KERNEL32.DLL+0x17034]
C  [ntdll.dll+0x52651]


siginfo: EXCEPTION_ACCESS_VIOLATION (0xc0000005), reading address 0xffffffffffffffff


Register to memory mapping:

RIP=0x00007ffaf5c648d7 jvm.dll
RAX=0x0000000000007ffa is an unknown value
RBX=0x0000000000000009 is an unknown value
RCX=0x0000011c53653dd0 points into unknown readable memory: 0x00007ffaf6263db0 | b0 3d 26 f6 fa 7f 00 00
RDX=
[error occurred during error reporting (printing register info), id 0xc0000005, EXCEPTION_ACCESS_VIOLATION (0xc0000005) at pc=0x00007ffaf5c2fdea]

Registers:
RAX=0x0000000000007ffa, RBX=0x0000000000000009, RCX=0x0000011c53653dd0, RDX=0x00000000ebb40ec8
RSP=0x00000008f51ff490, RBP=0x00000000ebb40ec8, RSI=0x0000000000000000, RDI=0x0000000000000009
R8 =0x0000000800e965a0, R9 =0x00007ffaf6400b10, R10=0x0000000000000000, R11=0x00000000000000bb
R12=0x08a0000000000005, R13=0x0000000800e965a0, R14=0x0000011c53653c50, R15=0x0000011c53653c50
RIP=0x00007ffaf5c648d7, EFLAGS=0x0000000000010206

Top of Stack: (sp=0x00000008f51ff490)
0x00000008f51ff490:   00000000ebb40ec8 0000000000000000
0x00000008f51ff4a0:   0000000000000009 00007ffaf5c629ff
0x00000008f51ff4b0:   00000000e8ca0c08 0000011c53653dd0
0x00000008f51ff4c0:   0000011c53653c50 00000000ebb40ec8
0x00000008f51ff4d0:   00000000ebb40ec8 08a0000000000005
0x00000008f51ff4e0:   0000000000000001 00007ffaf5c63fc2
0x00000008f51ff4f0:   0000000000000000 0000000000000009
0x00000008f51ff500:   0000011c53653c50 0000000000000001
0x00000008f51ff510:   0000000000000001 00007ffa00000000
0x00000008f51ff520:   0000011c30281530 00007ffaf5c6a3b9
0x00000008f51ff530:   00000008f51ff660 00007ffaf5c6a3b9
0x00000008f51ff540:   0000011c53653dd0 0000000000000000
0x00000008f51ff550:   0000000000000040 0000011c3021fa70
0x00000008f51ff560:   00000008f51ff820 00000000e8ca0c08
0x00000008f51ff570:   0000011c30221e70 0000000000000773
0x00000008f51ff580:   0000011c53653c50 00007ffaf5c65038 

Instructions: (pc=0x00007ffaf5c648d7)
0x00007ffaf5c647d7:   c1 51 20 49 8b 41 18 41 8b ca 44 89 1c 88 48 83
0x00007ffaf5c647e7:   3d 93 cc 80 00 00 74 34 49 8b 7f 10 49 8d 4f 4c
0x00007ffaf5c647f7:   e8 b4 c8 05 00 49 8b 4f 08 48 8d 15 91 f5 5f 00
0x00007ffaf5c64807:   4d 8b 0f 4c 8b c0 48 89 4c 24 28 48 8d 0d cf 7a
0x00007ffaf5c64817:   5f 00 48 89 7c 24 20 e8 fd 41 fc ff 49 8b be 38
0x00007ffaf5c64827:   02 00 00 0f b6 c3 4c 8b 7c 24 70 24 03 3c 01 75
0x00007ffaf5c64837:   0f 48 b8 00 ff ff ff 7f 00 00 00 48 85 d8 74 39
0x00007ffaf5c64847:   48 8b 57 20 48 89 6c 24 30 48 89 5c 24 38 48 3b
0x00007ffaf5c64857:   57 08 75 0a 48 8b cf e8 6d fd f3 ff 33 d2 48 8b
0x00007ffaf5c64867:   47 38 48 8b ca 0f 10 44 24 30 48 03 c9 0f 11 04
0x00007ffaf5c64877:   c8 48 8d 42 01 48 89 47 20 49 8d 8e 40 02 00 00
0x00007ffaf5c64887:   49 8b d4 48 8b 01 ff 10 48 8b 7c 24 68 41 c7 86
0x00007ffaf5c64897:   a0 01 00 00 00 00 00 00 80 3d 43 e2 80 00 00 74
0x00007ffaf5c648a7:   16 44 8b 45 08 8b 0d fe a0 79 00 49 d3 e0 4c 03
0x00007ffaf5c648b7:   05 ec a0 79 00 eb 04 4c 8b 45 08 49 63 40 0c 4c
0x00007ffaf5c648c7:   8d 0d 43 c2 79 00 49 8d 8e 80 01 00 00 48 8b d5
0x00007ffaf5c648d7:   41 ff 14 c1 48 8b c5 48 8b 5c 24 78 48 83 c4 40
0x00007ffaf5c648e7:   41 5e 41 5c 5d c3 cc cc cc 48 89 5c 24 08 57 48
0x00007ffaf5c648f7:   83 ec 20 48 8b 79 10 48 8b da 8b 97 80 00 00 00
0x00007ffaf5c64907:   8b 87 00 01 00 00 8b ca 2b c8 81 e1 ff ff 01 00
0x00007ffaf5c64917:   81 f9 fe ff 01 00 73 24 48 8b 87 80 01 00 00 48
0x00007ffaf5c64927:   89 1c d0 8d 42 01 25 ff ff 01 00 89 87 80 00 00
0x00007ffaf5c64937:   00 48 8b 5c 24 30 48 83 c4 20 5f c3 48 8b 8f a0
0x00007ffaf5c64947:   02 00 00 48 3b 8f 88 02 00 00 75 0e 48 8d 8f 80
0x00007ffaf5c64957:   02 00 00 e8 01 fc f3 ff 33 c9 48 8b 87 b8 02 00
0x00007ffaf5c64967:   00 48 89 1c c8 48 8d 41 01 48 8b 5c 24 30 48 89
0x00007ffaf5c64977:   87 a0 02 00 00 48 83 c4 20 5f c3 cc cc cc cc cc
0x00007ffaf5c64987:   cc cc cc cc cc cc cc cc cc 48 89 5c 24 10 48 89
0x00007ffaf5c64997:   6c 24 18 56 48 83 ec 30 33 db 48 8b ea 48 8b f1
0x00007ffaf5c649a7:   39 59 38 76 55 48 89 7c 24 40 48 8b 46 18 4c 8b
0x00007ffaf5c649b7:   04 d8 8b 45 58 48 8d 0c 80 49 8b 80 20 02 00 00
0x00007ffaf5c649c7:   48 8b 3c c8 48 8b 0e 48 8b 89 98 04 00 00 e8 96 


Stack slot to memory mapping:
stack at sp + 0 slots: 
[error occurred during error reporting (inspecting top of stack), id 0xc0000005, EXCEPTION_ACCESS_VIOLATION (0xc0000005) at pc=0x00007ffaf5c2fdea]


---------------  P R O C E S S  ---------------

Threads class SMR info:
_java_thread_list=0x0000011c4eaff020, length=85, elements={
0x0000011c302016b0, 0x0000011c4a2a1f60, 0x0000011c4a2a33b0, 0x0000011c4a2ae140,
0x0000011c4a2afb60, 0x0000011c4a2b6bd0, 0x0000011c4a2b75c0, 0x0000011c4a2bbf80,
0x0000011c4a2bda30, 0x0000011c4a2d9a30, 0x0000011c4e592010, 0x0000011c4e5a2d20,
0x0000011c4fd796f0, 0x0000011c4fbdab50, 0x0000011c4feb15c0, 0x0000011c4fc3f950,
0x0000011c4fc3fe20, 0x0000011c4fc402f0, 0x0000011c4fc42970, 0x0000011c4fc40c90,
0x0000011c4fc41630, 0x0000011c4fc42e40, 0x0000011c4fc424a0, 0x0000011c4fc3f480,
0x0000011c50fa9860, 0x0000011c50fa5030, 0x0000011c50f876f0, 0x0000011c50f8abe0,
0x0000011c50f85ee0, 0x0000011c50f85070, 0x0000011c50f88560, 0x0000011c50f8ba50,
0x0000011c50f86880, 0x0000011c50f89d70, 0x0000011c50f86d50, 0x0000011c50f8bf20,
0x0000011c50f893d0, 0x0000011c50f88090, 0x0000011c50f846d0, 0x0000011c50f88f00,
0x0000011c50f8a240, 0x0000011c50f8b0b0, 0x0000011c50f8b580, 0x0000011c50f87220,
0x0000011c50f84ba0, 0x0000011c50f87bc0, 0x0000011c50f85540, 0x0000011c4e8ac1e0,
0x0000011c4e8a8820, 0x0000011c4e8a91c0, 0x0000011c4e8a6b40, 0x0000011c4e8ac6b0,
0x0000011c4e8a61a0, 0x0000011c4e8a9b60, 0x0000011c4e8acb80, 0x0000011c4e8a74e0,
0x0000011c4e8ab370, 0x0000011c4e8aa500, 0x0000011c4e8ab840, 0x0000011c4e8aa9d0,
0x0000011c4e8a6670, 0x0000011c4e8ad520, 0x0000011c4e8a9690, 0x0000011c4e8abd10,
0x0000011c4e8ad050, 0x0000011c4e8a7010, 0x0000011c4e8a79b0, 0x0000011c50faa6d0,
0x0000011c50fa5ea0, 0x0000011c50fa4690, 0x0000011c50fa6840, 0x0000011c50fa4b60,
0x0000011c50fa6d10, 0x0000011c50fa8050, 0x0000011c50fa8520, 0x0000011c50fa9390,
0x0000011c50fa89f0, 0x0000011c50faaba0, 0x0000011c50fab070, 0x0000011c50fab540,
0x0000011c4fc41160, 0x0000011c4fc41b00, 0x0000011c4fc41fd0, 0x0000011c547f3a10,
0x0000011c5415f9d0
}

Java Threads: ( => current thread )
  0x0000011c302016b0 JavaThread "main" [_thread_blocked, id=2752, stack(0x00000008f3c00000,0x00000008f3d00000)]
  0x0000011c4a2a1f60 JavaThread "Reference Handler" daemon [_thread_blocked, id=6736, stack(0x00000008f4300000,0x00000008f4400000)]
  0x0000011c4a2a33b0 JavaThread "Finalizer" daemon [_thread_blocked, id=1648, stack(0x00000008f4400000,0x00000008f4500000)]
  0x0000011c4a2ae140 JavaThread "Signal Dispatcher" daemon [_thread_blocked, id=11156, stack(0x00000008f4500000,0x00000008f4600000)]
  0x0000011c4a2afb60 JavaThread "Attach Listener" daemon [_thread_blocked, id=1348, stack(0x00000008f4600000,0x00000008f4700000)]
  0x0000011c4a2b6bd0 JavaThread "Service Thread" daemon [_thread_blocked, id=9464, stack(0x00000008f4700000,0x00000008f4800000)]
  0x0000011c4a2b75c0 JavaThread "Monitor Deflation Thread" daemon [_thread_blocked, id=3304, stack(0x00000008f4800000,0x00000008f4900000)]
  0x0000011c4a2bbf80 JavaThread "C2 CompilerThread0" daemon [_thread_blocked, id=8012, stack(0x00000008f4900000,0x00000008f4a00000)]
  0x0000011c4a2bda30 JavaThread "C1 CompilerThread0" daemon [_thread_blocked, id=3260, stack(0x00000008f4a00000,0x00000008f4b00000)]
  0x0000011c4a2d9a30 JavaThread "Sweeper thread" daemon [_thread_blocked, id=10108, stack(0x00000008f4b00000,0x00000008f4c00000)]
  0x0000011c4e592010 JavaThread "Common-Cleaner" daemon [_thread_blocked, id=7304, stack(0x00000008f4c00000,0x00000008f4d00000)]
  0x0000011c4e5a2d20 JavaThread "Notification Thread" daemon [_thread_blocked, id=10636, stack(0x00000008f4d00000,0x00000008f4e00000)]
  0x0000011c4fd796f0 JavaThread "Daemon health stats" [_thread_blocked, id=5020, stack(0x00000008f5300000,0x00000008f5400000)]
  0x0000011c4fbdab50 JavaThread "Incoming local TCP Connector on port 65495" [_thread_in_native, id=10648, stack(0x00000008f5400000,0x00000008f5500000)]
  0x0000011c4feb15c0 JavaThread "Daemon periodic checks" [_thread_blocked, id=8108, stack(0x00000008f5500000,0x00000008f5600000)]
  0x0000011c4fc3f950 JavaThread "Cache worker for journal cache (C:\Users\Javiera\.gradle\caches\journal-1)" [_thread_blocked, id=2092, stack(0x00000008f5d00000,0x00000008f5e00000)]
  0x0000011c4fc3fe20 JavaThread "File lock request listener" [_thread_in_native, id=6780, stack(0x00000008f5e00000,0x00000008f5f00000)]
  0x0000011c4fc402f0 JavaThread "Cache worker for file hash cache (C:\Users\Javiera\.gradle\caches\7.4.1\fileHashes)" [_thread_blocked, id=960, stack(0x00000008f5f00000,0x00000008f6000000)]
  0x0000011c4fc42970 JavaThread "File watcher server" daemon [_thread_in_native, id=9456, stack(0x00000008f6000000,0x00000008f6100000)]
  0x0000011c4fc40c90 JavaThread "File watcher consumer" daemon [_thread_blocked, id=2508, stack(0x00000008f6100000,0x00000008f6200000)]
  0x0000011c4fc41630 JavaThread "jar transforms" [_thread_blocked, id=1304, stack(0x00000008f6200000,0x00000008f6300000)]
  0x0000011c4fc42e40 JavaThread "jar transforms Thread 2" [_thread_blocked, id=5396, stack(0x00000008f6300000,0x00000008f6400000)]
  0x0000011c4fc424a0 JavaThread "jar transforms Thread 3" [_thread_blocked, id=8056, stack(0x00000008f6400000,0x00000008f6500000)]
  0x0000011c4fc3f480 JavaThread "jar transforms Thread 4" [_thread_blocked, id=4792, stack(0x00000008f6500000,0x00000008f6600000)]
  0x0000011c50fa9860 JavaThread "Cache worker for execution history cache (C:\Users\Javiera\.gradle\caches\7.4.1\executionHistory)" [_thread_blocked, id=372, stack(0x00000008f6a00000,0x00000008f6b00000)]
  0x0000011c50fa5030 JavaThread "Cache worker for file content cache (C:\Users\Javiera\.gradle\caches\7.4.1\fileContent)" [_thread_blocked, id=9016, stack(0x00000008f6b00000,0x00000008f6c00000)]
  0x0000011c50f876f0 JavaThread "Memory manager" [_thread_blocked, id=7988, stack(0x00000008f8300000,0x00000008f8400000)]
  0x0000011c50f8abe0 JavaThread "Daemon Thread 2" [_thread_blocked, id=72, stack(0x00000008f3900000,0x00000008f3a00000)]
  0x0000011c50f85ee0 JavaThread "Handler for socket connection from /127.0.0.1:65495 to /127.0.0.1:49182" [_thread_in_native, id=3784, stack(0x00000008f3a00000,0x00000008f3b00000)]
  0x0000011c50f85070 JavaThread "Cancel handler" [_thread_blocked, id=9516, stack(0x00000008f3b00000,0x00000008f3c00000)]
  0x0000011c50f88560 JavaThread "Daemon worker Thread 2" [_thread_blocked, id=10932, stack(0x00000008f4f00000,0x00000008f5000000)]
  0x0000011c50f8ba50 JavaThread "Asynchronous log dispatcher for DefaultDaemonConnection: socket connection from /127.0.0.1:65495 to /127.0.0.1:49182" [_thread_blocked, id=3564, stack(0x00000008f5600000,0x00000008f5700000)]
  0x0000011c50f86880 JavaThread "Stdin handler" [_thread_blocked, id=8908, stack(0x00000008f5700000,0x00000008f5800000)]
  0x0000011c50f89d70 JavaThread "Daemon client event forwarder" [_thread_blocked, id=2544, stack(0x00000008f5800000,0x00000008f5900000)]
  0x0000011c50f86d50 JavaThread "Cache worker for checksums cache (C:\Users\Javiera\IdeaProjects\backend\.gradle\7.4.1\checksums)" [_thread_blocked, id=2728, stack(0x00000008f5900000,0x00000008f5a00000)]
  0x0000011c50f8bf20 JavaThread "Cache worker for cache directory md-rule (C:\Users\Javiera\.gradle\caches\7.4.1\md-rule)" [_thread_blocked, id=2680, stack(0x00000008f5a00000,0x00000008f5b00000)]
  0x0000011c50f893d0 JavaThread "Cache worker for file hash cache (C:\Users\Javiera\IdeaProjects\backend\.gradle\7.4.1\fileHashes)" [_thread_blocked, id=7364, stack(0x00000008f5b00000,0x00000008f5c00000)]
  0x0000011c50f88090 JavaThread "Cache worker for cache directory md-supplier (C:\Users\Javiera\.gradle\caches\7.4.1\md-supplier)" [_thread_blocked, id=6012, stack(0x00000008f5c00000,0x00000008f5d00000)]
  0x0000011c50f846d0 JavaThread "Cache worker for dependencies-accessors (C:\Users\Javiera\IdeaProjects\backend\.gradle\7.4.1\dependencies-accessors)" [_thread_blocked, id=5224, stack(0x00000008f6600000,0x00000008f6700000)]
  0x0000011c50f88f00 JavaThread "Daemon Thread 3" [_thread_blocked, id=9188, stack(0x00000008f6800000,0x00000008f6900000)]
  0x0000011c50f8a240 JavaThread "Cache worker for Build Output Cleanup Cache (C:\Users\Javiera\IdeaProjects\backend\.gradle\buildOutputCleanup)" [_thread_blocked, id=7216, stack(0x00000008f6700000,0x00000008f6800000)]
  0x0000011c50f8b0b0 JavaThread "Unconstrained build operations" [_thread_blocked, id=3512, stack(0x00000008f6e00000,0x00000008f6f00000)]
  0x0000011c50f8b580 JavaThread "Unconstrained build operations Thread 2" [_thread_blocked, id=3672, stack(0x00000008f6f00000,0x00000008f7000000)]
  0x0000011c50f87220 JavaThread "Unconstrained build operations Thread 3" [_thread_blocked, id=10692, stack(0x00000008f7000000,0x00000008f7100000)]
  0x0000011c50f84ba0 JavaThread "Unconstrained build operations Thread 4" [_thread_blocked, id=11148, stack(0x00000008f7100000,0x00000008f7200000)]
  0x0000011c50f87bc0 JavaThread "Unconstrained build operations Thread 5" [_thread_blocked, id=9700, stack(0x00000008f7200000,0x00000008f7300000)]
  0x0000011c50f85540 JavaThread "Unconstrained build operations Thread 6" [_thread_blocked, id=11196, stack(0x00000008f7300000,0x00000008f7400000)]
  0x0000011c4e8ac1e0 JavaThread "Unconstrained build operations Thread 7" [_thread_blocked, id=2088, stack(0x00000008f7400000,0x00000008f7500000)]
  0x0000011c4e8a8820 JavaThread "Unconstrained build operations Thread 8" [_thread_blocked, id=7700, stack(0x00000008f7500000,0x00000008f7600000)]
  0x0000011c4e8a91c0 JavaThread "Unconstrained build operations Thread 9" [_thread_blocked, id=10056, stack(0x00000008f7600000,0x00000008f7700000)]
  0x0000011c4e8a6b40 JavaThread "Unconstrained build operations Thread 10" [_thread_blocked, id=6124, stack(0x00000008f7700000,0x00000008f7800000)]
  0x0000011c4e8ac6b0 JavaThread "Unconstrained build operations Thread 11" [_thread_blocked, id=11012, stack(0x00000008f7800000,0x00000008f7900000)]
  0x0000011c4e8a61a0 JavaThread "Unconstrained build operations Thread 12" [_thread_blocked, id=8668, stack(0x00000008f7900000,0x00000008f7a00000)]
  0x0000011c4e8a9b60 JavaThread "Unconstrained build operations Thread 13" [_thread_blocked, id=704, stack(0x00000008f7a00000,0x00000008f7b00000)]
  0x0000011c4e8acb80 JavaThread "Unconstrained build operations Thread 14" [_thread_blocked, id=10976, stack(0x00000008f7b00000,0x00000008f7c00000)]
  0x0000011c4e8a74e0 JavaThread "Unconstrained build operations Thread 15" [_thread_blocked, id=9400, stack(0x00000008f7c00000,0x00000008f7d00000)]
  0x0000011c4e8ab370 JavaThread "Unconstrained build operations Thread 16" [_thread_blocked, id=3000, stack(0x00000008f7d00000,0x00000008f7e00000)]
  0x0000011c4e8aa500 JavaThread "Unconstrained build operations Thread 17" [_thread_blocked, id=11020, stack(0x00000008f7e00000,0x00000008f7f00000)]
  0x0000011c4e8ab840 JavaThread "Unconstrained build operations Thread 18" [_thread_blocked, id=2228, stack(0x00000008f7f00000,0x00000008f8000000)]
  0x0000011c4e8aa9d0 JavaThread "Unconstrained build operations Thread 19" [_thread_blocked, id=6556, stack(0x00000008f8000000,0x00000008f8100000)]
  0x0000011c4e8a6670 JavaThread "included builds" [_thread_blocked, id=8284, stack(0x00000008f8100000,0x00000008f8200000)]
  0x0000011c4e8ad520 JavaThread "Cache worker for execution history cache (C:\Users\Javiera\IdeaProjects\backend\.gradle\7.4.1\executionHistory)" [_thread_blocked, id=7976, stack(0x00000008f8700000,0x00000008f8800000)]
  0x0000011c4e8a9690 JavaThread "idea-tooling-model-converter" [_thread_blocked, id=1092, stack(0x00000008f8200000,0x00000008f8300000)]
  0x0000011c4e8abd10 JavaThread "Unconstrained build operations Thread 20" [_thread_blocked, id=2012, stack(0x00000008f8500000,0x00000008f8600000)]
  0x0000011c4e8ad050 JavaThread "Unconstrained build operations Thread 21" [_thread_blocked, id=240, stack(0x00000008f8600000,0x00000008f8700000)]
  0x0000011c4e8a7010 JavaThread "Unconstrained build operations Thread 22" [_thread_blocked, id=7460, stack(0x00000008f8800000,0x00000008f8900000)]
  0x0000011c4e8a79b0 JavaThread "Unconstrained build operations Thread 23" [_thread_blocked, id=9916, stack(0x00000008f8900000,0x00000008f8a00000)]
  0x0000011c50faa6d0 JavaThread "Unconstrained build operations Thread 24" [_thread_blocked, id=7072, stack(0x00000008f8a00000,0x00000008f8b00000)]
  0x0000011c50fa5ea0 JavaThread "Unconstrained build operations Thread 25" [_thread_blocked, id=9540, stack(0x00000008f8b00000,0x00000008f8c00000)]
  0x0000011c50fa4690 JavaThread "Unconstrained build operations Thread 26" [_thread_blocked, id=4820, stack(0x00000008f8c00000,0x00000008f8d00000)]
  0x0000011c50fa6840 JavaThread "Unconstrained build operations Thread 27" [_thread_blocked, id=2560, stack(0x00000008f8d00000,0x00000008f8e00000)]
  0x0000011c50fa4b60 JavaThread "Unconstrained build operations Thread 28" [_thread_blocked, id=1964, stack(0x00000008f8e00000,0x00000008f8f00000)]
  0x0000011c50fa6d10 JavaThread "Unconstrained build operations Thread 29" [_thread_blocked, id=9884, stack(0x00000008f8f00000,0x00000008f9000000)]
  0x0000011c50fa8050 JavaThread "Unconstrained build operations Thread 30" [_thread_blocked, id=9680, stack(0x00000008f9000000,0x00000008f9100000)]
  0x0000011c50fa8520 JavaThread "Unconstrained build operations Thread 31" [_thread_blocked, id=3360, stack(0x00000008f9100000,0x00000008f9200000)]
  0x0000011c50fa9390 JavaThread "Unconstrained build operations Thread 32" [_thread_blocked, id=4020, stack(0x00000008f9200000,0x00000008f9300000)]
  0x0000011c50fa89f0 JavaThread "Unconstrained build operations Thread 33" [_thread_blocked, id=3012, stack(0x00000008f9300000,0x00000008f9400000)]
  0x0000011c50faaba0 JavaThread "Unconstrained build operations Thread 34" [_thread_blocked, id=6132, stack(0x00000008f9400000,0x00000008f9500000)]
  0x0000011c50fab070 JavaThread "Unconstrained build operations Thread 35" [_thread_blocked, id=10688, stack(0x00000008f9500000,0x00000008f9600000)]
  0x0000011c50fab540 JavaThread "Unconstrained build operations Thread 36" [_thread_blocked, id=10152, stack(0x00000008f9600000,0x00000008f9700000)]
  0x0000011c4fc41160 JavaThread "Unconstrained build operations Thread 37" [_thread_blocked, id=10112, stack(0x00000008f9700000,0x00000008f9800000)]
  0x0000011c4fc41b00 JavaThread "Unconstrained build operations Thread 38" [_thread_blocked, id=4236, stack(0x00000008f9800000,0x00000008f9900000)]
  0x0000011c4fc41fd0 JavaThread "Unconstrained build operations Thread 39" [_thread_blocked, id=7572, stack(0x00000008f9900000,0x00000008f9a00000)]
  0x0000011c547f3a10 JavaThread "Unconstrained build operations Thread 40" [_thread_blocked, id=2300, stack(0x00000008f9a00000,0x00000008f9b00000)]
  0x0000011c5415f9d0 JavaThread "C2 CompilerThread1" daemon [_thread_blocked, id=1184, stack(0x00000008f6900000,0x00000008f6a00000)]

Other Threads:
  0x0000011c30248a60 VMThread "VM Thread" [stack: 0x00000008f4200000,0x00000008f4300000] [id=4260]
  0x0000011c4e5a7a20 WatcherThread "VM Periodic Task Thread" [stack: 0x00000008f4e00000,0x00000008f4f00000] [id=9304]
  0x0000011c30234700 WorkerThread "GC Thread#0" [stack: 0x00000008f3d00000,0x00000008f3e00000] [id=7012]
  0x0000011c4e9ad010 WorkerThread "GC Thread#1" [stack: 0x00000008f5000000,0x00000008f5100000] [id=1268]
=>0x0000011c4e918c70 WorkerThread "GC Thread#2" [stack: 0x00000008f5100000,0x00000008f5200000] [id=2152]
  0x0000011c4eaf0510 WorkerThread "GC Thread#3" [stack: 0x00000008f5200000,0x00000008f5300000] [id=6940]
  0x0000011c3023a550 ConcurrentGCThread "G1 Main Marker" [stack: 0x00000008f3e00000,0x00000008f3f00000] [id=3400]
  0x0000011c3023b5f0 WorkerThread "G1 Conc#0" [stack: 0x00000008f3f00000,0x00000008f4000000] [id=2296]
  0x0000011c302a83b0 ConcurrentGCThread "G1 Refine#0" [stack: 0x00000008f4000000,0x00000008f4100000] [id=312]
  0x0000011c4e69d160 ConcurrentGCThread "G1 Refine#1" [stack: 0x00000008f6c00000,0x00000008f6d00000] [id=2572]
  0x0000011c4e69df70 ConcurrentGCThread "G1 Refine#2" [stack: 0x00000008f6d00000,0x00000008f6e00000] [id=3788]
  0x0000011c4e69e7e0 ConcurrentGCThread "G1 Refine#3" [stack: 0x00000008f8400000,0x00000008f8500000] [id=3252]
  0x0000011c302a8bd0 ConcurrentGCThread "G1 Service" [stack: 0x00000008f4100000,0x00000008f4200000] [id=8424]

Threads with active compile tasks:
C2 CompilerThread0   220073 12415   !   4       io.spring.gradle.dependencymanagement.org.codehaus.plexus.interpolation.StringSearchInterpolator::interpolate (665 bytes)
C2 CompilerThread1   220073 12424       4       java.util.HashMap::putMapEntries (167 bytes)

VM state: at safepoint (normal execution)

VM Mutex/Monitor currently owned by a thread:  ([mutex/lock_event])
[0x0000011c301feee0] Threads_lock - owner thread: 0x0000011c30248a60
[0x0000011c30200170] Heap_lock - owner thread: 0x0000011c4fc3f950

Heap address: 0x00000000e0000000, size: 512 MB, Compressed Oops mode: 32-bit

CDS archive(s) mapped at: [0x0000000800000000-0x0000000800ba0000-0x0000000800ba0000), size 12189696, SharedBaseAddress: 0x0000000800000000, ArchiveRelocationMode: 0.
Compressed class space mapped at: 0x0000000800c00000-0x000000080dc00000, reserved size: 218103808
Narrow klass base: 0x0000000800000000, Narrow klass shift: 0, Narrow klass range: 0x100000000

GC Precious Log:
 CardTable entry size: 512
 Card Set container configuration: InlinePtr #cards 5 size 8 Array Of Cards #cards 12 size 40 Howl #buckets 4 coarsen threshold 1843 Howl Bitmap #cards 512 size 80 coarsen threshold 460 Card regions per heap region 1 cards per card region 2048
 CPUs: 4 total, 4 available
 Memory: 8098M
 Large Page Support: Disabled
 NUMA Support: Disabled
 Compressed Oops: Enabled (32-bit)
 Heap Region Size: 1M
 Heap Min Capacity: 256M
 Heap Initial Capacity: 256M
 Heap Max Capacity: 512M
 Pre-touch: Disabled
 Parallel Workers: 4
 Concurrent Workers: 1
 Concurrent Refinement Workers: 4
 Periodic GC: Disabled

Heap:
 garbage-first heap   total 275456K, used 160597K [0x00000000e0000000, 0x0000000100000000)
  region size 1024K, 11 young (11264K), 1 survivors (1024K)
 Metaspace       used 75627K, committed 77632K, reserved 344064K
  class space    used 10113K, committed 11136K, reserved 212992K

Heap Regions: E=young(eden), S=young(survivor), O=old, HS=humongous(starts), HC=humongous(continues), CS=collection set, F=free, OA=open archive, CA=closed archive, TAMS=top-at-mark-start (previous, next)
|   0|0x00000000e0000000, 0x00000000e0100000, 0x00000000e0100000|100%|HS|  |TAMS 0x00000000e0100000, 0x00000000e0000000| Complete 
|   1|0x00000000e0100000, 0x00000000e0200000, 0x00000000e0200000|100%|HC|  |TAMS 0x00000000e0200000, 0x00000000e0100000| Complete 
|   2|0x00000000e0200000, 0x00000000e0300000, 0x00000000e0300000|100%|HC|  |TAMS 0x00000000e0300000, 0x00000000e0200000| Complete 
|   3|0x00000000e0300000, 0x00000000e0400000, 0x00000000e0400000|100%| O|  |TAMS 0x00000000e0400000, 0x00000000e0300000| Untracked 
|   4|0x00000000e0400000, 0x00000000e0500000, 0x00000000e0500000|100%| O|  |TAMS 0x00000000e0500000, 0x00000000e0400000| Untracked 
|   5|0x00000000e0500000, 0x00000000e0600000, 0x00000000e0600000|100%| O|  |TAMS 0x00000000e0600000, 0x00000000e0500000| Untracked 
|   6|0x00000000e0600000, 0x00000000e0700000, 0x00000000e0700000|100%| O|  |TAMS 0x00000000e0700000, 0x00000000e0600000| Untracked 
|   7|0x00000000e0700000, 0x00000000e0800000, 0x00000000e0800000|100%| O|  |TAMS 0x00000000e0800000, 0x00000000e0700000| Untracked 
|   8|0x00000000e0800000, 0x00000000e0900000, 0x00000000e0900000|100%| O|  |TAMS 0x00000000e0900000, 0x00000000e0800000| Untracked 
|   9|0x00000000e0900000, 0x00000000e0a00000, 0x00000000e0a00000|100%| O|  |TAMS 0x00000000e0a00000, 0x00000000e0900000| Untracked 
|  10|0x00000000e0a00000, 0x00000000e0b00000, 0x00000000e0b00000|100%| O|  |TAMS 0x00000000e0b00000, 0x00000000e0a00000| Untracked 
|  11|0x00000000e0b00000, 0x00000000e0c00000, 0x00000000e0c00000|100%|HS|  |TAMS 0x00000000e0c00000, 0x00000000e0b00000| Complete 
|  12|0x00000000e0c00000, 0x00000000e0d00000, 0x00000000e0d00000|100%|HC|  |TAMS 0x00000000e0d00000, 0x00000000e0c00000| Complete 
|  13|0x00000000e0d00000, 0x00000000e0e00000, 0x00000000e0e00000|100%|HS|  |TAMS 0x00000000e0e00000, 0x00000000e0d00000| Complete 
|  14|0x00000000e0e00000, 0x00000000e0f00000, 0x00000000e0f00000|100%|HC|  |TAMS 0x00000000e0f00000, 0x00000000e0e00000| Complete 
|  15|0x00000000e0f00000, 0x00000000e1000000, 0x00000000e1000000|100%|HC|  |TAMS 0x00000000e1000000, 0x00000000e0f00000| Complete 
|  16|0x00000000e1000000, 0x00000000e1100000, 0x00000000e1100000|100%|HS|  |TAMS 0x00000000e1100000, 0x00000000e1000000| Complete 
|  17|0x00000000e1100000, 0x00000000e1200000, 0x00000000e1200000|100%|HC|  |TAMS 0x00000000e1200000, 0x00000000e1100000| Complete 
|  18|0x00000000e1200000, 0x00000000e1300000, 0x00000000e1300000|100%|HC|  |TAMS 0x00000000e1300000, 0x00000000e1200000| Complete 
|  19|0x00000000e1300000, 0x00000000e1400000, 0x00000000e1400000|100%|HS|  |TAMS 0x00000000e1400000, 0x00000000e1300000| Complete 
|  20|0x00000000e1400000, 0x00000000e1500000, 0x00000000e1500000|100%|HC|  |TAMS 0x00000000e1500000, 0x00000000e1400000| Complete 
|  21|0x00000000e1500000, 0x00000000e1600000, 0x00000000e1600000|100%|HS|  |TAMS 0x00000000e1600000, 0x00000000e1500000| Complete 
|  22|0x00000000e1600000, 0x00000000e1700000, 0x00000000e1700000|100%|HC|  |TAMS 0x00000000e1700000, 0x00000000e1600000| Complete 
|  23|0x00000000e1700000, 0x00000000e1800000, 0x00000000e1800000|100%| O|  |TAMS 0x00000000e1800000, 0x00000000e1700000| Untracked 
|  24|0x00000000e1800000, 0x00000000e1900000, 0x00000000e1900000|100%| O|  |TAMS 0x00000000e1900000, 0x00000000e1800000| Untracked 
|  25|0x00000000e1900000, 0x00000000e1a00000, 0x00000000e1a00000|100%| O|  |TAMS 0x00000000e1a00000, 0x00000000e1900000| Untracked 
|  26|0x00000000e1a00000, 0x00000000e1b00000, 0x00000000e1b00000|100%| O|  |TAMS 0x00000000e1b00000, 0x00000000e1a00000| Untracked 
|  27|0x00000000e1b00000, 0x00000000e1c00000, 0x00000000e1c00000|100%| O|  |TAMS 0x00000000e1c00000, 0x00000000e1b00000| Untracked 
|  28|0x00000000e1c00000, 0x00000000e1d00000, 0x00000000e1d00000|100%| O|  |TAMS 0x00000000e1d00000, 0x00000000e1c00000| Untracked 
|  29|0x00000000e1d00000, 0x00000000e1e00000, 0x00000000e1e00000|100%| O|  |TAMS 0x00000000e1e00000, 0x00000000e1d00000| Untracked 
|  30|0x00000000e1e00000, 0x00000000e1f00000, 0x00000000e1f00000|100%| O|  |TAMS 0x00000000e1f00000, 0x00000000e1e00000| Untracked 
|  31|0x00000000e1f00000, 0x00000000e2000000, 0x00000000e2000000|100%| O|  |TAMS 0x00000000e2000000, 0x00000000e1f00000| Untracked 
|  32|0x00000000e2000000, 0x00000000e2100000, 0x00000000e2100000|100%| O|  |TAMS 0x00000000e2100000, 0x00000000e2000000| Untracked 
|  33|0x00000000e2100000, 0x00000000e2200000, 0x00000000e2200000|100%| O|  |TAMS 0x00000000e2200000, 0x00000000e2100000| Untracked 
|  34|0x00000000e2200000, 0x00000000e2300000, 0x00000000e2300000|100%| O|  |TAMS 0x00000000e2300000, 0x00000000e2200000| Untracked 
|  35|0x00000000e2300000, 0x00000000e2400000, 0x00000000e2400000|100%| O|  |TAMS 0x00000000e2400000, 0x00000000e2300000| Untracked 
|  36|0x00000000e2400000, 0x00000000e2500000, 0x00000000e2500000|100%|HS|  |TAMS 0x00000000e2500000, 0x00000000e2400000| Complete 
|  37|0x00000000e2500000, 0x00000000e2600000, 0x00000000e2600000|100%|HC|  |TAMS 0x00000000e2600000, 0x00000000e2500000| Complete 
|  38|0x00000000e2600000, 0x00000000e2700000, 0x00000000e2700000|100%|HC|  |TAMS 0x00000000e2700000, 0x00000000e2600000| Complete 
|  39|0x00000000e2700000, 0x00000000e2800000, 0x00000000e2800000|100%|HC|  |TAMS 0x00000000e2800000, 0x00000000e2700000| Complete 
|  40|0x00000000e2800000, 0x00000000e2900000, 0x00000000e2900000|100%|HC|  |TAMS 0x00000000e2900000, 0x00000000e2800000| Complete 
|  41|0x00000000e2900000, 0x00000000e2a00000, 0x00000000e2a00000|100%|HC|  |TAMS 0x00000000e2a00000, 0x00000000e2900000| Complete 
|  42|0x00000000e2a00000, 0x00000000e2b00000, 0x00000000e2b00000|100%|HC|  |TAMS 0x00000000e2b00000, 0x00000000e2a00000| Complete 
|  43|0x00000000e2b00000, 0x00000000e2c00000, 0x00000000e2c00000|100%|HC|  |TAMS 0x00000000e2c00000, 0x00000000e2b00000| Complete 
|  44|0x00000000e2c00000, 0x00000000e2d00000, 0x00000000e2d00000|100%|HC|  |TAMS 0x00000000e2d00000, 0x00000000e2c00000| Complete 
|  45|0x00000000e2d00000, 0x00000000e2e00000, 0x00000000e2e00000|100%|HC|  |TAMS 0x00000000e2e00000, 0x00000000e2d00000| Complete 
|  46|0x00000000e2e00000, 0x00000000e2f00000, 0x00000000e2f00000|100%|HC|  |TAMS 0x00000000e2f00000, 0x00000000e2e00000| Complete 
|  47|0x00000000e2f00000, 0x00000000e3000000, 0x00000000e3000000|100%|HC|  |TAMS 0x00000000e3000000, 0x00000000e2f00000| Complete 
|  48|0x00000000e3000000, 0x00000000e3100000, 0x00000000e3100000|100%|HS|  |TAMS 0x00000000e3100000, 0x00000000e3000000| Complete 
|  49|0x00000000e3100000, 0x00000000e3200000, 0x00000000e3200000|100%|HC|  |TAMS 0x00000000e3200000, 0x00000000e3100000| Complete 
|  50|0x00000000e3200000, 0x00000000e3300000, 0x00000000e3300000|100%|HC|  |TAMS 0x00000000e3300000, 0x00000000e3200000| Complete 
|  51|0x00000000e3300000, 0x00000000e3400000, 0x00000000e3400000|100%|HS|  |TAMS 0x00000000e3400000, 0x00000000e3300000| Complete 
|  52|0x00000000e3400000, 0x00000000e3500000, 0x00000000e3500000|100%|HC|  |TAMS 0x00000000e3500000, 0x00000000e3400000| Complete 
|  53|0x00000000e3500000, 0x00000000e3600000, 0x00000000e3600000|100%|HS|  |TAMS 0x00000000e3600000, 0x00000000e3500000| Complete 
|  54|0x00000000e3600000, 0x00000000e3700000, 0x00000000e3700000|100%|HC|  |TAMS 0x00000000e3700000, 0x00000000e3600000| Complete 
|  55|0x00000000e3700000, 0x00000000e3800000, 0x00000000e3800000|100%|HC|  |TAMS 0x00000000e3800000, 0x00000000e3700000| Complete 
|  56|0x00000000e3800000, 0x00000000e3900000, 0x00000000e3900000|100%|HS|  |TAMS 0x00000000e3900000, 0x00000000e3800000| Complete 
|  57|0x00000000e3900000, 0x00000000e3a00000, 0x00000000e3a00000|100%|HC|  |TAMS 0x00000000e3a00000, 0x00000000e3900000| Complete 
|  58|0x00000000e3a00000, 0x00000000e3b00000, 0x00000000e3b00000|100%|HC|  |TAMS 0x00000000e3b00000, 0x00000000e3a00000| Complete 
|  59|0x00000000e3b00000, 0x00000000e3c00000, 0x00000000e3c00000|100%|HC|  |TAMS 0x00000000e3c00000, 0x00000000e3b00000| Complete 
|  60|0x00000000e3c00000, 0x00000000e3d00000, 0x00000000e3d00000|100%|HC|  |TAMS 0x00000000e3d00000, 0x00000000e3c00000| Complete 
|  61|0x00000000e3d00000, 0x00000000e3e00000, 0x00000000e3e00000|100%|HC|  |TAMS 0x00000000e3e00000, 0x00000000e3d00000| Complete 
|  62|0x00000000e3e00000, 0x00000000e3f00000, 0x00000000e3f00000|100%|HC|  |TAMS 0x00000000e3f00000, 0x00000000e3e00000| Complete 
|  63|0x00000000e3f00000, 0x00000000e4000000, 0x00000000e4000000|100%|HC|  |TAMS 0x00000000e4000000, 0x00000000e3f00000| Complete 
|  64|0x00000000e4000000, 0x00000000e4100000, 0x00000000e4100000|100%|HC|  |TAMS 0x00000000e4100000, 0x00000000e4000000| Complete 
|  65|0x00000000e4100000, 0x00000000e4200000, 0x00000000e4200000|100%|HC|  |TAMS 0x00000000e4200000, 0x00000000e4100000| Complete 
|  66|0x00000000e4200000, 0x00000000e4300000, 0x00000000e4300000|100%|HC|  |TAMS 0x00000000e4300000, 0x00000000e4200000| Complete 
|  67|0x00000000e4300000, 0x00000000e4400000, 0x00000000e4400000|100%|HS|  |TAMS 0x00000000e4400000, 0x00000000e4300000| Complete 
|  68|0x00000000e4400000, 0x00000000e4500000, 0x00000000e4500000|100%|HC|  |TAMS 0x00000000e4500000, 0x00000000e4400000| Complete 
|  69|0x00000000e4500000, 0x00000000e4600000, 0x00000000e4600000|100%|HS|  |TAMS 0x00000000e4600000, 0x00000000e4500000| Complete 
|  70|0x00000000e4600000, 0x00000000e4700000, 0x00000000e4700000|100%|HC|  |TAMS 0x00000000e4700000, 0x00000000e4600000| Complete 
|  71|0x00000000e4700000, 0x00000000e4800000, 0x00000000e4800000|100%|HS|  |TAMS 0x00000000e4800000, 0x00000000e4700000| Complete 
|  72|0x00000000e4800000, 0x00000000e4900000, 0x00000000e4900000|100%|HC|  |TAMS 0x00000000e4900000, 0x00000000e4800000| Complete 
|  73|0x00000000e4900000, 0x00000000e4a00000, 0x00000000e4a00000|100%|HC|  |TAMS 0x00000000e4a00000, 0x00000000e4900000| Complete 
|  74|0x00000000e4a00000, 0x00000000e4b00000, 0x00000000e4b00000|100%|HS|  |TAMS 0x00000000e4b00000, 0x00000000e4a00000| Complete 
|  75|0x00000000e4b00000, 0x00000000e4c00000, 0x00000000e4c00000|100%|HC|  |TAMS 0x00000000e4c00000, 0x00000000e4b00000| Complete 
|  76|0x00000000e4c00000, 0x00000000e4d00000, 0x00000000e4d00000|100%|HC|  |TAMS 0x00000000e4d00000, 0x00000000e4c00000| Complete 
|  77|0x00000000e4d00000, 0x00000000e4e00000, 0x00000000e4e00000|100%|HS|  |TAMS 0x00000000e4e00000, 0x00000000e4d00000| Complete 
|  78|0x00000000e4e00000, 0x00000000e4f00000, 0x00000000e4f00000|100%|HC|  |TAMS 0x00000000e4f00000, 0x00000000e4e00000| Complete 
|  79|0x00000000e4f00000, 0x00000000e5000000, 0x00000000e5000000|100%|HS|  |TAMS 0x00000000e5000000, 0x00000000e4f00000| Complete 
|  80|0x00000000e5000000, 0x00000000e5100000, 0x00000000e5100000|100%|HC|  |TAMS 0x00000000e5100000, 0x00000000e5000000| Complete 
|  81|0x00000000e5100000, 0x00000000e5200000, 0x00000000e5200000|100%|HC|  |TAMS 0x00000000e5200000, 0x00000000e5100000| Complete 
|  82|0x00000000e5200000, 0x00000000e5300000, 0x00000000e5300000|100%|HC|  |TAMS 0x00000000e5300000, 0x00000000e5200000| Complete 
|  83|0x00000000e5300000, 0x00000000e5400000, 0x00000000e5400000|100%|HC|  |TAMS 0x00000000e5400000, 0x00000000e5300000| Complete 
|  84|0x00000000e5400000, 0x00000000e5500000, 0x00000000e5500000|100%|HC|  |TAMS 0x00000000e5500000, 0x00000000e5400000| Complete 
|  85|0x00000000e5500000, 0x00000000e5600000, 0x00000000e5600000|100%|HC|  |TAMS 0x00000000e5600000, 0x00000000e5500000| Complete 
|  86|0x00000000e5600000, 0x00000000e5700000, 0x00000000e5700000|100%|HC|  |TAMS 0x00000000e5700000, 0x00000000e5600000| Complete 
|  87|0x00000000e5700000, 0x00000000e5800000, 0x00000000e5800000|100%|HC|  |TAMS 0x00000000e5800000, 0x00000000e5700000| Complete 
|  88|0x00000000e5800000, 0x00000000e5900000, 0x00000000e5900000|100%|HC|  |TAMS 0x00000000e5900000, 0x00000000e5800000| Complete 
|  89|0x00000000e5900000, 0x00000000e5a00000, 0x00000000e5a00000|100%|HC|  |TAMS 0x00000000e5a00000, 0x00000000e5900000| Complete 
|  90|0x00000000e5a00000, 0x00000000e5b00000, 0x00000000e5b00000|100%|HS|  |TAMS 0x00000000e5b00000, 0x00000000e5a00000| Complete 
|  91|0x00000000e5b00000, 0x00000000e5c00000, 0x00000000e5c00000|100%|HC|  |TAMS 0x00000000e5c00000, 0x00000000e5b00000| Complete 
|  92|0x00000000e5c00000, 0x00000000e5d00000, 0x00000000e5d00000|100%| O|  |TAMS 0x00000000e5d00000, 0x00000000e5c00000| Untracked 
|  93|0x00000000e5d00000, 0x00000000e5e00000, 0x00000000e5e00000|100%| O|  |TAMS 0x00000000e5e00000, 0x00000000e5d00000| Untracked 
|  94|0x00000000e5e00000, 0x00000000e5f00000, 0x00000000e5f00000|100%| O|  |TAMS 0x00000000e5f00000, 0x00000000e5e00000| Untracked 
|  95|0x00000000e5f00000, 0x00000000e6000000, 0x00000000e6000000|100%| O|  |TAMS 0x00000000e6000000, 0x00000000e5f00000| Untracked 
|  96|0x00000000e6000000, 0x00000000e6100000, 0x00000000e6100000|100%| O|  |TAMS 0x00000000e6100000, 0x00000000e6000000| Untracked 
|  97|0x00000000e6100000, 0x00000000e6200000, 0x00000000e6200000|100%| O|  |TAMS 0x00000000e6200000, 0x00000000e6100000| Untracked 
|  98|0x00000000e6200000, 0x00000000e6300000, 0x00000000e6300000|100%| O|CS|TAMS 0x00000000e6300000, 0x00000000e6200000| Complete 
|  99|0x00000000e6300000, 0x00000000e6400000, 0x00000000e6400000|100%| O|  |TAMS 0x00000000e6300000, 0x00000000e6300000| Untracked 
| 100|0x00000000e6400000, 0x00000000e6500000, 0x00000000e6500000|100%| O|  |TAMS 0x00000000e6500000, 0x00000000e6400000| Untracked 
| 101|0x00000000e6500000, 0x00000000e6600000, 0x00000000e6600000|100%| O|  |TAMS 0x00000000e6600000, 0x00000000e6500000| Untracked 
| 102|0x00000000e6600000, 0x00000000e6700000, 0x00000000e6700000|100%| O|  |TAMS 0x00000000e6700000, 0x00000000e6600000| Untracked 
| 103|0x00000000e6700000, 0x00000000e6800000, 0x00000000e6800000|100%| O|  |TAMS 0x00000000e6800000, 0x00000000e6700000| Untracked 
| 104|0x00000000e6800000, 0x00000000e6900000, 0x00000000e6900000|100%| O|  |TAMS 0x00000000e6900000, 0x00000000e6800000| Untracked 
| 105|0x00000000e6900000, 0x00000000e6a00000, 0x00000000e6a00000|100%| O|  |TAMS 0x00000000e6a00000, 0x00000000e6900000| Untracked 
| 106|0x00000000e6a00000, 0x00000000e6b00000, 0x00000000e6b00000|100%| O|  |TAMS 0x00000000e6b00000, 0x00000000e6a00000| Untracked 
| 107|0x00000000e6b00000, 0x00000000e6c00000, 0x00000000e6c00000|100%| O|  |TAMS 0x00000000e6c00000, 0x00000000e6b00000| Untracked 
| 108|0x00000000e6c00000, 0x00000000e6d00000, 0x00000000e6d00000|100%| O|  |TAMS 0x00000000e6d00000, 0x00000000e6c00000| Untracked 
| 109|0x00000000e6d00000, 0x00000000e6e00000, 0x00000000e6e00000|100%| O|  |TAMS 0x00000000e6e00000, 0x00000000e6d00000| Untracked 
| 110|0x00000000e6e00000, 0x00000000e6f00000, 0x00000000e6f00000|100%| O|  |TAMS 0x00000000e6f00000, 0x00000000e6e00000| Untracked 
| 111|0x00000000e6f00000, 0x00000000e7000000, 0x00000000e7000000|100%| O|  |TAMS 0x00000000e7000000, 0x00000000e6f00000| Untracked 
| 112|0x00000000e7000000, 0x00000000e7100000, 0x00000000e7100000|100%| O|  |TAMS 0x00000000e7100000, 0x00000000e7000000| Untracked 
| 113|0x00000000e7100000, 0x00000000e7200000, 0x00000000e7200000|100%| O|  |TAMS 0x00000000e7200000, 0x00000000e7100000| Untracked 
| 114|0x00000000e7200000, 0x00000000e7300000, 0x00000000e7300000|100%| O|  |TAMS 0x00000000e7300000, 0x00000000e7200000| Untracked 
| 115|0x00000000e7300000, 0x00000000e7400000, 0x00000000e7400000|100%| O|  |TAMS 0x00000000e7400000, 0x00000000e7300000| Untracked 
| 116|0x00000000e7400000, 0x00000000e7500000, 0x00000000e7500000|100%| O|  |TAMS 0x00000000e7500000, 0x00000000e7400000| Untracked 
| 117|0x00000000e7500000, 0x00000000e7600000, 0x00000000e7600000|100%| O|  |TAMS 0x00000000e7600000, 0x00000000e7500000| Untracked 
| 118|0x00000000e7600000, 0x00000000e7700000, 0x00000000e7700000|100%| O|  |TAMS 0x00000000e7700000, 0x00000000e7600000| Untracked 
| 119|0x00000000e7700000, 0x00000000e7800000, 0x00000000e7800000|100%| O|  |TAMS 0x00000000e7800000, 0x00000000e7700000| Untracked 
| 120|0x00000000e7800000, 0x00000000e7900000, 0x00000000e7900000|100%| O|  |TAMS 0x00000000e7900000, 0x00000000e7800000| Untracked 
| 121|0x00000000e7900000, 0x00000000e7a00000, 0x00000000e7a00000|100%| O|  |TAMS 0x00000000e7a00000, 0x00000000e7900000| Untracked 
| 122|0x00000000e7a00000, 0x00000000e7b00000, 0x00000000e7b00000|100%| O|  |TAMS 0x00000000e7b00000, 0x00000000e7a00000| Untracked 
| 123|0x00000000e7b00000, 0x00000000e7c00000, 0x00000000e7c00000|100%| O|  |TAMS 0x00000000e7c00000, 0x00000000e7b00000| Untracked 
| 124|0x00000000e7c00000, 0x00000000e7d00000, 0x00000000e7d00000|100%| O|  |TAMS 0x00000000e7d00000, 0x00000000e7c00000| Untracked 
| 125|0x00000000e7d00000, 0x00000000e7e00000, 0x00000000e7e00000|100%| O|  |TAMS 0x00000000e7e00000, 0x00000000e7d00000| Untracked 
| 126|0x00000000e7e00000, 0x00000000e7f00000, 0x00000000e7f00000|100%| O|  |TAMS 0x00000000e7f00000, 0x00000000e7e00000| Untracked 
| 127|0x00000000e7f00000, 0x00000000e8000000, 0x00000000e8000000|100%| O|  |TAMS 0x00000000e8000000, 0x00000000e7f00000| Untracked 
| 128|0x00000000e8000000, 0x00000000e8100000, 0x00000000e8100000|100%| O|  |TAMS 0x00000000e8100000, 0x00000000e8000000| Untracked 
| 129|0x00000000e8100000, 0x00000000e8200000, 0x00000000e8200000|100%| O|  |TAMS 0x00000000e8200000, 0x00000000e8100000| Untracked 
| 130|0x00000000e8200000, 0x00000000e8300000, 0x00000000e8300000|100%| O|  |TAMS 0x00000000e8300000, 0x00000000e8200000| Untracked 
| 131|0x00000000e8300000, 0x00000000e8400000, 0x00000000e8400000|100%| O|  |TAMS 0x00000000e8400000, 0x00000000e8300000| Untracked 
| 132|0x00000000e8400000, 0x00000000e8500000, 0x00000000e8500000|100%| O|  |TAMS 0x00000000e8500000, 0x00000000e8400000| Untracked 
| 133|0x00000000e8500000, 0x00000000e8600000, 0x00000000e8600000|100%| O|  |TAMS 0x00000000e8600000, 0x00000000e8500000| Untracked 
| 134|0x00000000e8600000, 0x00000000e8700000, 0x00000000e8700000|100%| O|  |TAMS 0x00000000e868b600, 0x00000000e8600000| Untracked 
| 135|0x00000000e8700000, 0x00000000e8800000, 0x00000000e8800000|100%| O|  |TAMS 0x00000000e8700000, 0x00000000e8700000| Untracked 
| 136|0x00000000e8800000, 0x00000000e8900000, 0x00000000e8900000|100%| O|  |TAMS 0x00000000e8800000, 0x00000000e8800000| Untracked 
| 137|0x00000000e8900000, 0x00000000e8a00000, 0x00000000e8a00000|100%| O|  |TAMS 0x00000000e8900000, 0x00000000e8900000| Untracked 
| 138|0x00000000e8a00000, 0x00000000e8b00000, 0x00000000e8b00000|100%| O|  |TAMS 0x00000000e8a00000, 0x00000000e8a00000| Untracked 
| 139|0x00000000e8b00000, 0x00000000e8c00000, 0x00000000e8c00000|100%| O|  |TAMS 0x00000000e8b00000, 0x00000000e8b00000| Untracked 
| 140|0x00000000e8c00000, 0x00000000e8d00000, 0x00000000e8d00000|100%| O|  |TAMS 0x00000000e8c00000, 0x00000000e8c00000| Untracked 
| 141|0x00000000e8d00000, 0x00000000e8e00000, 0x00000000e8e00000|100%| O|  |TAMS 0x00000000e8d00000, 0x00000000e8d00000| Untracked 
| 142|0x00000000e8e00000, 0x00000000e8f00000, 0x00000000e8f00000|100%| O|  |TAMS 0x00000000e8e00000, 0x00000000e8e00000| Untracked 
| 143|0x00000000e8f00000, 0x00000000e8f00000, 0x00000000e9000000|  0%| F|  |TAMS 0x00000000e8f00000, 0x00000000e8f00000| Untracked 
| 144|0x00000000e9000000, 0x00000000e9000000, 0x00000000e9100000|  0%| F|  |TAMS 0x00000000e9000000, 0x00000000e9000000| Untracked 
| 145|0x00000000e9100000, 0x00000000e9100000, 0x00000000e9200000|  0%| F|  |TAMS 0x00000000e9100000, 0x00000000e9100000| Untracked 
| 146|0x00000000e9200000, 0x00000000e9200000, 0x00000000e9300000|  0%| F|  |TAMS 0x00000000e9200000, 0x00000000e9200000| Untracked 
| 147|0x00000000e9300000, 0x00000000e9300000, 0x00000000e9400000|  0%| F|  |TAMS 0x00000000e9300000, 0x00000000e9300000| Untracked 
| 148|0x00000000e9400000, 0x00000000e9400000, 0x00000000e9500000|  0%| F|  |TAMS 0x00000000e9400000, 0x00000000e9400000| Untracked 
| 149|0x00000000e9500000, 0x00000000e9500000, 0x00000000e9600000|  0%| F|  |TAMS 0x00000000e9500000, 0x00000000e9500000| Untracked 
| 150|0x00000000e9600000, 0x00000000e9600000, 0x00000000e9700000|  0%| F|  |TAMS 0x00000000e9600000, 0x00000000e9600000| Untracked 
| 151|0x00000000e9700000, 0x00000000e9700000, 0x00000000e9800000|  0%| F|  |TAMS 0x00000000e9700000, 0x00000000e9700000| Untracked 
| 152|0x00000000e9800000, 0x00000000e9800000, 0x00000000e9900000|  0%| F|  |TAMS 0x00000000e9800000, 0x00000000e9800000| Untracked 
| 153|0x00000000e9900000, 0x00000000e9900000, 0x00000000e9a00000|  0%| F|  |TAMS 0x00000000e9900000, 0x00000000e9900000| Untracked 
| 154|0x00000000e9a00000, 0x00000000e9a00000, 0x00000000e9b00000|  0%| F|  |TAMS 0x00000000e9a00000, 0x00000000e9a00000| Untracked 
| 155|0x00000000e9b00000, 0x00000000e9b00000, 0x00000000e9c00000|  0%| F|  |TAMS 0x00000000e9b00000, 0x00000000e9b00000| Untracked 
| 156|0x00000000e9c00000, 0x00000000e9c00000, 0x00000000e9d00000|  0%| F|  |TAMS 0x00000000e9c00000, 0x00000000e9c00000| Untracked 
| 157|0x00000000e9d00000, 0x00000000e9d00000, 0x00000000e9e00000|  0%| F|  |TAMS 0x00000000e9d00000, 0x00000000e9d00000| Untracked 
| 158|0x00000000e9e00000, 0x00000000e9e00000, 0x00000000e9f00000|  0%| F|  |TAMS 0x00000000e9e00000, 0x00000000e9e00000| Untracked 
| 159|0x00000000e9f00000, 0x00000000e9f00000, 0x00000000ea000000|  0%| F|  |TAMS 0x00000000e9f00000, 0x00000000e9f00000| Untracked 
| 160|0x00000000ea000000, 0x00000000ea000000, 0x00000000ea100000|  0%| F|  |TAMS 0x00000000ea000000, 0x00000000ea000000| Untracked 
| 161|0x00000000ea100000, 0x00000000ea100000, 0x00000000ea200000|  0%| F|  |TAMS 0x00000000ea100000, 0x00000000ea100000| Untracked 
| 162|0x00000000ea200000, 0x00000000ea200000, 0x00000000ea300000|  0%| F|  |TAMS 0x00000000ea200000, 0x00000000ea200000| Untracked 
| 163|0x00000000ea300000, 0x00000000ea300000, 0x00000000ea400000|  0%| F|  |TAMS 0x00000000ea300000, 0x00000000ea300000| Untracked 
| 164|0x00000000ea400000, 0x00000000ea400000, 0x00000000ea500000|  0%| F|  |TAMS 0x00000000ea400000, 0x00000000ea400000| Untracked 
| 165|0x00000000ea500000, 0x00000000ea500000, 0x00000000ea600000|  0%| F|  |TAMS 0x00000000ea500000, 0x00000000ea500000| Untracked 
| 166|0x00000000ea600000, 0x00000000ea600000, 0x00000000ea700000|  0%| F|  |TAMS 0x00000000ea600000, 0x00000000ea600000| Untracked 
| 167|0x00000000ea700000, 0x00000000ea700000, 0x00000000ea800000|  0%| F|  |TAMS 0x00000000ea700000, 0x00000000ea700000| Untracked 
| 168|0x00000000ea800000, 0x00000000ea800000, 0x00000000ea900000|  0%| F|  |TAMS 0x00000000ea800000, 0x00000000ea800000| Untracked 
| 169|0x00000000ea900000, 0x00000000ea900000, 0x00000000eaa00000|  0%| F|  |TAMS 0x00000000ea900000, 0x00000000ea900000| Untracked 
| 170|0x00000000eaa00000, 0x00000000eaa00000, 0x00000000eab00000|  0%| F|  |TAMS 0x00000000eaa00000, 0x00000000eaa00000| Untracked 
| 171|0x00000000eab00000, 0x00000000eab00000, 0x00000000eac00000|  0%| F|  |TAMS 0x00000000eab00000, 0x00000000eab00000| Untracked 
| 172|0x00000000eac00000, 0x00000000eac00000, 0x00000000ead00000|  0%| F|  |TAMS 0x00000000eac00000, 0x00000000eac00000| Untracked 
| 173|0x00000000ead00000, 0x00000000ead00000, 0x00000000eae00000|  0%| F|  |TAMS 0x00000000ead00000, 0x00000000ead00000| Untracked 
| 174|0x00000000eae00000, 0x00000000eae00000, 0x00000000eaf00000|  0%| F|  |TAMS 0x00000000eae00000, 0x00000000eae00000| Untracked 
| 175|0x00000000eaf00000, 0x00000000eaf00000, 0x00000000eb000000|  0%| F|  |TAMS 0x00000000eaf00000, 0x00000000eaf00000| Untracked 
| 176|0x00000000eb000000, 0x00000000eb000000, 0x00000000eb100000|  0%| F|  |TAMS 0x00000000eb000000, 0x00000000eb000000| Untracked 
| 177|0x00000000eb100000, 0x00000000eb100000, 0x00000000eb200000|  0%| F|  |TAMS 0x00000000eb100000, 0x00000000eb100000| Untracked 
| 178|0x00000000eb200000, 0x00000000eb200000, 0x00000000eb300000|  0%| F|  |TAMS 0x00000000eb200000, 0x00000000eb200000| Untracked 
| 179|0x00000000eb300000, 0x00000000eb300000, 0x00000000eb400000|  0%| F|  |TAMS 0x00000000eb300000, 0x00000000eb300000| Untracked 
| 180|0x00000000eb400000, 0x00000000eb400000, 0x00000000eb500000|  0%| F|  |TAMS 0x00000000eb400000, 0x00000000eb400000| Untracked 
| 181|0x00000000eb500000, 0x00000000eb500000, 0x00000000eb600000|  0%| F|  |TAMS 0x00000000eb500000, 0x00000000eb500000| Untracked 
| 182|0x00000000eb600000, 0x00000000eb600000, 0x00000000eb700000|  0%| F|  |TAMS 0x00000000eb600000, 0x00000000eb600000| Untracked 
| 183|0x00000000eb700000, 0x00000000eb700000, 0x00000000eb800000|  0%| F|  |TAMS 0x00000000eb700000, 0x00000000eb700000| Untracked 
| 184|0x00000000eb800000, 0x00000000eb800000, 0x00000000eb900000|  0%| F|  |TAMS 0x00000000eb800000, 0x00000000eb800000| Untracked 
| 185|0x00000000eb900000, 0x00000000eba00000, 0x00000000eba00000|100%| E|CS|TAMS 0x00000000eb900000, 0x00000000eb900000| Complete 
| 186|0x00000000eba00000, 0x00000000ebb00000, 0x00000000ebb00000|100%| E|CS|TAMS 0x00000000eba00000, 0x00000000eba00000| Complete 
| 187|0x00000000ebb00000, 0x00000000ebc00000, 0x00000000ebc00000|100%| E|CS|TAMS 0x00000000ebb00000, 0x00000000ebb00000| Complete 
| 188|0x00000000ebc00000, 0x00000000ebc00000, 0x00000000ebd00000|  0%| F|  |TAMS 0x00000000ebc00000, 0x00000000ebc00000| Untracked 
| 189|0x00000000ebd00000, 0x00000000ebd00000, 0x00000000ebe00000|  0%| F|  |TAMS 0x00000000ebd00000, 0x00000000ebd00000| Untracked 
| 190|0x00000000ebe00000, 0x00000000ebe00000, 0x00000000ebf00000|  0%| F|  |TAMS 0x00000000ebe00000, 0x00000000ebe00000| Untracked 
| 191|0x00000000ebf00000, 0x00000000ebf00000, 0x00000000ec000000|  0%| F|  |TAMS 0x00000000ebf00000, 0x00000000ebf00000| Untracked 
| 192|0x00000000ec000000, 0x00000000ec000000, 0x00000000ec100000|  0%| F|  |TAMS 0x00000000ec000000, 0x00000000ec000000| Untracked 
| 193|0x00000000ec100000, 0x00000000ec100000, 0x00000000ec200000|  0%| F|  |TAMS 0x00000000ec100000, 0x00000000ec100000| Untracked 
| 194|0x00000000ec200000, 0x00000000ec200000, 0x00000000ec300000|  0%| F|  |TAMS 0x00000000ec200000, 0x00000000ec200000| Untracked 
| 195|0x00000000ec300000, 0x00000000ec300000, 0x00000000ec400000|  0%| F|  |TAMS 0x00000000ec300000, 0x00000000ec300000| Untracked 
| 196|0x00000000ec400000, 0x00000000ec400000, 0x00000000ec500000|  0%| F|  |TAMS 0x00000000ec400000, 0x00000000ec400000| Untracked 
| 197|0x00000000ec500000, 0x00000000ec500000, 0x00000000ec600000|  0%| F|  |TAMS 0x00000000ec500000, 0x00000000ec500000| Untracked 
| 198|0x00000000ec600000, 0x00000000ec600000, 0x00000000ec700000|  0%| F|  |TAMS 0x00000000ec600000, 0x00000000ec600000| Untracked 
| 199|0x00000000ec700000, 0x00000000ec700000, 0x00000000ec800000|  0%| F|  |TAMS 0x00000000ec700000, 0x00000000ec700000| Untracked 
| 200|0x00000000ec800000, 0x00000000ec800000, 0x00000000ec900000|  0%| F|  |TAMS 0x00000000ec800000, 0x00000000ec800000| Untracked 
| 201|0x00000000ec900000, 0x00000000ec900000, 0x00000000eca00000|  0%| F|  |TAMS 0x00000000ec900000, 0x00000000ec900000| Untracked 
| 202|0x00000000eca00000, 0x00000000eca00000, 0x00000000ecb00000|  0%| F|  |TAMS 0x00000000eca00000, 0x00000000eca00000| Untracked 
| 203|0x00000000ecb00000, 0x00000000ecb00000, 0x00000000ecc00000|  0%| F|  |TAMS 0x00000000ecb00000, 0x00000000ecb00000| Untracked 
| 204|0x00000000ecc00000, 0x00000000ecc00000, 0x00000000ecd00000|  0%| F|  |TAMS 0x00000000ecc00000, 0x00000000ecc00000| Untracked 
| 205|0x00000000ecd00000, 0x00000000ecd00000, 0x00000000ece00000|  0%| F|  |TAMS 0x00000000ecd00000, 0x00000000ecd00000| Untracked 
| 206|0x00000000ece00000, 0x00000000ece00000, 0x00000000ecf00000|  0%| F|  |TAMS 0x00000000ece00000, 0x00000000ece00000| Untracked 
| 207|0x00000000ecf00000, 0x00000000ecf00000, 0x00000000ed000000|  0%| F|  |TAMS 0x00000000ecf00000, 0x00000000ecf00000| Untracked 
| 208|0x00000000ed000000, 0x00000000ed000000, 0x00000000ed100000|  0%| F|  |TAMS 0x00000000ed000000, 0x00000000ed000000| Untracked 
| 209|0x00000000ed100000, 0x00000000ed100000, 0x00000000ed200000|  0%| F|  |TAMS 0x00000000ed100000, 0x00000000ed100000| Untracked 
| 210|0x00000000ed200000, 0x00000000ed200000, 0x00000000ed300000|  0%| F|  |TAMS 0x00000000ed200000, 0x00000000ed200000| Untracked 
| 211|0x00000000ed300000, 0x00000000ed300000, 0x00000000ed400000|  0%| F|  |TAMS 0x00000000ed300000, 0x00000000ed300000| Untracked 
| 212|0x00000000ed400000, 0x00000000ed400000, 0x00000000ed500000|  0%| F|  |TAMS 0x00000000ed400000, 0x00000000ed400000| Untracked 
| 213|0x00000000ed500000, 0x00000000ed500000, 0x00000000ed600000|  0%| F|  |TAMS 0x00000000ed500000, 0x00000000ed500000| Untracked 
| 214|0x00000000ed600000, 0x00000000ed600000, 0x00000000ed700000|  0%| F|  |TAMS 0x00000000ed600000, 0x00000000ed600000| Untracked 
| 215|0x00000000ed700000, 0x00000000ed700000, 0x00000000ed800000|  0%| F|  |TAMS 0x00000000ed700000, 0x00000000ed700000| Untracked 
| 216|0x00000000ed800000, 0x00000000ed800000, 0x00000000ed900000|  0%| F|  |TAMS 0x00000000ed800000, 0x00000000ed800000| Untracked 
| 217|0x00000000ed900000, 0x00000000ed900000, 0x00000000eda00000|  0%| F|  |TAMS 0x00000000ed900000, 0x00000000ed900000| Untracked 
| 218|0x00000000eda00000, 0x00000000eda00000, 0x00000000edb00000|  0%| F|  |TAMS 0x00000000eda00000, 0x00000000eda00000| Untracked 
| 219|0x00000000edb00000, 0x00000000edb00000, 0x00000000edc00000|  0%| F|  |TAMS 0x00000000edb00000, 0x00000000edb00000| Untracked 
| 220|0x00000000edc00000, 0x00000000edc00000, 0x00000000edd00000|  0%| F|  |TAMS 0x00000000edc00000, 0x00000000edc00000| Untracked 
| 221|0x00000000edd00000, 0x00000000edd00000, 0x00000000ede00000|  0%| F|  |TAMS 0x00000000edd00000, 0x00000000edd00000| Untracked 
| 222|0x00000000ede00000, 0x00000000ede00000, 0x00000000edf00000|  0%| F|  |TAMS 0x00000000ede00000, 0x00000000ede00000| Untracked 
| 223|0x00000000edf00000, 0x00000000edf00000, 0x00000000ee000000|  0%| F|  |TAMS 0x00000000edf00000, 0x00000000edf00000| Untracked 
| 224|0x00000000ee000000, 0x00000000ee000000, 0x00000000ee100000|  0%| F|  |TAMS 0x00000000ee000000, 0x00000000ee000000| Untracked 
| 225|0x00000000ee100000, 0x00000000ee100000, 0x00000000ee200000|  0%| F|  |TAMS 0x00000000ee100000, 0x00000000ee100000| Untracked 
| 226|0x00000000ee200000, 0x00000000ee200000, 0x00000000ee300000|  0%| F|  |TAMS 0x00000000ee200000, 0x00000000ee200000| Untracked 
| 227|0x00000000ee300000, 0x00000000ee300000, 0x00000000ee400000|  0%| F|  |TAMS 0x00000000ee300000, 0x00000000ee300000| Untracked 
| 228|0x00000000ee400000, 0x00000000ee400000, 0x00000000ee500000|  0%| F|  |TAMS 0x00000000ee400000, 0x00000000ee400000| Untracked 
| 229|0x00000000ee500000, 0x00000000ee500000, 0x00000000ee600000|  0%| F|  |TAMS 0x00000000ee500000, 0x00000000ee500000| Untracked 
| 230|0x00000000ee600000, 0x00000000ee600000, 0x00000000ee700000|  0%| F|  |TAMS 0x00000000ee600000, 0x00000000ee600000| Untracked 
| 231|0x00000000ee700000, 0x00000000ee700000, 0x00000000ee800000|  0%| F|  |TAMS 0x00000000ee700000, 0x00000000ee700000| Untracked 
| 232|0x00000000ee800000, 0x00000000ee800000, 0x00000000ee900000|  0%| F|  |TAMS 0x00000000ee800000, 0x00000000ee800000| Untracked 
| 233|0x00000000ee900000, 0x00000000ee900000, 0x00000000eea00000|  0%| F|  |TAMS 0x00000000ee900000, 0x00000000ee900000| Untracked 
| 234|0x00000000eea00000, 0x00000000eea00000, 0x00000000eeb00000|  0%| F|  |TAMS 0x00000000eea00000, 0x00000000eea00000| Untracked 
| 235|0x00000000eeb00000, 0x00000000eeb00000, 0x00000000eec00000|  0%| F|  |TAMS 0x00000000eeb00000, 0x00000000eeb00000| Untracked 
| 236|0x00000000eec00000, 0x00000000eec00000, 0x00000000eed00000|  0%| F|  |TAMS 0x00000000eec00000, 0x00000000eec00000| Untracked 
| 237|0x00000000eed00000, 0x00000000eed00000, 0x00000000eee00000|  0%| F|  |TAMS 0x00000000eed00000, 0x00000000eed00000| Untracked 
| 238|0x00000000eee00000, 0x00000000eee00000, 0x00000000eef00000|  0%| F|  |TAMS 0x00000000eee00000, 0x00000000eee00000| Untracked 
| 239|0x00000000eef00000, 0x00000000eef00000, 0x00000000ef000000|  0%| F|  |TAMS 0x00000000eef00000, 0x00000000eef00000| Untracked 
| 240|0x00000000ef000000, 0x00000000ef000000, 0x00000000ef100000|  0%| F|  |TAMS 0x00000000ef000000, 0x00000000ef000000| Untracked 
| 241|0x00000000ef100000, 0x00000000ef100000, 0x00000000ef200000|  0%| F|  |TAMS 0x00000000ef100000, 0x00000000ef100000| Untracked 
| 242|0x00000000ef200000, 0x00000000ef200000, 0x00000000ef300000|  0%| F|  |TAMS 0x00000000ef200000, 0x00000000ef200000| Untracked 
| 243|0x00000000ef300000, 0x00000000ef300000, 0x00000000ef400000|  0%| F|  |TAMS 0x00000000ef300000, 0x00000000ef300000| Untracked 
| 244|0x00000000ef400000, 0x00000000ef400000, 0x00000000ef500000|  0%| F|  |TAMS 0x00000000ef400000, 0x00000000ef400000| Untracked 
| 245|0x00000000ef500000, 0x00000000ef500000, 0x00000000ef600000|  0%| F|  |TAMS 0x00000000ef500000, 0x00000000ef500000| Untracked 
| 246|0x00000000ef600000, 0x00000000ef600000, 0x00000000ef700000|  0%| F|  |TAMS 0x00000000ef600000, 0x00000000ef600000| Untracked 
| 247|0x00000000ef700000, 0x00000000ef700000, 0x00000000ef800000|  0%| F|  |TAMS 0x00000000ef700000, 0x00000000ef700000| Untracked 
| 248|0x00000000ef800000, 0x00000000ef800000, 0x00000000ef900000|  0%| F|  |TAMS 0x00000000ef800000, 0x00000000ef800000| Untracked 
| 249|0x00000000ef900000, 0x00000000ef900000, 0x00000000efa00000|  0%| F|  |TAMS 0x00000000ef900000, 0x00000000ef900000| Untracked 
| 250|0x00000000efa00000, 0x00000000efa00000, 0x00000000efb00000|  0%| F|  |TAMS 0x00000000efa00000, 0x00000000efa00000| Untracked 
| 251|0x00000000efb00000, 0x00000000efb00000, 0x00000000efc00000|  0%| F|  |TAMS 0x00000000efb00000, 0x00000000efb00000| Untracked 
| 252|0x00000000efc00000, 0x00000000efc00000, 0x00000000efd00000|  0%| F|  |TAMS 0x00000000efc00000, 0x00000000efc00000| Untracked 
| 253|0x00000000efd00000, 0x00000000efd00000, 0x00000000efe00000|  0%| F|  |TAMS 0x00000000efd00000, 0x00000000efd00000| Untracked 
| 254|0x00000000efe00000, 0x00000000efea7720, 0x00000000eff00000| 65%| S|  |TAMS 0x00000000efe00000, 0x00000000efe00000| Complete 
| 255|0x00000000eff00000, 0x00000000f0000000, 0x00000000f0000000|100%| E|CS|TAMS 0x00000000eff00000, 0x00000000eff00000| Complete 
| 256|0x00000000f0000000, 0x00000000f0100000, 0x00000000f0100000|100%| E|CS|TAMS 0x00000000f0000000, 0x00000000f0000000| Complete 
| 257|0x00000000f0100000, 0x00000000f0200000, 0x00000000f0200000|100%| E|CS|TAMS 0x00000000f0100000, 0x00000000f0100000| Complete 
| 258|0x00000000f0200000, 0x00000000f0300000, 0x00000000f0300000|100%| E|CS|TAMS 0x00000000f0200000, 0x00000000f0200000| Complete 
| 259|0x00000000f0300000, 0x00000000f0400000, 0x00000000f0400000|100%| E|CS|TAMS 0x00000000f0300000, 0x00000000f0300000| Complete 
| 260|0x00000000f0400000, 0x00000000f0500000, 0x00000000f0500000|100%| E|CS|TAMS 0x00000000f0400000, 0x00000000f0400000| Complete 
| 261|0x00000000f0500000, 0x00000000f0600000, 0x00000000f0600000|100%| E|CS|TAMS 0x00000000f0500000, 0x00000000f0500000| Complete 
| 262|0x00000000f0600000, 0x00000000f0700000, 0x00000000f0700000|100%| E|CS|TAMS 0x00000000f0600000, 0x00000000f0600000| Complete 
| 263|0x00000000f0700000, 0x00000000f0800000, 0x00000000f0800000|100%| E|CS|TAMS 0x00000000f0700000, 0x00000000f0700000| Complete 
| 264|0x00000000f0800000, 0x00000000f0900000, 0x00000000f0900000|100%| E|CS|TAMS 0x00000000f0800000, 0x00000000f0800000| Complete 
| 508|0x00000000ffc00000, 0x00000000ffd00000, 0x00000000ffd00000|100%| O|  |TAMS 0x00000000ffd00000, 0x00000000ffc00000| Untracked 
| 509|0x00000000ffd00000, 0x00000000ffe00000, 0x00000000ffe00000|100%| O|  |TAMS 0x00000000ffe00000, 0x00000000ffd00000| Untracked 
| 510|0x00000000ffe00000, 0x00000000fff00000, 0x00000000fff00000|100%| O|  |TAMS 0x00000000fff00000, 0x00000000ffe00000| Untracked 
| 511|0x00000000fff00000, 0x0000000100000000, 0x0000000100000000|100%| O|  |TAMS 0x0000000100000000, 0x00000000fff00000| Untracked 

Card table byte_map: [0x0000011c46b40000,0x0000011c46c40000] _byte_map_base: 0x0000011c46440000

Marking Bits (Prev, Next): (CMBitMap*) 0x0000011c30235c20, (CMBitMap*) 0x0000011c30235c60
 Prev Bits: [0x0000011c46d40000, 0x0000011c47540000)
 Next Bits: [0x0000011c47540000, 0x0000011c47d40000)

Polling page: 0x0000011c2e120000

Metaspace:

Usage:
  Non-class:     63.98 MB used.
      Class:      9.88 MB used.
       Both:     73.86 MB used.

Virtual space:
  Non-class space:      128.00 MB reserved,      64.94 MB ( 51%) committed,  2 nodes.
      Class space:      208.00 MB reserved,      10.88 MB (  5%) committed,  1 nodes.
             Both:      336.00 MB reserved,      75.81 MB ( 23%) committed. 

Chunk freelists:
   Non-Class:  2.56 MB
       Class:  1.16 MB
        Both:  3.72 MB

MaxMetaspaceSize: 256.00 MB
CompressedClassSpaceSize: 208.00 MB
Initial GC threshold: 21.00 MB
Current GC threshold: 126.06 MB
CDS: on
MetaspaceReclaimPolicy: balanced
 - commit_granule_bytes: 65536.
 - commit_granule_words: 8192.
 - virtual_space_node_default_size: 8388608.
 - enlarge_chunks_in_place: 1.
 - new_chunks_are_fully_committed: 0.
 - uncommit_free_chunks: 1.
 - use_allocation_guard: 0.


Internal statistics:

num_allocs_failed_limit: 15.
num_arena_births: 3572.
num_arena_deaths: 4.
num_vsnodes_births: 3.
num_vsnodes_deaths: 0.
num_space_committed: 1213.
num_space_uncommitted: 0.
num_chunks_returned_to_freelist: 23.
num_chunks_taken_from_freelist: 7047.
num_chunk_merges: 16.
num_chunk_splits: 4476.
num_chunks_enlarged: 2564.
num_inconsistent_stats: 0.

CodeHeap 'non-profiled nmethods': size=120000Kb used=5886Kb max_used=5886Kb free=114113Kb
 bounds [0x0000011c3f610000, 0x0000011c3fbd0000, 0x0000011c46b40000]
CodeHeap 'profiled nmethods': size=120000Kb used=21966Kb max_used=21966Kb free=98033Kb
 bounds [0x0000011c380e0000, 0x0000011c39660000, 0x0000011c3f610000]
CodeHeap 'non-nmethods': size=5760Kb used=2418Kb max_used=2454Kb free=3341Kb
 bounds [0x0000011c37b40000, 0x0000011c37db0000, 0x0000011c380e0000]
 total_blobs=11764 nmethods=10826 adapters=849
 compilation: enabled
              stopped_count=0, restarted_count=0
 full_count=0

Compilation events (20 events):
Event: 220.004 Thread 0x0000011c5415f9d0 12416       4       io.spring.gradle.dependencymanagement.internal.Exclusion::hashCode (30 bytes)
Event: 220.004 Thread 0x0000011c4a2bda30 nmethod 12421 0x0000011c39652c10 code [0x0000011c39652e20, 0x0000011c396532a8]
Event: 220.004 Thread 0x0000011c4a2bda30 12422       3       org.gradle.api.internal.artifacts.ivyservice.resolveengine.graph.selectors.SelectorStateResolverResults::alreadyHaveResolutionForSelector (73 bytes)
Event: 220.005 Thread 0x0000011c4a2bda30 nmethod 12422 0x0000011c39653510 code [0x0000011c39653740, 0x0000011c39653ec8]
Event: 220.005 Thread 0x0000011c4a2bda30 12423       3       org.gradle.api.internal.artifacts.ivyservice.resolveengine.graph.selectors.SelectorStateResolverResults::register (21 bytes)
Event: 220.006 Thread 0x0000011c4a2bda30 nmethod 12423 0x0000011c39654190 code [0x0000011c39654360, 0x0000011c39654788]
Event: 220.008 Thread 0x0000011c4a2bda30 12425       3       org.gradle.internal.snapshot.impl.StringValueSnapshot::hashCode (5 bytes)
Event: 220.009 Thread 0x0000011c4a2bda30 nmethod 12425 0x0000011c39654910 code [0x0000011c39654ac0, 0x0000011c39654ce8]
Event: 220.012 Thread 0x0000011c5415f9d0 nmethod 12416 0x0000011c3fbcf190 code [0x0000011c3fbcf340, 0x0000011c3fbcf818]
Event: 220.012 Thread 0x0000011c5415f9d0 12424       4       java.util.HashMap::putMapEntries (167 bytes)
Event: 220.020 Thread 0x0000011c4a2bda30 12428       3       org.gradle.internal.component.external.model.AbstractVariantBackedConfigurationMetadata::getVariants (8 bytes)
Event: 220.021 Thread 0x0000011c4a2bda30 nmethod 12428 0x0000011c39654e10 code [0x0000011c39655000, 0x0000011c39655568]
Event: 220.021 Thread 0x0000011c4a2bda30 12429       3       org.gradle.internal.component.external.model.LazyVariantBackedConfigurationMetadata$RuleAwareVariant::getIdentifier (10 bytes)
Event: 220.021 Thread 0x0000011c4a2bda30 nmethod 12429 0x0000011c39655790 code [0x0000011c39655940, 0x0000011c39655b08]
Event: 220.021 Thread 0x0000011c4a2bda30 12430       3       org.gradle.internal.component.external.model.AbstractMutableModuleComponentResolveMetadata$ImmutableVariantImpl::getIdentifier (16 bytes)
Event: 220.021 Thread 0x0000011c4a2bda30 nmethod 12430 0x0000011c39655c10 code [0x0000011c39655dc0, 0x0000011c396560b8]
Event: 220.021 Thread 0x0000011c4a2bda30 12431       3       org.gradle.internal.component.external.model.LazyVariantBackedConfigurationMetadata$RuleAwareVariant::asDescribable (10 bytes)
Event: 220.021 Thread 0x0000011c4a2bda30 nmethod 12431 0x0000011c39656190 code [0x0000011c39656340, 0x0000011c39656508]
Event: 220.021 Thread 0x0000011c4a2bda30 12432       3       org.gradle.internal.component.external.model.AbstractMutableModuleComponentResolveMetadata$ImmutableVariantImpl::asDescribable (14 bytes)
Event: 220.022 Thread 0x0000011c4a2bda30 nmethod 12432 0x0000011c39656610 code [0x0000011c396567c0, 0x0000011c39656908]

GC Heap History (20 events):
Event: 6.436 GC heap after
{Heap after GC invocations=6 (full 0):
 garbage-first heap   total 262144K, used 41804K [0x00000000e0000000, 0x0000000100000000)
  region size 1024K, 9 young (9216K), 9 survivors (9216K)
 Metaspace       used 34624K, committed 35904K, reserved 278528K
  class space    used 4838K, committed 5504K, reserved 212992K
}
Event: 6.460 GC heap before
{Heap before GC invocations=6 (full 0):
 garbage-first heap   total 262144K, used 42828K [0x00000000e0000000, 0x0000000100000000)
  region size 1024K, 11 young (11264K), 9 survivors (9216K)
 Metaspace       used 34752K, committed 35968K, reserved 278528K
  class space    used 4862K, committed 5504K, reserved 212992K
}
Event: 6.471 GC heap after
{Heap after GC invocations=7 (full 0):
 garbage-first heap   total 262144K, used 40990K [0x00000000e0000000, 0x0000000100000000)
  region size 1024K, 8 young (8192K), 8 survivors (8192K)
 Metaspace       used 34752K, committed 35968K, reserved 278528K
  class space    used 4862K, committed 5504K, reserved 212992K
}
Event: 9.280 GC heap before
{Heap before GC invocations=8 (full 0):
 garbage-first heap   total 262144K, used 248862K [0x00000000e0000000, 0x0000000100000000)
  region size 1024K, 153 young (156672K), 8 survivors (8192K)
 Metaspace       used 48779K, committed 50496K, reserved 278528K
  class space    used 6874K, committed 7744K, reserved 212992K
}
Event: 9.312 GC heap after
{Heap after GC invocations=9 (full 0):
 garbage-first heap   total 275456K, used 116997K [0x00000000e0000000, 0x0000000100000000)
  region size 1024K, 20 young (20480K), 20 survivors (20480K)
 Metaspace       used 48779K, committed 50496K, reserved 278528K
  class space    used 6874K, committed 7744K, reserved 212992K
}
Event: 11.483 GC heap before
{Heap before GC invocations=9 (full 0):
 garbage-first heap   total 275456K, used 217349K [0x00000000e0000000, 0x0000000100000000)
  region size 1024K, 118 young (120832K), 20 survivors (20480K)
 Metaspace       used 55112K, committed 56960K, reserved 278528K
  class space    used 7682K, committed 8640K, reserved 212992K
}
Event: 11.522 GC heap after
{Heap after GC invocations=10 (full 0):
 garbage-first heap   total 275456K, used 124928K [0x00000000e0000000, 0x0000000100000000)
  region size 1024K, 7 young (7168K), 7 survivors (7168K)
 Metaspace       used 55112K, committed 56960K, reserved 278528K
  class space    used 7682K, committed 8640K, reserved 212992K
}
Event: 12.673 GC heap before
{Heap before GC invocations=10 (full 0):
 garbage-first heap   total 275456K, used 221184K [0x00000000e0000000, 0x0000000100000000)
  region size 1024K, 101 young (103424K), 7 survivors (7168K)
 Metaspace       used 56054K, committed 57856K, reserved 278528K
  class space    used 7711K, committed 8640K, reserved 212992K
}
Event: 12.688 GC heap after
{Heap after GC invocations=11 (full 0):
 garbage-first heap   total 275456K, used 129901K [0x00000000e0000000, 0x0000000100000000)
  region size 1024K, 4 young (4096K), 4 survivors (4096K)
 Metaspace       used 56054K, committed 57856K, reserved 278528K
  class space    used 7711K, committed 8640K, reserved 212992K
}
Event: 13.795 GC heap before
{Heap before GC invocations=11 (full 0):
 garbage-first heap   total 275456K, used 212845K [0x00000000e0000000, 0x0000000100000000)
  region size 1024K, 86 young (88064K), 4 survivors (4096K)
 Metaspace       used 58542K, committed 60416K, reserved 278528K
  class space    used 8049K, committed 9024K, reserved 212992K
}
Event: 13.808 GC heap after
{Heap after GC invocations=12 (full 0):
 garbage-first heap   total 275456K, used 136072K [0x00000000e0000000, 0x0000000100000000)
  region size 1024K, 10 young (10240K), 10 survivors (10240K)
 Metaspace       used 58542K, committed 60416K, reserved 278528K
  class space    used 8049K, committed 9024K, reserved 212992K
}
Event: 214.466 GC heap before
{Heap before GC invocations=13 (full 0):
 garbage-first heap   total 275456K, used 225160K [0x00000000e0000000, 0x0000000100000000)
  region size 1024K, 98 young (100352K), 10 survivors (10240K)
 Metaspace       used 66640K, committed 68672K, reserved 278528K
  class space    used 9111K, committed 10176K, reserved 212992K
}
Event: 214.487 GC heap after
{Heap after GC invocations=14 (full 0):
 garbage-first heap   total 275456K, used 142404K [0x00000000e0000000, 0x0000000100000000)
  region size 1024K, 13 young (13312K), 13 survivors (13312K)
 Metaspace       used 66640K, committed 68672K, reserved 278528K
  class space    used 9111K, committed 10176K, reserved 212992K
}
Event: 214.515 GC heap before
{Heap before GC invocations=14 (full 0):
 garbage-first heap   total 275456K, used 143428K [0x00000000e0000000, 0x0000000100000000)
  region size 1024K, 14 young (14336K), 13 survivors (13312K)
 Metaspace       used 66642K, committed 68672K, reserved 278528K
  class space    used 9111K, committed 10176K, reserved 212992K
}
Event: 214.538 GC heap after
{Heap after GC invocations=15 (full 0):
 garbage-first heap   total 275456K, used 142893K [0x00000000e0000000, 0x0000000100000000)
  region size 1024K, 2 young (2048K), 2 survivors (2048K)
 Metaspace       used 66642K, committed 68672K, reserved 278528K
  class space    used 9111K, committed 10176K, reserved 212992K
}
Event: 217.340 GC heap before
{Heap before GC invocations=15 (full 0):
 garbage-first heap   total 275456K, used 225837K [0x00000000e0000000, 0x0000000100000000)
  region size 1024K, 84 young (86016K), 2 survivors (2048K)
 Metaspace       used 75363K, committed 77376K, reserved 344064K
  class space    used 10108K, committed 11136K, reserved 212992K
}
Event: 217.350 GC heap after
{Heap after GC invocations=16 (full 0):
 garbage-first heap   total 275456K, used 147981K [0x00000000e0000000, 0x0000000100000000)
  region size 1024K, 7 young (7168K), 7 survivors (7168K)
 Metaspace       used 75363K, committed 77376K, reserved 344064K
  class space    used 10108K, committed 11136K, reserved 212992K
}
Event: 219.969 GC heap before
{Heap before GC invocations=17 (full 0):
 garbage-first heap   total 275456K, used 226829K [0x00000000e0000000, 0x0000000100000000)
  region size 1024K, 84 young (86016K), 7 survivors (7168K)
 Metaspace       used 75620K, committed 77632K, reserved 344064K
  class space    used 10113K, committed 11136K, reserved 212992K
}
Event: 219.984 GC heap after
{Heap after GC invocations=18 (full 0):
 garbage-first heap   total 275456K, used 150357K [0x00000000e0000000, 0x0000000100000000)
  region size 1024K, 3 young (3072K), 3 survivors (3072K)
 Metaspace       used 75620K, committed 77632K, reserved 344064K
  class space    used 10113K, committed 11136K, reserved 212992K
}
Event: 220.022 GC heap before
{Heap before GC invocations=18 (full 0):
 garbage-first heap   total 275456K, used 160597K [0x00000000e0000000, 0x0000000100000000)
  region size 1024K, 13 young (13312K), 3 survivors (3072K)
 Metaspace       used 75627K, committed 77632K, reserved 344064K
  class space    used 10113K, committed 11136K, reserved 212992K
}

Deoptimization events (20 events):
Event: 219.716 Thread 0x0000011c50f88560 Uncommon trap: trap_request=0xffffffc6 fr.pc=0x0000011c3fa7aa04 relative=0x00000000000010c4
Event: 219.716 Thread 0x0000011c50f88560 Uncommon trap: reason=bimorphic_or_optimized_type_check action=maybe_recompile pc=0x0000011c3fa7aa04 method=org.gradle.internal.logging.text.AbstractLineChoppingStyledTextOutput$StateContext.flushLineText()V @ 109 c2
Event: 219.716 Thread 0x0000011c50f88560 DEOPT PACKING pc=0x0000011c3fa7aa04 sp=0x00000008f4ff8d30
Event: 219.716 Thread 0x0000011c50f88560 DEOPT UNPACKING pc=0x0000011c37b923a3 sp=0x00000008f4ff8c98 mode 2
Event: 219.716 Thread 0x0000011c50f88560 Uncommon trap: trap_request=0xffffffc6 fr.pc=0x0000011c3fa7aa04 relative=0x00000000000010c4
Event: 219.716 Thread 0x0000011c50f88560 Uncommon trap: reason=bimorphic_or_optimized_type_check action=maybe_recompile pc=0x0000011c3fa7aa04 method=org.gradle.internal.logging.text.AbstractLineChoppingStyledTextOutput$StateContext.flushLineText()V @ 109 c2
Event: 219.716 Thread 0x0000011c50f88560 DEOPT PACKING pc=0x0000011c3fa7aa04 sp=0x00000008f4ff8d30
Event: 219.716 Thread 0x0000011c50f88560 DEOPT UNPACKING pc=0x0000011c37b923a3 sp=0x00000008f4ff8c98 mode 2
Event: 219.716 Thread 0x0000011c50f88560 Uncommon trap: trap_request=0xffffffc6 fr.pc=0x0000011c3fa7aa04 relative=0x00000000000010c4
Event: 219.716 Thread 0x0000011c50f88560 Uncommon trap: reason=bimorphic_or_optimized_type_check action=maybe_recompile pc=0x0000011c3fa7aa04 method=org.gradle.internal.logging.text.AbstractLineChoppingStyledTextOutput$StateContext.flushLineText()V @ 109 c2
Event: 219.716 Thread 0x0000011c50f88560 DEOPT PACKING pc=0x0000011c3fa7aa04 sp=0x00000008f4ff8cb0
Event: 219.716 Thread 0x0000011c50f88560 DEOPT UNPACKING pc=0x0000011c37b923a3 sp=0x00000008f4ff8c18 mode 2
Event: 219.716 Thread 0x0000011c50f88560 Uncommon trap: trap_request=0xffffffc6 fr.pc=0x0000011c3fa7aa04 relative=0x00000000000010c4
Event: 219.716 Thread 0x0000011c50f88560 Uncommon trap: reason=bimorphic_or_optimized_type_check action=maybe_recompile pc=0x0000011c3fa7aa04 method=org.gradle.internal.logging.text.AbstractLineChoppingStyledTextOutput$StateContext.flushLineText()V @ 109 c2
Event: 219.716 Thread 0x0000011c50f88560 DEOPT PACKING pc=0x0000011c3fa7aa04 sp=0x00000008f4ff8cb0
Event: 219.716 Thread 0x0000011c50f88560 DEOPT UNPACKING pc=0x0000011c37b923a3 sp=0x00000008f4ff8c18 mode 2
Event: 219.802 Thread 0x0000011c50f88560 Uncommon trap: trap_request=0xffffffbe fr.pc=0x0000011c3f6a1954 relative=0x0000000000000674
Event: 219.802 Thread 0x0000011c50f88560 Uncommon trap: reason=profile_predicate action=maybe_recompile pc=0x0000011c3f6a1954 method=java.util.TreeMap.getEntryUsingComparator(Ljava/lang/Object;)Ljava/util/TreeMap$Entry; @ 19 c2
Event: 219.802 Thread 0x0000011c50f88560 DEOPT PACKING pc=0x0000011c3f6a1954 sp=0x00000008f4ffae70
Event: 219.802 Thread 0x0000011c50f88560 DEOPT UNPACKING pc=0x0000011c37b923a3 sp=0x00000008f4ffae10 mode 2

Classes loaded (20 events):
Event: 216.623 Loading class com/sun/org/apache/xerces/internal/dom/AttrImpl done
Event: 216.623 Loading class com/sun/org/apache/xerces/internal/dom/DeferredAttrImpl done
Event: 216.624 Loading class com/sun/org/apache/xerces/internal/dom/DeferredTextImpl
Event: 216.624 Loading class com/sun/org/apache/xerces/internal/dom/TextImpl
Event: 216.624 Loading class org/w3c/dom/CharacterData
Event: 216.624 Loading class org/w3c/dom/CharacterData done
Event: 216.624 Loading class org/w3c/dom/Text
Event: 216.624 Loading class org/w3c/dom/Text done
Event: 216.624 Loading class com/sun/org/apache/xerces/internal/dom/CharacterDataImpl
Event: 216.624 Loading class com/sun/org/apache/xerces/internal/dom/CharacterDataImpl done
Event: 216.624 Loading class com/sun/org/apache/xerces/internal/dom/TextImpl done
Event: 216.624 Loading class com/sun/org/apache/xerces/internal/dom/DeferredTextImpl done
Event: 216.624 Loading class com/sun/org/apache/xerces/internal/dom/CharacterDataImpl$1
Event: 216.624 Loading class com/sun/org/apache/xerces/internal/dom/CharacterDataImpl$1 done
Event: 216.625 Loading class com/sun/org/apache/xerces/internal/dom/DeferredCommentImpl
Event: 216.625 Loading class com/sun/org/apache/xerces/internal/dom/CommentImpl
Event: 216.625 Loading class org/w3c/dom/Comment
Event: 216.625 Loading class org/w3c/dom/Comment done
Event: 216.625 Loading class com/sun/org/apache/xerces/internal/dom/CommentImpl done
Event: 216.625 Loading class com/sun/org/apache/xerces/internal/dom/DeferredCommentImpl done

Classes unloaded (9 events):
Event: 217.534 Thread 0x0000011c30248a60 Unloading class 0x00000008015f1b88 '_BuildScript_$_run_closure4'
Event: 217.534 Thread 0x0000011c30248a60 Unloading class 0x00000008015f17b0 '_BuildScript_$_run_closure3'
Event: 217.534 Thread 0x0000011c30248a60 Unloading class 0x00000008015f13d8 '_BuildScript_$_run_closure2$_closure6'
Event: 217.534 Thread 0x0000011c30248a60 Unloading class 0x00000008015f1000 '_BuildScript_$_run_closure2'
Event: 217.534 Thread 0x0000011c30248a60 Unloading class 0x00000008015f0900 '_BuildScript_$_run_closure1$_closure5'
Event: 217.534 Thread 0x0000011c30248a60 Unloading class 0x00000008015f0528 '_BuildScript_$_run_closure1'
Event: 217.534 Thread 0x0000011c30248a60 Unloading class 0x00000008015f0000 '_BuildScript_'
Event: 217.534 Thread 0x0000011c30248a60 Unloading class 0x00000008015e8528 '_BuildScript_$_run_closure1'
Event: 217.534 Thread 0x0000011c30248a60 Unloading class 0x00000008015e8000 '_BuildScript_'

Classes redefined (0 events):
No events

Internal exceptions (20 events):
Event: 214.187 Thread 0x0000011c4fc42e40 Exception <a 'sun/nio/fs/WindowsException'{0x00000000eba81c10}> (0x00000000eba81c10) 
thrown [s\open\src\hotspot\share\prims\jni.cpp, line 516]
Event: 214.190 Thread 0x0000011c4fc42e40 Exception <a 'sun/nio/fs/WindowsException'{0x00000000eba81e18}> (0x00000000eba81e18) 
thrown [s\open\src\hotspot\share\prims\jni.cpp, line 516]
Event: 214.201 Thread 0x0000011c50f88560 Exception <a 'java/lang/ClassNotFoundException'{0x00000000ebad18c8}: build_886m16bkwgu2y12v6zyo280a9BeanInfo> (0x00000000ebad18c8) 
thrown [s\open\src\hotspot\share\classfile\systemDictionary.cpp, line 255]
Event: 214.201 Thread 0x0000011c50f88560 Exception <a 'java/lang/ClassNotFoundException'{0x00000000ebad7b68}: build_886m16bkwgu2y12v6zyo280a9Customizer> (0x00000000ebad7b68) 
thrown [s\open\src\hotspot\share\classfile\systemDictionary.cpp, line 255]
Event: 214.854 Thread 0x0000011c50f88560 Implicit null exception at 0x0000011c3f8b1e7b to 0x0000011c3f8b2038
Event: 214.878 Thread 0x0000011c50f88560 Implicit null exception at 0x0000011c3f95e86f to 0x0000011c3f95ecb8
Event: 214.893 Thread 0x0000011c50f88560 Implicit null exception at 0x0000011c3f8015cb to 0x0000011c3f8015f0
Event: 214.904 Thread 0x0000011c50f89d70 Exception <a 'java/lang/NoSuchMethodError'{0x00000000ef3737f0}: static Lorg/gradle/internal/build/event/types/DefaultOperationStartedProgressEvent;.<clinit>()V> (0x00000000ef3737f0) 
thrown [s\open\src\hotspot\share\prims\jni.cpp, line 1104]
Event: 214.906 Thread 0x0000011c50f89d70 Exception <a 'java/lang/NoSuchMethodError'{0x00000000ef382e00}: static Lorg/gradle/internal/build/event/types/DefaultFileDownloadDescriptor;.<clinit>()V> (0x00000000ef382e00) 
thrown [s\open\src\hotspot\share\prims\jni.cpp, line 1104]
Event: 214.907 Thread 0x0000011c50f89d70 Exception <a 'java/lang/NoSuchMethodError'{0x00000000ef385170}: static Lorg/gradle/internal/build/event/types/DefaultOperationDescriptor;.<clinit>()V> (0x00000000ef385170) 
thrown [s\open\src\hotspot\share\prims\jni.cpp, line 1104]
Event: 215.009 Thread 0x0000011c50f88560 Exception <a 'sun/nio/fs/WindowsException'{0x00000000ef19f0f8}> (0x00000000ef19f0f8) 
thrown [s\open\src\hotspot\share\prims\jni.cpp, line 516]
Event: 216.515 Thread 0x0000011c50f89d70 Exception <a 'java/lang/NoSuchMethodError'{0x00000000edc52db8}: static Lorg/gradle/internal/build/event/types/DefaultStatusEvent;.<clinit>()V> (0x00000000edc52db8) 
thrown [s\open\src\hotspot\share\prims\jni.cpp, line 1104]
Event: 216.523 Thread 0x0000011c50f89d70 Exception <a 'java/lang/NoSuchMethodError'{0x00000000edc88348}: static Lorg/gradle/internal/build/event/types/DefaultOperationFinishedProgressEvent;.<clinit>()V> (0x00000000edc88348) 
thrown [s\open\src\hotspot\share\prims\jni.cpp, line 1104]
Event: 216.527 Thread 0x0000011c50f89d70 Exception <a 'java/lang/NoSuchMethodError'{0x00000000edcae280}: static Lorg/gradle/internal/build/event/types/DefaultFileDownloadSuccessResult;.<clinit>()V> (0x00000000edcae280) 
thrown [s\open\src\hotspot\share\prims\jni.cpp, line 1104]
Event: 216.527 Thread 0x0000011c50f89d70 Exception <a 'java/lang/NoSuchMethodError'{0x00000000edcb06e0}: static Lorg/gradle/internal/build/event/types/DefaultSuccessResult;.<clinit>()V> (0x00000000edcb06e0) 
thrown [s\open\src\hotspot\share\prims\jni.cpp, line 1104]
Event: 216.527 Thread 0x0000011c50f89d70 Exception <a 'java/lang/NoSuchMethodError'{0x00000000edcb1358}: static Lorg/gradle/internal/build/event/types/AbstractOperationResult;.<clinit>()V> (0x00000000edcb1358) 
thrown [s\open\src\hotspot\share\prims\jni.cpp, line 1104]
Event: 219.798 Thread 0x0000011c50f88560 Exception <a 'java/lang/ClassNotFoundException'{0x00000000ed094918}: org/gradle/api/internal/artifacts/result/DefaultUnresolvedDependencyResultBeanInfo> (0x00000000ed094918) 
thrown [s\open\src\hotspot\share\classfile\systemDictionary.cpp, line 255]
Event: 219.798 Thread 0x0000011c50f88560 Exception <a 'java/lang/ClassNotFoundException'{0x00000000ed09dc60}: org/gradle/api/internal/artifacts/result/AbstractDependencyResultBeanInfo> (0x00000000ed09dc60) 
thrown [s\open\src\hotspot\share\classfile\systemDictionary.cpp, line 255]
Event: 219.799 Thread 0x0000011c50f88560 Exception <a 'java/lang/ClassNotFoundException'{0x00000000ed0a7238}: org/gradle/api/internal/artifacts/result/AbstractDependencyResultCustomizer> (0x00000000ed0a7238) 
thrown [s\open\src\hotspot\share\classfile\systemDictionary.cpp, line 255]
Event: 219.799 Thread 0x0000011c50f88560 Exception <a 'java/lang/ClassNotFoundException'{0x00000000ed0b3778}: org/gradle/api/internal/artifacts/result/DefaultUnresolvedDependencyResultCustomizer> (0x00000000ed0b3778) 
thrown [s\open\src\hotspot\share\classfile\systemDictionary.cpp, line 255]

VM Operations (20 events):
Event: 216.579 Executing VM operation: HandshakeAllThreads done
Event: 216.963 Executing VM operation: ICBufferFull
Event: 216.963 Executing VM operation: ICBufferFull done
Event: 217.340 Executing VM operation: G1CollectForAllocation
Event: 217.350 Executing VM operation: G1CollectForAllocation done
Event: 217.525 Executing VM operation: G1Concurrent
Event: 217.546 Executing VM operation: G1Concurrent done
Event: 217.639 Executing VM operation: G1Concurrent
Event: 217.640 Executing VM operation: G1Concurrent done
Event: 218.183 Executing VM operation: HandshakeAllThreads
Event: 218.184 Executing VM operation: HandshakeAllThreads done
Event: 219.186 Executing VM operation: Cleanup
Event: 219.186 Executing VM operation: Cleanup done
Event: 219.665 Executing VM operation: HandshakeAllThreads
Event: 219.666 Executing VM operation: HandshakeAllThreads done
Event: 219.715 Executing VM operation: HandshakeAllThreads
Event: 219.715 Executing VM operation: HandshakeAllThreads done
Event: 219.969 Executing VM operation: G1CollectForAllocation
Event: 219.985 Executing VM operation: G1CollectForAllocation done
Event: 220.022 Executing VM operation: G1CollectForAllocation

Events (20 events):
Event: 214.680 Thread 0x0000011c4fc41160 Thread added: 0x0000011c4fc41160
Event: 214.688 Thread 0x0000011c4fc41b00 Thread added: 0x0000011c4fc41b00
Event: 214.696 Thread 0x0000011c4fc41fd0 Thread added: 0x0000011c4fc41fd0
Event: 214.705 Thread 0x0000011c547f3a10 Thread added: 0x0000011c547f3a10
Event: 214.967 Loaded shared library C:\Program Files\Java\jdk-18.0.1.1\bin\sunmscapi.dll
Event: 215.720 Thread 0x0000011c5415f9d0 Thread exited: 0x0000011c5415f9d0
Event: 215.741 Thread 0x0000011c54163690 Thread added: 0x0000011c54163690
Event: 216.005 Thread 0x0000011c54163690 Thread exited: 0x0000011c54163690
Event: 216.528 Thread 0x0000011c54164ad0 Thread added: 0x0000011c54164ad0
Event: 216.791 Thread 0x0000011c54164ad0 Thread exited: 0x0000011c54164ad0
Event: 216.887 Thread 0x0000011c54163690 Thread added: 0x0000011c54163690
Event: 217.886 Thread 0x0000011c54163690 Thread exited: 0x0000011c54163690
Event: 218.184 Thread 0x0000011c4a2d9a30 flushing nmethod 0x0000011c3f672f10
Event: 218.355 Thread 0x0000011c54163690 Thread added: 0x0000011c54163690
Event: 218.517 Thread 0x0000011c54163690 Thread exited: 0x0000011c54163690
Event: 219.101 Thread 0x0000011c54163690 Thread added: 0x0000011c54163690
Event: 219.278 Thread 0x0000011c54163690 Thread exited: 0x0000011c54163690
Event: 219.300 Thread 0x0000011c54164ad0 Thread added: 0x0000011c54164ad0
Event: 219.485 Thread 0x0000011c54164ad0 Thread exited: 0x0000011c54164ad0
Event: 219.730 Thread 0x0000011c5415f9d0 Thread added: 0x0000011c5415f9d0


Dynamic libraries:
0x00007ff625500000 - 0x00007ff625510000 	C:\Program Files\Java\jdk-18.0.1.1\bin\java.exe
0x00007ffb2ffb0000 - 0x00007ffb301a5000 	C:\Windows\SYSTEM32\ntdll.dll
0x00007ffb2f170000 - 0x00007ffb2f22e000 	C:\Windows\System32\KERNEL32.DLL
0x00007ffb2da70000 - 0x00007ffb2dd38000 	C:\Windows\System32\KERNELBASE.dll
0x00007ffb2d970000 - 0x00007ffb2da70000 	C:\Windows\System32\ucrtbase.dll
0x00007ffb20cd0000 - 0x00007ffb20cea000 	C:\Program Files\Java\jdk-18.0.1.1\bin\VCRUNTIME140.dll
0x00007ffb20cb0000 - 0x00007ffb20cc8000 	C:\Program Files\Java\jdk-18.0.1.1\bin\jli.dll
0x00007ffb2f9f0000 - 0x00007ffb2fa9e000 	C:\Windows\System32\ADVAPI32.dll
0x00007ffb2e090000 - 0x00007ffb2e12e000 	C:\Windows\System32\msvcrt.dll
0x00007ffb2e780000 - 0x00007ffb2e81c000 	C:\Windows\System32\sechost.dll
0x00007ffb2e130000 - 0x00007ffb2e255000 	C:\Windows\System32\RPCRT4.dll
0x00007ffb2e260000 - 0x00007ffb2e400000 	C:\Windows\System32\USER32.dll
0x00007ffb2d8a0000 - 0x00007ffb2d8c2000 	C:\Windows\System32\win32u.dll
0x00007ffb1ef80000 - 0x00007ffb1f21a000 	C:\Windows\WinSxS\amd64_microsoft.windows.common-controls_6595b64144ccf1df_6.0.19041.1110_none_60b5254171f9507e\COMCTL32.dll
0x00007ffb2e9b0000 - 0x00007ffb2e9da000 	C:\Windows\System32\GDI32.dll
0x00007ffb2d720000 - 0x00007ffb2d82b000 	C:\Windows\System32\gdi32full.dll
0x00007ffb2d8d0000 - 0x00007ffb2d96d000 	C:\Windows\System32\msvcp_win.dll
0x00007ffb1cd60000 - 0x00007ffb1cd6a000 	C:\Windows\SYSTEM32\VERSION.dll
0x00007ffb2ff40000 - 0x00007ffb2ff70000 	C:\Windows\System32\IMM32.DLL
0x00007ffb241b0000 - 0x00007ffb241bc000 	C:\Program Files\Java\jdk-18.0.1.1\bin\vcruntime140_1.dll
0x00007ffb1a4f0000 - 0x00007ffb1a57d000 	C:\Program Files\Java\jdk-18.0.1.1\bin\msvcp140.dll
0x00007ffaf5940000 - 0x00007ffaf6550000 	C:\Program Files\Java\jdk-18.0.1.1\bin\server\jvm.dll
0x00007ffb2e770000 - 0x00007ffb2e778000 	C:\Windows\System32\PSAPI.DLL
0x00007ffb2a020000 - 0x00007ffb2a029000 	C:\Windows\SYSTEM32\WSOCK32.dll
0x00007ffb2e9f0000 - 0x00007ffb2ea5b000 	C:\Windows\System32\WS2_32.dll
0x00007ffb154b0000 - 0x00007ffb154d7000 	C:\Windows\SYSTEM32\WINMM.dll
0x00007ffb2b5f0000 - 0x00007ffb2b602000 	C:\Windows\SYSTEM32\kernel.appcore.dll
0x00007ffb1ed70000 - 0x00007ffb1ed7a000 	C:\Program Files\Java\jdk-18.0.1.1\bin\jimage.dll
0x00007ffb18c80000 - 0x00007ffb18e64000 	C:\Windows\SYSTEM32\DBGHELP.DLL
0x00007ffb18c50000 - 0x00007ffb18c7c000 	C:\Windows\SYSTEM32\dbgcore.DLL
0x00007ffb2dd40000 - 0x00007ffb2ddc2000 	C:\Windows\System32\bcryptPrimitives.dll
0x00007ffb1e220000 - 0x00007ffb1e245000 	C:\Program Files\Java\jdk-18.0.1.1\bin\java.dll
0x00007ffb13aa0000 - 0x00007ffb13b76000 	C:\Program Files\Java\jdk-18.0.1.1\bin\jsvml.dll
0x00007ffb2f230000 - 0x00007ffb2f974000 	C:\Windows\System32\SHELL32.dll
0x00007ffb2b7f0000 - 0x00007ffb2bf84000 	C:\Windows\SYSTEM32\windows.storage.dll
0x00007ffb2fb00000 - 0x00007ffb2fe54000 	C:\Windows\System32\combase.dll
0x00007ffb2d140000 - 0x00007ffb2d16c000 	C:\Windows\SYSTEM32\Wldp.dll
0x00007ffb2e820000 - 0x00007ffb2e8cd000 	C:\Windows\System32\SHCORE.dll
0x00007ffb2e010000 - 0x00007ffb2e065000 	C:\Windows\System32\shlwapi.dll
0x00007ffb2d610000 - 0x00007ffb2d62f000 	C:\Windows\SYSTEM32\profapi.dll
0x00007ffb1e1a0000 - 0x00007ffb1e1b3000 	C:\Program Files\Java\jdk-18.0.1.1\bin\net.dll
0x00007ffb25980000 - 0x00007ffb25a8a000 	C:\Windows\SYSTEM32\WINHTTP.dll
0x00007ffb2cea0000 - 0x00007ffb2cf0a000 	C:\Windows\system32\mswsock.dll
0x00007ffb1dfb0000 - 0x00007ffb1dfc6000 	C:\Program Files\Java\jdk-18.0.1.1\bin\nio.dll
0x00007ffb1df90000 - 0x00007ffb1dfa8000 	C:\Program Files\Java\jdk-18.0.1.1\bin\zip.dll
0x00007ffb1dd60000 - 0x00007ffb1dd70000 	C:\Program Files\Java\jdk-18.0.1.1\bin\verify.dll
0x00007ffb1c4a0000 - 0x00007ffb1c4c7000 	C:\Users\Javiera\.gradle\native\e1d6ef7f7dcc3fd88c89a11ec53ec762bb8ba0a96d01ffa2cd45eb1d1d8dd5c5\windows-amd64\native-platform.dll
0x00007ffb0fcb0000 - 0x00007ffb0fdf4000 	C:\Users\Javiera\.gradle\native\0d407fdbe67a94daf76414ababcb853783967236a71b16ec16e742cd7a986fd3\windows-amd64\native-platform-file-events.dll
0x00007ffb25970000 - 0x00007ffb25979000 	C:\Program Files\Java\jdk-18.0.1.1\bin\management.dll
0x00007ffb25960000 - 0x00007ffb2596b000 	C:\Program Files\Java\jdk-18.0.1.1\bin\management_ext.dll
0x00007ffb2d0a0000 - 0x00007ffb2d0b8000 	C:\Windows\SYSTEM32\CRYPTSP.dll
0x00007ffb2c7b0000 - 0x00007ffb2c7e4000 	C:\Windows\system32\rsaenh.dll
0x00007ffb2de80000 - 0x00007ffb2dea7000 	C:\Windows\System32\bcrypt.dll
0x00007ffb2d5d0000 - 0x00007ffb2d5fe000 	C:\Windows\SYSTEM32\USERENV.dll
0x00007ffb2d090000 - 0x00007ffb2d09c000 	C:\Windows\SYSTEM32\CRYPTBASE.dll
0x00007ffb2cb40000 - 0x00007ffb2cb7b000 	C:\Windows\SYSTEM32\IPHLPAPI.DLL
0x00007ffb2e9e0000 - 0x00007ffb2e9e8000 	C:\Windows\System32\NSI.dll
0x00007ffb24f70000 - 0x00007ffb24f87000 	C:\Windows\SYSTEM32\dhcpcsvc6.DLL
0x00007ffb24f10000 - 0x00007ffb24f2d000 	C:\Windows\SYSTEM32\dhcpcsvc.DLL
0x00007ffb2cb80000 - 0x00007ffb2cc4b000 	C:\Windows\SYSTEM32\DNSAPI.dll
0x00007ffb1ddf0000 - 0x00007ffb1ddfe000 	C:\Program Files\Java\jdk-18.0.1.1\bin\sunmscapi.dll
0x00007ffb2deb0000 - 0x00007ffb2e006000 	C:\Windows\System32\CRYPT32.dll
0x00007ffb2d1b0000 - 0x00007ffb2d1d7000 	C:\Windows\SYSTEM32\ncrypt.dll
0x00007ffb2d170000 - 0x00007ffb2d1ab000 	C:\Windows\SYSTEM32\NTASN1.dll
0x00007ffb20520000 - 0x00007ffb2052a000 	C:\Windows\System32\rasadhlp.dll
0x00007ffb20930000 - 0x00007ffb209af000 	C:\Windows\System32\fwpuclnt.dll

dbghelp: loaded successfully - version: 4.0.5 - missing functions: none
symbol engine: initialized successfully - sym options: 0x614 - pdb path: .;C:\Program Files\Java\jdk-18.0.1.1\bin;C:\Windows\SYSTEM32;C:\Windows\WinSxS\amd64_microsoft.windows.common-controls_6595b64144ccf1df_6.0.19041.1110_none_60b5254171f9507e;C:\Program Files\Java\jdk-18.0.1.1\bin\server;C:\Users\Javiera\.gradle\native\e1d6ef7f7dcc3fd88c89a11ec53ec762bb8ba0a96d01ffa2cd45eb1d1d8dd5c5\windows-amd64;C:\Users\Javiera\.gradle\native\0d407fdbe67a94daf76414ababcb853783967236a71b16ec16e742cd7a986fd3\windows-amd64

VM Arguments:
jvm_args: --add-opens=java.base/java.util=ALL-UNNAMED --add-opens=java.base/java.lang=ALL-UNNAMED --add-opens=java.base/java.lang.invoke=ALL-UNNAMED --add-opens=java.base/java.util=ALL-UNNAMED --add-opens=java.prefs/java.util.prefs=ALL-UNNAMED --add-opens=java.prefs/java.util.prefs=ALL-UNNAMED --add-opens=java.base/java.nio.charset=ALL-UNNAMED --add-opens=java.base/java.net=ALL-UNNAMED --add-opens=java.base/java.util.concurrent.atomic=ALL-UNNAMED -XX:MaxMetaspaceSize=256m -XX:+HeapDumpOnOutOfMemoryError -Xms256m -Xmx512m -Dfile.encoding=windows-1252 -Duser.country=CL -Duser.language=es -Duser.variant 
java_command: org.gradle.launcher.daemon.bootstrap.GradleDaemon 7.4.1
java_class_path (initial): C:\Users\Javiera\.gradle\wrapper\dists\gradle-7.4.1-bin\58kw26xllvsiedyf3nujyarhn\gradle-7.4.1\lib\gradle-launcher-7.4.1.jar
Launcher Type: SUN_STANDARD

[Global flags]
     intx CICompilerCount                          = 3                                         {product} {ergonomic}
   size_t CompressedClassSpaceSize                 = 218103808                                 {product} {ergonomic}
     uint ConcGCThreads                            = 1                                         {product} {ergonomic}
     uint G1ConcRefinementThreads                  = 4                                         {product} {ergonomic}
   size_t G1HeapRegionSize                         = 1048576                                   {product} {ergonomic}
    uintx GCDrainStackTargetSize                   = 64                                        {product} {ergonomic}
     bool HeapDumpOnOutOfMemoryError               = true                                   {manageable} {command line}
   size_t InitialHeapSize                          = 268435456                                 {product} {command line}
   size_t MarkStackSize                            = 4194304                                   {product} {ergonomic}
   size_t MaxHeapSize                              = 536870912                                 {product} {command line}
   size_t MaxMetaspaceSize                         = 268435456                                 {product} {command line}
   size_t MaxNewSize                               = 321912832                                 {product} {ergonomic}
   size_t MinHeapDeltaBytes                        = 1048576                                   {product} {ergonomic}
   size_t MinHeapSize                              = 268435456                                 {product} {command line}
    uintx NonNMethodCodeHeapSize                   = 5832780                                {pd product} {ergonomic}
    uintx NonProfiledCodeHeapSize                  = 122912730                              {pd product} {ergonomic}
    uintx ProfiledCodeHeapSize                     = 122912730                              {pd product} {ergonomic}
    uintx ReservedCodeCacheSize                    = 251658240                              {pd product} {ergonomic}
     bool SegmentedCodeCache                       = true                                      {product} {ergonomic}
   size_t SoftMaxHeapSize                          = 536870912                              {manageable} {ergonomic}
     bool UseCompressedClassPointers               = true                           {product lp64_product} {ergonomic}
     bool UseCompressedOops                        = true                           {product lp64_product} {ergonomic}
     bool UseG1GC                                  = true                                      {product} {ergonomic}
     bool UseLargePagesIndividualAllocation        = false                                  {pd product} {ergonomic}

Logging:
Log output configuration:
 #0: stdout all=warning uptime,level,tags foldmultilines=false
 #1: stderr all=off uptime,level,tags foldmultilines=false

Environment Variables:
PATH=C:\Program Files\Common Files\Oracle\Java\javapath;C:\Program Files (x86)\VMware\VMware Player\bin\;C:\Program Files (x86)\Intel\iCLS Client\;C:\Program Files\Intel\iCLS Client\;C:\Windows\system32;C:\Windows;C:\Windows\System32\Wbem;C:\Windows\System32\WindowsPowerShell\v1.0\;C:\Windows\System32\OpenSSH\;C:\Program Files\Intel\Intel(R) Management Engine Components\DAL;C:\Program Files (x86)\Intel\Intel(R) Management Engine Components\DAL;C:\Program Files\Intel\Intel(R) Management Engine Components\IPT;C:\Program Files (x86)\Intel\Intel(R) Management Engine Components\IPT;C:\Program Files\Git\cmd;C:\Users\Javiera\AppData\Local\Microsoft\WindowsApps;;C:\Program Files\JetBrains\IntelliJ IDEA Community Edition 2021.2.2\bin;;C:\Program Files\JetBrains\IntelliJ IDEA 2021.2.2\bin;
USERNAME=Javiera
OS=Windows_NT
PROCESSOR_IDENTIFIER=Intel64 Family 6 Model 58 Stepping 9, GenuineIntel



---------------  S Y S T E M  ---------------

OS:
 Windows 10 , 64 bit Build 19041 (10.0.19041.1645)
OS uptime: 0 days 5:56 hours

CPU: total 4 (initial active 4) (2 cores per cpu, 2 threads per core) family 6 model 58 stepping 9 microcode 0x21, cx8, cmov, fxsr, ht, mmx, sse, sse2, sse3, ssse3, sse4.1, sse4.2, popcnt, tsc, tscinvbit, avx, aes, erms, clmul, vzeroupper, clflush

Memory: 4k page, system-wide physical 8098M (2097M free)
TotalPageFile size 9378M (AvailPageFile size 2526M)
current process WorkingSet (physical memory assigned to process): 483M, peak: 485M
current process commit charge ("private bytes"): 526M, peak: 528M

vm_info: Java HotSpot(TM) 64-Bit Server VM (18.0.1.1+2-6) for windows-amd64 JRE (18.0.1.1+2-6), built on Apr 25 2022 21:53:15 by "mach5one" with MS VC++ 16.8 / 16.9 (VS2019)

END.
