#
# A fatal error has been detected by the Java Runtime Environment:
#
#  Internal Error (relocInfo_x86.cpp:155), pid=8960, tid=5564
#  guarantee(which == Assembler::imm_operand) failed: must be immediate operand
#
# JRE version: Java(TM) SE Runtime Environment (18.0.1.1+2) (build 18.0.1.1+2-6)
# Java VM: Java HotSpot(TM) 64-Bit Server VM (18.0.1.1+2-6, mixed mode, sharing, tiered, compressed oops, compressed class ptrs, g1 gc, windows-amd64)
# No core dump will be written. Minidumps are not enabled by default on client versions of Windows
#
# If you would like to submit a bug report, please visit:
#   https://bugreport.java.com/bugreport/crash.jsp
#

---------------  S U M M A R Y ------------

Command Line: --add-opens=java.base/java.util=ALL-UNNAMED --add-opens=java.base/java.lang=ALL-UNNAMED --add-opens=java.base/java.lang.invoke=ALL-UNNAMED --add-opens=java.base/java.util=ALL-UNNAMED --add-opens=java.prefs/java.util.prefs=ALL-UNNAMED --add-opens=java.prefs/java.util.prefs=ALL-UNNAMED --add-opens=java.base/java.nio.charset=ALL-UNNAMED --add-opens=java.base/java.net=ALL-UNNAMED --add-opens=java.base/java.util.concurrent.atomic=ALL-UNNAMED -XX:MaxMetaspaceSize=256m -XX:+HeapDumpOnOutOfMemoryError -Xms256m -Xmx512m -Dfile.encoding=windows-1252 -Duser.country=CL -Duser.language=es -Duser.variant org.gradle.launcher.daemon.bootstrap.GradleDaemon 7.4.1

Host: Intel(R) Core(TM) i5-3210M CPU @ 2.50GHz, 4 cores, 7G,  Windows 10 , 64 bit Build 19041 (10.0.19041.1645)
Time: Wed May 18 00:29:58 2022 Hora est. Sudamérica Pacífico elapsed time: 502.934476 seconds (0d 0h 8m 22s)

---------------  T H R E A D  ---------------

Current thread (0x000001d5fa39fb30):  WorkerThread "GC Thread#1" [stack: 0x0000007f17700000,0x0000007f17800000] [id=5564]

Stack: [0x0000007f17700000,0x0000007f17800000]
Native frames: (J=compiled Java code, j=interpreted, Vv=VM code, C=native code)
V  [jvm.dll+0x69887a]
V  [jvm.dll+0x7f38bd]
V  [jvm.dll+0x7f51ce]
V  [jvm.dll+0x7f5837]
V  [jvm.dll+0x25c99a]
V  [jvm.dll+0x6e86bf]
V  [jvm.dll+0x6e72d5]
V  [jvm.dll+0x671f6c]
V  [jvm.dll+0x3411c7]
V  [jvm.dll+0x6704cb]
V  [jvm.dll+0x66fc59]
V  [jvm.dll+0x6a3303]
V  [jvm.dll+0x325293]
V  [jvm.dll+0x81fae4]
V  [jvm.dll+0x7a03ea]
V  [jvm.dll+0x697725]
C  [ucrtbase.dll+0x21bb2]
C  [KERNEL32.DLL+0x17034]
C  [ntdll.dll+0x52651]


---------------  P R O C E S S  ---------------

Threads class SMR info:
_java_thread_list=0x000001d5fd5d8850, length=84, elements={
0x000001d5ea895330, 0x000001d5ea95e320, 0x000001d5f5931da0, 0x000001d5f5948b70,
0x000001d5f5949420, 0x000001d5f594a0e0, 0x000001d5f594a990, 0x000001d5f594ecf0,
0x000001d5f594f860, 0x000001d5f596ce20, 0x000001d5f9c80f30, 0x000001d5f9c85c20,
0x000001d5fb0f42a0, 0x000001d5faf7b140, 0x000001d5fbbcb820, 0x000001d5faf6d970,
0x000001d5faf6de40, 0x000001d5faf6bc90, 0x000001d5faf6c630, 0x000001d5faf6ae20,
0x000001d5faf6b2f0, 0x000001d5faf6d4a0, 0x000001d5faf6cb00, 0x000001d5faf6cfd0,
0x000001d5fd9c8d70, 0x000001d5fd9c3200, 0x000001d5f9ead3a0, 0x000001d5fee09df0,
0x000001d5fee0e150, 0x000001d5fee10ca0, 0x000001d5fee0a790, 0x000001d5fee0ac60,
0x000001d5fee0f960, 0x000001d5fee0b130, 0x000001d5fee0bad0, 0x000001d5fee0bfa0,
0x000001d5fee0e620, 0x000001d5fee09920, 0x000001d5fee0eaf0, 0x000001d5fee0efc0,
0x000001d5fee0fe30, 0x000001d5fee10300, 0x000001d5fee11170, 0x000001d5fee0a2c0,
0x000001d5f9eae6e0, 0x000001d5f9eb2f10, 0x000001d5f9eaebb0, 0x000001d5f9eaf080,
0x000001d5f9eaf550, 0x000001d5f9eb38b0, 0x000001d5f9eafa20, 0x000001d5f9eac060,
0x000001d5f9eb0890, 0x000001d5f9eafef0, 0x000001d5f9eb03c0, 0x000001d5f9eb0d60,
0x000001d5f9eae210, 0x000001d5f9eb20a0, 0x000001d5f9eb1230, 0x000001d5f9eb1700,
0x000001d5f9eaced0, 0x000001d5f9eb2570, 0x000001d5f9eb2a40, 0x000001d5f9eb33e0,
0x000001d5f9eadd40, 0x000001d5f9eac530, 0x000001d5f9eaca00, 0x000001d5f9ead870,
0x000001d5fd9c5880, 0x000001d5fd9c9be0, 0x000001d5fd9c36d0, 0x000001d5fd9c7f00,
0x000001d5fd9c3ba0, 0x000001d5fd9c6220, 0x000001d5fd9ca0b0, 0x000001d5fd9c53b0,
0x000001d5fd9c5d50, 0x000001d5fd9c9710, 0x000001d5fd9ca580, 0x000001d5fd9c7090,
0x000001d5fd9c2d30, 0x000001d5fd9c6bc0, 0x000001d5fd9c4070, 0x000001d5fda7ca30
}

Java Threads: ( => current thread )
  0x000001d5ea895330 JavaThread "main" [_thread_blocked, id=6924, stack(0x0000007f16300000,0x0000007f16400000)]
  0x000001d5ea95e320 JavaThread "Reference Handler" daemon [_thread_blocked, id=11256, stack(0x0000007f16a00000,0x0000007f16b00000)]
  0x000001d5f5931da0 JavaThread "Finalizer" daemon [_thread_blocked, id=6140, stack(0x0000007f16b00000,0x0000007f16c00000)]
  0x000001d5f5948b70 JavaThread "Signal Dispatcher" daemon [_thread_blocked, id=7576, stack(0x0000007f16c00000,0x0000007f16d00000)]
  0x000001d5f5949420 JavaThread "Attach Listener" daemon [_thread_blocked, id=476, stack(0x0000007f16d00000,0x0000007f16e00000)]
  0x000001d5f594a0e0 JavaThread "Service Thread" daemon [_thread_blocked, id=10552, stack(0x0000007f16e00000,0x0000007f16f00000)]
  0x000001d5f594a990 JavaThread "Monitor Deflation Thread" daemon [_thread_blocked, id=4868, stack(0x0000007f16f00000,0x0000007f17000000)]
  0x000001d5f594ecf0 JavaThread "C2 CompilerThread0" daemon [_thread_blocked, id=10616, stack(0x0000007f17000000,0x0000007f17100000)]
  0x000001d5f594f860 JavaThread "C1 CompilerThread0" daemon [_thread_blocked, id=5364, stack(0x0000007f17100000,0x0000007f17200000)]
  0x000001d5f596ce20 JavaThread "Sweeper thread" daemon [_thread_blocked, id=3104, stack(0x0000007f17200000,0x0000007f17300000)]
  0x000001d5f9c80f30 JavaThread "Common-Cleaner" daemon [_thread_blocked, id=2552, stack(0x0000007f17300000,0x0000007f17400000)]
  0x000001d5f9c85c20 JavaThread "Notification Thread" daemon [_thread_blocked, id=10880, stack(0x0000007f17400000,0x0000007f17500000)]
  0x000001d5fb0f42a0 JavaThread "Daemon health stats" [_thread_blocked, id=9288, stack(0x0000007f17a00000,0x0000007f17b00000)]
  0x000001d5faf7b140 JavaThread "Incoming local TCP Connector on port 65313" [_thread_in_native, id=8752, stack(0x0000007f17b00000,0x0000007f17c00000)]
  0x000001d5fbbcb820 JavaThread "Daemon periodic checks" [_thread_blocked, id=7164, stack(0x0000007f17c00000,0x0000007f17d00000)]
  0x000001d5faf6d970 JavaThread "Cache worker for journal cache (C:\Users\Javiera\.gradle\caches\journal-1)" [_thread_blocked, id=1072, stack(0x0000007f17600000,0x0000007f17700000)]
  0x000001d5faf6de40 JavaThread "File lock request listener" [_thread_in_native, id=11164, stack(0x0000007f18400000,0x0000007f18500000)]
  0x000001d5faf6bc90 JavaThread "Cache worker for file hash cache (C:\Users\Javiera\.gradle\caches\7.4.1\fileHashes)" [_thread_blocked, id=5000, stack(0x0000007f18500000,0x0000007f18600000)]
  0x000001d5faf6c630 JavaThread "File watcher server" daemon [_thread_in_native, id=4208, stack(0x0000007f18700000,0x0000007f18800000)]
  0x000001d5faf6ae20 JavaThread "File watcher consumer" daemon [_thread_blocked, id=3328, stack(0x0000007f18800000,0x0000007f18900000)]
  0x000001d5faf6b2f0 JavaThread "jar transforms" [_thread_blocked, id=5900, stack(0x0000007f18900000,0x0000007f18a00000)]
  0x000001d5faf6d4a0 JavaThread "jar transforms Thread 2" [_thread_blocked, id=1588, stack(0x0000007f18a00000,0x0000007f18b00000)]
  0x000001d5faf6cb00 JavaThread "jar transforms Thread 3" [_thread_blocked, id=1880, stack(0x0000007f18b00000,0x0000007f18c00000)]
  0x000001d5faf6cfd0 JavaThread "jar transforms Thread 4" [_thread_blocked, id=1860, stack(0x0000007f18c00000,0x0000007f18d00000)]
  0x000001d5fd9c8d70 JavaThread "Cache worker for execution history cache (C:\Users\Javiera\.gradle\caches\7.4.1\executionHistory)" [_thread_blocked, id=2272, stack(0x0000007f19100000,0x0000007f19200000)]
  0x000001d5fd9c3200 JavaThread "Cache worker for file content cache (C:\Users\Javiera\.gradle\caches\7.4.1\fileContent)" [_thread_blocked, id=3128, stack(0x0000007f19200000,0x0000007f19300000)]
  0x000001d5f9ead3a0 JavaThread "Memory manager" [_thread_blocked, id=3704, stack(0x0000007f1a900000,0x0000007f1aa00000)]
  0x000001d5fee09df0 JavaThread "Daemon Thread 2" [_thread_blocked, id=4024, stack(0x0000007f16000000,0x0000007f16100000)]
  0x000001d5fee0e150 JavaThread "Handler for socket connection from /127.0.0.1:65313 to /127.0.0.1:65486" [_thread_in_native, id=3004, stack(0x0000007f16100000,0x0000007f16200000)]
  0x000001d5fee10ca0 JavaThread "Cancel handler" [_thread_blocked, id=1828, stack(0x0000007f16200000,0x0000007f16300000)]
  0x000001d5fee0a790 JavaThread "Daemon worker Thread 2" [_thread_blocked, id=3664, stack(0x0000007f17d00000,0x0000007f17e00000)]
  0x000001d5fee0ac60 JavaThread "Asynchronous log dispatcher for DefaultDaemonConnection: socket connection from /127.0.0.1:65313 to /127.0.0.1:65486" [_thread_blocked, id=8644, stack(0x0000007f17e00000,0x0000007f17f00000)]
  0x000001d5fee0f960 JavaThread "Stdin handler" [_thread_blocked, id=3992, stack(0x0000007f17f00000,0x0000007f18000000)]
  0x000001d5fee0b130 JavaThread "Daemon client event forwarder" [_thread_blocked, id=6544, stack(0x0000007f18000000,0x0000007f18100000)]
  0x000001d5fee0bad0 JavaThread "Cache worker for checksums cache (C:\Users\Javiera\IdeaProjects\backend\.gradle\7.4.1\checksums)" [_thread_blocked, id=1584, stack(0x0000007f18100000,0x0000007f18200000)]
  0x000001d5fee0bfa0 JavaThread "Cache worker for cache directory md-rule (C:\Users\Javiera\.gradle\caches\7.4.1\md-rule)" [_thread_blocked, id=8864, stack(0x0000007f18200000,0x0000007f18300000)]
  0x000001d5fee0e620 JavaThread "Cache worker for file hash cache (C:\Users\Javiera\IdeaProjects\backend\.gradle\7.4.1\fileHashes)" [_thread_blocked, id=7108, stack(0x0000007f18300000,0x0000007f18400000)]
  0x000001d5fee09920 JavaThread "Cache worker for cache directory md-supplier (C:\Users\Javiera\.gradle\caches\7.4.1\md-supplier)" [_thread_blocked, id=3148, stack(0x0000007f18600000,0x0000007f18700000)]
  0x000001d5fee0eaf0 JavaThread "Cache worker for dependencies-accessors (C:\Users\Javiera\IdeaProjects\backend\.gradle\7.4.1\dependencies-accessors)" [_thread_blocked, id=10712, stack(0x0000007f18d00000,0x0000007f18e00000)]
  0x000001d5fee0efc0 JavaThread "Cache worker for Build Output Cleanup Cache (C:\Users\Javiera\IdeaProjects\backend\.gradle\buildOutputCleanup)" [_thread_blocked, id=7428, stack(0x0000007f18e00000,0x0000007f18f00000)]
  0x000001d5fee0fe30 JavaThread "Unconstrained build operations" [_thread_blocked, id=8332, stack(0x0000007f18f00000,0x0000007f19000000)]
  0x000001d5fee10300 JavaThread "Unconstrained build operations Thread 2" [_thread_blocked, id=7444, stack(0x0000007f19000000,0x0000007f19100000)]
  0x000001d5fee11170 JavaThread "Unconstrained build operations Thread 3" [_thread_blocked, id=4588, stack(0x0000007f19400000,0x0000007f19500000)]
  0x000001d5fee0a2c0 JavaThread "Unconstrained build operations Thread 4" [_thread_blocked, id=5916, stack(0x0000007f19600000,0x0000007f19700000)]
  0x000001d5f9eae6e0 JavaThread "Unconstrained build operations Thread 5" [_thread_blocked, id=10944, stack(0x0000007f19700000,0x0000007f19800000)]
  0x000001d5f9eb2f10 JavaThread "Unconstrained build operations Thread 6" [_thread_blocked, id=7056, stack(0x0000007f19800000,0x0000007f19900000)]
  0x000001d5f9eaebb0 JavaThread "Unconstrained build operations Thread 7" [_thread_blocked, id=6996, stack(0x0000007f19900000,0x0000007f19a00000)]
  0x000001d5f9eaf080 JavaThread "Unconstrained build operations Thread 8" [_thread_blocked, id=10940, stack(0x0000007f19a00000,0x0000007f19b00000)]
  0x000001d5f9eaf550 JavaThread "Unconstrained build operations Thread 9" [_thread_blocked, id=9660, stack(0x0000007f19b00000,0x0000007f19c00000)]
  0x000001d5f9eb38b0 JavaThread "Unconstrained build operations Thread 10" [_thread_blocked, id=11048, stack(0x0000007f19c00000,0x0000007f19d00000)]
  0x000001d5f9eafa20 JavaThread "Unconstrained build operations Thread 11" [_thread_blocked, id=6296, stack(0x0000007f19d00000,0x0000007f19e00000)]
  0x000001d5f9eac060 JavaThread "Unconstrained build operations Thread 12" [_thread_blocked, id=3056, stack(0x0000007f19e00000,0x0000007f19f00000)]
  0x000001d5f9eb0890 JavaThread "Unconstrained build operations Thread 13" [_thread_blocked, id=4948, stack(0x0000007f19f00000,0x0000007f1a000000)]
  0x000001d5f9eafef0 JavaThread "Unconstrained build operations Thread 14" [_thread_blocked, id=8740, stack(0x0000007f1a000000,0x0000007f1a100000)]
  0x000001d5f9eb03c0 JavaThread "Unconstrained build operations Thread 15" [_thread_blocked, id=8884, stack(0x0000007f1a100000,0x0000007f1a200000)]
  0x000001d5f9eb0d60 JavaThread "Unconstrained build operations Thread 16" [_thread_blocked, id=5288, stack(0x0000007f1a200000,0x0000007f1a300000)]
  0x000001d5f9eae210 JavaThread "Unconstrained build operations Thread 17" [_thread_blocked, id=3520, stack(0x0000007f1a300000,0x0000007f1a400000)]
  0x000001d5f9eb20a0 JavaThread "Unconstrained build operations Thread 18" [_thread_blocked, id=2696, stack(0x0000007f1a400000,0x0000007f1a500000)]
  0x000001d5f9eb1230 JavaThread "Unconstrained build operations Thread 19" [_thread_blocked, id=1080, stack(0x0000007f1a500000,0x0000007f1a600000)]
  0x000001d5f9eb1700 JavaThread "included builds" [_thread_blocked, id=7076, stack(0x0000007f1a600000,0x0000007f1a700000)]
  0x000001d5f9eaced0 JavaThread "Cache worker for execution history cache (C:\Users\Javiera\IdeaProjects\backend\.gradle\7.4.1\executionHistory)" [_thread_blocked, id=560, stack(0x0000007f1ab00000,0x0000007f1ac00000)]
  0x000001d5f9eb2570 JavaThread "idea-tooling-model-converter" [_thread_blocked, id=5788, stack(0x0000007f1a700000,0x0000007f1a800000)]
  0x000001d5f9eb2a40 JavaThread "Unconstrained build operations Thread 20" [_thread_blocked, id=10856, stack(0x0000007f1a800000,0x0000007f1a900000)]
  0x000001d5f9eb33e0 JavaThread "Unconstrained build operations Thread 21" [_thread_blocked, id=1776, stack(0x0000007f1aa00000,0x0000007f1ab00000)]
  0x000001d5f9eadd40 JavaThread "Unconstrained build operations Thread 22" [_thread_blocked, id=2232, stack(0x0000007f1ad00000,0x0000007f1ae00000)]
  0x000001d5f9eac530 JavaThread "Unconstrained build operations Thread 23" [_thread_blocked, id=5152, stack(0x0000007f1ae00000,0x0000007f1af00000)]
  0x000001d5f9eaca00 JavaThread "Unconstrained build operations Thread 24" [_thread_blocked, id=2836, stack(0x0000007f1af00000,0x0000007f1b000000)]
  0x000001d5f9ead870 JavaThread "Unconstrained build operations Thread 25" [_thread_blocked, id=5492, stack(0x0000007f1b000000,0x0000007f1b100000)]
  0x000001d5fd9c5880 JavaThread "Unconstrained build operations Thread 26" [_thread_blocked, id=9124, stack(0x0000007f1b100000,0x0000007f1b200000)]
  0x000001d5fd9c9be0 JavaThread "Unconstrained build operations Thread 27" [_thread_blocked, id=11176, stack(0x0000007f1b200000,0x0000007f1b300000)]
  0x000001d5fd9c36d0 JavaThread "Unconstrained build operations Thread 28" [_thread_blocked, id=7964, stack(0x0000007f1b300000,0x0000007f1b400000)]
  0x000001d5fd9c7f00 JavaThread "Unconstrained build operations Thread 29" [_thread_blocked, id=10596, stack(0x0000007f1b400000,0x0000007f1b500000)]
  0x000001d5fd9c3ba0 JavaThread "Unconstrained build operations Thread 30" [_thread_blocked, id=10400, stack(0x0000007f1b500000,0x0000007f1b600000)]
  0x000001d5fd9c6220 JavaThread "Unconstrained build operations Thread 31" [_thread_blocked, id=10960, stack(0x0000007f1b600000,0x0000007f1b700000)]
  0x000001d5fd9ca0b0 JavaThread "Unconstrained build operations Thread 32" [_thread_blocked, id=10936, stack(0x0000007f1b700000,0x0000007f1b800000)]
  0x000001d5fd9c53b0 JavaThread "Unconstrained build operations Thread 33" [_thread_blocked, id=620, stack(0x0000007f1b800000,0x0000007f1b900000)]
  0x000001d5fd9c5d50 JavaThread "Unconstrained build operations Thread 34" [_thread_blocked, id=10536, stack(0x0000007f1b900000,0x0000007f1ba00000)]
  0x000001d5fd9c9710 JavaThread "Unconstrained build operations Thread 35" [_thread_blocked, id=6852, stack(0x0000007f1ba00000,0x0000007f1bb00000)]
  0x000001d5fd9ca580 JavaThread "Unconstrained build operations Thread 36" [_thread_blocked, id=4896, stack(0x0000007f1bb00000,0x0000007f1bc00000)]
  0x000001d5fd9c7090 JavaThread "Unconstrained build operations Thread 37" [_thread_blocked, id=10716, stack(0x0000007f1bc00000,0x0000007f1bd00000)]
  0x000001d5fd9c2d30 JavaThread "Unconstrained build operations Thread 38" [_thread_blocked, id=9600, stack(0x0000007f1bd00000,0x0000007f1be00000)]
  0x000001d5fd9c6bc0 JavaThread "Unconstrained build operations Thread 39" [_thread_blocked, id=7456, stack(0x0000007f1be00000,0x0000007f1bf00000)]
  0x000001d5fd9c4070 JavaThread "Unconstrained build operations Thread 40" [_thread_blocked, id=6848, stack(0x0000007f1bf00000,0x0000007f1c000000)]
  0x000001d5fda7ca30 JavaThread "C2 CompilerThread1" daemon [_thread_blocked, id=5168, stack(0x0000007f19500000,0x0000007f19600000)]

Other Threads:
  0x000001d5ea8d2010 VMThread "VM Thread" [stack: 0x0000007f16900000,0x0000007f16a00000] [id=10268]
  0x000001d5f9c880f0 WatcherThread "VM Periodic Task Thread" [stack: 0x0000007f17500000,0x0000007f17600000] [id=3232]
  0x000001d5ea8c55f0 WorkerThread "GC Thread#0" [stack: 0x0000007f16400000,0x0000007f16500000] [id=2212]
=>0x000001d5fa39fb30 WorkerThread "GC Thread#1" [stack: 0x0000007f17700000,0x0000007f17800000] [id=5564]
  0x000001d5fa2f1800 WorkerThread "GC Thread#2" [stack: 0x0000007f17800000,0x0000007f17900000] [id=416]
  0x000001d5fa117890 WorkerThread "GC Thread#3" [stack: 0x0000007f17900000,0x0000007f17a00000] [id=7864]
  0x000001d5ea8cb2e0 ConcurrentGCThread "G1 Main Marker" [stack: 0x0000007f16500000,0x0000007f16600000] [id=10176]
  0x000001d5ea8cba80 WorkerThread "G1 Conc#0" [stack: 0x0000007f16600000,0x0000007f16700000] [id=11152]
  0x000001d5ea93c720 ConcurrentGCThread "G1 Refine#0" [stack: 0x0000007f16700000,0x0000007f16800000] [id=4784]
  0x000001d5fdadc630 ConcurrentGCThread "G1 Refine#1" [stack: 0x0000007f19300000,0x0000007f19400000] [id=5556]
  0x000001d5fb56e6e0 ConcurrentGCThread "G1 Refine#2" [stack: 0x0000007f1ac00000,0x0000007f1ad00000] [id=4988]
  0x000001d5ea93cde0 ConcurrentGCThread "G1 Service" [stack: 0x0000007f16800000,0x0000007f16900000] [id=516]

Threads with active compile tasks:
C2 CompilerThread0   502971 13123       4       org.gradle.internal.component.model.ComponentAttributeMatcher::match (259 bytes)
C1 CompilerThread0   502972 13164       3       org.gradle.api.internal.file.AbstractBaseDirFileResolver::doResolve (114 bytes)
C2 CompilerThread1   502972 13113       4       com.google.common.collect.AbstractMapBasedMultimap::put (92 bytes)

VM state: at safepoint (normal execution)

VM Mutex/Monitor currently owned by a thread:  ([mutex/lock_event])
[0x000001d5e878b0d0] Threads_lock - owner thread: 0x000001d5ea8d2010
[0x000001d5e878a7d0] Heap_lock - owner thread: 0x000001d5ea8cb2e0

Heap address: 0x00000000e0000000, size: 512 MB, Compressed Oops mode: 32-bit

CDS archive(s) mapped at: [0x0000000800000000-0x0000000800ba0000-0x0000000800ba0000), size 12189696, SharedBaseAddress: 0x0000000800000000, ArchiveRelocationMode: 0.
Compressed class space mapped at: 0x0000000800c00000-0x000000080dc00000, reserved size: 218103808
Narrow klass base: 0x0000000800000000, Narrow klass shift: 0, Narrow klass range: 0x100000000

GC Precious Log:
 CardTable entry size: 512
 Card Set container configuration: InlinePtr #cards 5 size 8 Array Of Cards #cards 12 size 40 Howl #buckets 4 coarsen threshold 1843 Howl Bitmap #cards 512 size 80 coarsen threshold 460 Card regions per heap region 1 cards per card region 2048
 CPUs: 4 total, 4 available
 Memory: 8098M
 Large Page Support: Disabled
 NUMA Support: Disabled
 Compressed Oops: Enabled (32-bit)
 Heap Region Size: 1M
 Heap Min Capacity: 256M
 Heap Initial Capacity: 256M
 Heap Max Capacity: 512M
 Pre-touch: Disabled
 Parallel Workers: 4
 Concurrent Workers: 1
 Concurrent Refinement Workers: 4
 Periodic GC: Disabled

Heap:
 garbage-first heap   total 267264K, used 157382K [0x00000000e0000000, 0x0000000100000000)
  region size 1024K, 11 young (11264K), 3 survivors (3072K)
 Metaspace       used 73844K, committed 77696K, reserved 344064K
  class space    used 9632K, committed 11072K, reserved 212992K

Heap Regions: E=young(eden), S=young(survivor), O=old, HS=humongous(starts), HC=humongous(continues), CS=collection set, F=free, OA=open archive, CA=closed archive, TAMS=top-at-mark-start (previous, next)
|   0|0x00000000e0000000, 0x00000000e0100000, 0x00000000e0100000|100%|HS|  |TAMS 0x00000000e0100000, 0x00000000e0100000| Complete 
|   1|0x00000000e0100000, 0x00000000e0200000, 0x00000000e0200000|100%|HC|  |TAMS 0x00000000e0200000, 0x00000000e0200000| Complete 
|   2|0x00000000e0200000, 0x00000000e0300000, 0x00000000e0300000|100%|HC|  |TAMS 0x00000000e0300000, 0x00000000e0300000| Complete 
|   3|0x00000000e0300000, 0x00000000e0400000, 0x00000000e0400000|100%| O|  |TAMS 0x00000000e0400000, 0x00000000e0400000| Untracked 
|   4|0x00000000e0400000, 0x00000000e0500000, 0x00000000e0500000|100%| O|  |TAMS 0x00000000e0500000, 0x00000000e0500000| Untracked 
|   5|0x00000000e0500000, 0x00000000e0600000, 0x00000000e0600000|100%| O|  |TAMS 0x00000000e0600000, 0x00000000e0600000| Untracked 
|   6|0x00000000e0600000, 0x00000000e0700000, 0x00000000e0700000|100%| O|  |TAMS 0x00000000e0700000, 0x00000000e0700000| Untracked 
|   7|0x00000000e0700000, 0x00000000e0800000, 0x00000000e0800000|100%| O|  |TAMS 0x00000000e0800000, 0x00000000e0800000| Untracked 
|   8|0x00000000e0800000, 0x00000000e0900000, 0x00000000e0900000|100%| O|  |TAMS 0x00000000e0900000, 0x00000000e0900000| Untracked 
|   9|0x00000000e0900000, 0x00000000e0a00000, 0x00000000e0a00000|100%| O|  |TAMS 0x00000000e0a00000, 0x00000000e0a00000| Untracked 
|  10|0x00000000e0a00000, 0x00000000e0b00000, 0x00000000e0b00000|100%| O|  |TAMS 0x00000000e0b00000, 0x00000000e0b00000| Untracked 
|  11|0x00000000e0b00000, 0x00000000e0c00000, 0x00000000e0c00000|100%|HS|  |TAMS 0x00000000e0c00000, 0x00000000e0c00000| Complete 
|  12|0x00000000e0c00000, 0x00000000e0d00000, 0x00000000e0d00000|100%|HC|  |TAMS 0x00000000e0d00000, 0x00000000e0d00000| Complete 
|  13|0x00000000e0d00000, 0x00000000e0e00000, 0x00000000e0e00000|100%|HS|  |TAMS 0x00000000e0e00000, 0x00000000e0e00000| Complete 
|  14|0x00000000e0e00000, 0x00000000e0f00000, 0x00000000e0f00000|100%|HC|  |TAMS 0x00000000e0f00000, 0x00000000e0f00000| Complete 
|  15|0x00000000e0f00000, 0x00000000e1000000, 0x00000000e1000000|100%|HC|  |TAMS 0x00000000e1000000, 0x00000000e1000000| Complete 
|  16|0x00000000e1000000, 0x00000000e1100000, 0x00000000e1100000|100%|HS|  |TAMS 0x00000000e1100000, 0x00000000e1100000| Complete 
|  17|0x00000000e1100000, 0x00000000e1200000, 0x00000000e1200000|100%|HC|  |TAMS 0x00000000e1200000, 0x00000000e1200000| Complete 
|  18|0x00000000e1200000, 0x00000000e1300000, 0x00000000e1300000|100%|HC|  |TAMS 0x00000000e1300000, 0x00000000e1300000| Complete 
|  19|0x00000000e1300000, 0x00000000e1400000, 0x00000000e1400000|100%|HS|  |TAMS 0x00000000e1400000, 0x00000000e1400000| Complete 
|  20|0x00000000e1400000, 0x00000000e1500000, 0x00000000e1500000|100%|HC|  |TAMS 0x00000000e1500000, 0x00000000e1500000| Complete 
|  21|0x00000000e1500000, 0x00000000e1600000, 0x00000000e1600000|100%| O|  |TAMS 0x00000000e1600000, 0x00000000e1600000| Untracked 
|  22|0x00000000e1600000, 0x00000000e1700000, 0x00000000e1700000|100%| O|  |TAMS 0x00000000e1700000, 0x00000000e1700000| Untracked 
|  23|0x00000000e1700000, 0x00000000e1800000, 0x00000000e1800000|100%| O|  |TAMS 0x00000000e1800000, 0x00000000e1800000| Untracked 
|  24|0x00000000e1800000, 0x00000000e1900000, 0x00000000e1900000|100%| O|  |TAMS 0x00000000e1900000, 0x00000000e1900000| Untracked 
|  25|0x00000000e1900000, 0x00000000e1a00000, 0x00000000e1a00000|100%| O|  |TAMS 0x00000000e1a00000, 0x00000000e1a00000| Untracked 
|  26|0x00000000e1a00000, 0x00000000e1b00000, 0x00000000e1b00000|100%| O|  |TAMS 0x00000000e1b00000, 0x00000000e1b00000| Untracked 
|  27|0x00000000e1b00000, 0x00000000e1c00000, 0x00000000e1c00000|100%| O|  |TAMS 0x00000000e1c00000, 0x00000000e1c00000| Untracked 
|  28|0x00000000e1c00000, 0x00000000e1d00000, 0x00000000e1d00000|100%| O|  |TAMS 0x00000000e1d00000, 0x00000000e1d00000| Untracked 
|  29|0x00000000e1d00000, 0x00000000e1e00000, 0x00000000e1e00000|100%| O|  |TAMS 0x00000000e1e00000, 0x00000000e1e00000| Untracked 
|  30|0x00000000e1e00000, 0x00000000e1f00000, 0x00000000e1f00000|100%| O|  |TAMS 0x00000000e1f00000, 0x00000000e1f00000| Untracked 
|  31|0x00000000e1f00000, 0x00000000e2000000, 0x00000000e2000000|100%| O|  |TAMS 0x00000000e2000000, 0x00000000e2000000| Untracked 
|  32|0x00000000e2000000, 0x00000000e2100000, 0x00000000e2100000|100%| O|  |TAMS 0x00000000e2100000, 0x00000000e2100000| Untracked 
|  33|0x00000000e2100000, 0x00000000e2200000, 0x00000000e2200000|100%| O|  |TAMS 0x00000000e2200000, 0x00000000e2200000| Untracked 
|  34|0x00000000e2200000, 0x00000000e2300000, 0x00000000e2300000|100%| O|  |TAMS 0x00000000e2300000, 0x00000000e2300000| Untracked 
|  35|0x00000000e2300000, 0x00000000e2400000, 0x00000000e2400000|100%| O|  |TAMS 0x00000000e2400000, 0x00000000e2400000| Untracked 
|  36|0x00000000e2400000, 0x00000000e2500000, 0x00000000e2500000|100%| O|  |TAMS 0x00000000e2500000, 0x00000000e2500000| Untracked 
|  37|0x00000000e2500000, 0x00000000e2600000, 0x00000000e2600000|100%| O|  |TAMS 0x00000000e2600000, 0x00000000e2600000| Untracked 
|  38|0x00000000e2600000, 0x00000000e2700000, 0x00000000e2700000|100%| O|  |TAMS 0x00000000e2700000, 0x00000000e2700000| Untracked 
|  39|0x00000000e2700000, 0x00000000e2800000, 0x00000000e2800000|100%| O|  |TAMS 0x00000000e2800000, 0x00000000e2800000| Untracked 
|  40|0x00000000e2800000, 0x00000000e2900000, 0x00000000e2900000|100%|HS|  |TAMS 0x00000000e2900000, 0x00000000e2900000| Complete 
|  41|0x00000000e2900000, 0x00000000e2a00000, 0x00000000e2a00000|100%|HC|  |TAMS 0x00000000e2a00000, 0x00000000e2a00000| Complete 
|  42|0x00000000e2a00000, 0x00000000e2b00000, 0x00000000e2b00000|100%|HC|  |TAMS 0x00000000e2b00000, 0x00000000e2b00000| Complete 
|  43|0x00000000e2b00000, 0x00000000e2c00000, 0x00000000e2c00000|100%|HC|  |TAMS 0x00000000e2c00000, 0x00000000e2c00000| Complete 
|  44|0x00000000e2c00000, 0x00000000e2d00000, 0x00000000e2d00000|100%|HC|  |TAMS 0x00000000e2d00000, 0x00000000e2d00000| Complete 
|  45|0x00000000e2d00000, 0x00000000e2e00000, 0x00000000e2e00000|100%|HC|  |TAMS 0x00000000e2e00000, 0x00000000e2e00000| Complete 
|  46|0x00000000e2e00000, 0x00000000e2f00000, 0x00000000e2f00000|100%|HC|  |TAMS 0x00000000e2f00000, 0x00000000e2f00000| Complete 
|  47|0x00000000e2f00000, 0x00000000e3000000, 0x00000000e3000000|100%|HC|  |TAMS 0x00000000e3000000, 0x00000000e3000000| Complete 
|  48|0x00000000e3000000, 0x00000000e3100000, 0x00000000e3100000|100%|HC|  |TAMS 0x00000000e3100000, 0x00000000e3100000| Complete 
|  49|0x00000000e3100000, 0x00000000e3200000, 0x00000000e3200000|100%|HC|  |TAMS 0x00000000e3200000, 0x00000000e3200000| Complete 
|  50|0x00000000e3200000, 0x00000000e3300000, 0x00000000e3300000|100%|HC|  |TAMS 0x00000000e3300000, 0x00000000e3300000| Complete 
|  51|0x00000000e3300000, 0x00000000e3400000, 0x00000000e3400000|100%|HC|  |TAMS 0x00000000e3400000, 0x00000000e3400000| Complete 
|  52|0x00000000e3400000, 0x00000000e3500000, 0x00000000e3500000|100%|HS|  |TAMS 0x00000000e3500000, 0x00000000e3500000| Complete 
|  53|0x00000000e3500000, 0x00000000e3600000, 0x00000000e3600000|100%|HC|  |TAMS 0x00000000e3600000, 0x00000000e3600000| Complete 
|  54|0x00000000e3600000, 0x00000000e3700000, 0x00000000e3700000|100%|HS|  |TAMS 0x00000000e3700000, 0x00000000e3700000| Complete 
|  55|0x00000000e3700000, 0x00000000e3800000, 0x00000000e3800000|100%|HC|  |TAMS 0x00000000e3800000, 0x00000000e3800000| Complete 
|  56|0x00000000e3800000, 0x00000000e3900000, 0x00000000e3900000|100%|HC|  |TAMS 0x00000000e3900000, 0x00000000e3900000| Complete 
|  57|0x00000000e3900000, 0x00000000e3a00000, 0x00000000e3a00000|100%|HS|  |TAMS 0x00000000e3a00000, 0x00000000e3a00000| Complete 
|  58|0x00000000e3a00000, 0x00000000e3b00000, 0x00000000e3b00000|100%|HC|  |TAMS 0x00000000e3b00000, 0x00000000e3b00000| Complete 
|  59|0x00000000e3b00000, 0x00000000e3c00000, 0x00000000e3c00000|100%|HS|  |TAMS 0x00000000e3c00000, 0x00000000e3c00000| Complete 
|  60|0x00000000e3c00000, 0x00000000e3d00000, 0x00000000e3d00000|100%|HC|  |TAMS 0x00000000e3d00000, 0x00000000e3d00000| Complete 
|  61|0x00000000e3d00000, 0x00000000e3e00000, 0x00000000e3e00000|100%|HC|  |TAMS 0x00000000e3e00000, 0x00000000e3e00000| Complete 
|  62|0x00000000e3e00000, 0x00000000e3f00000, 0x00000000e3f00000|100%|HS|  |TAMS 0x00000000e3f00000, 0x00000000e3f00000| Complete 
|  63|0x00000000e3f00000, 0x00000000e4000000, 0x00000000e4000000|100%|HC|  |TAMS 0x00000000e4000000, 0x00000000e4000000| Complete 
|  64|0x00000000e4000000, 0x00000000e4100000, 0x00000000e4100000|100%|HC|  |TAMS 0x00000000e4100000, 0x00000000e4100000| Complete 
|  65|0x00000000e4100000, 0x00000000e4200000, 0x00000000e4200000|100%|HC|  |TAMS 0x00000000e4200000, 0x00000000e4200000| Complete 
|  66|0x00000000e4200000, 0x00000000e4300000, 0x00000000e4300000|100%|HC|  |TAMS 0x00000000e4300000, 0x00000000e4300000| Complete 
|  67|0x00000000e4300000, 0x00000000e4400000, 0x00000000e4400000|100%|HC|  |TAMS 0x00000000e4400000, 0x00000000e4400000| Complete 
|  68|0x00000000e4400000, 0x00000000e4500000, 0x00000000e4500000|100%|HC|  |TAMS 0x00000000e4500000, 0x00000000e4500000| Complete 
|  69|0x00000000e4500000, 0x00000000e4600000, 0x00000000e4600000|100%|HC|  |TAMS 0x00000000e4600000, 0x00000000e4600000| Complete 
|  70|0x00000000e4600000, 0x00000000e4700000, 0x00000000e4700000|100%|HC|  |TAMS 0x00000000e4700000, 0x00000000e4700000| Complete 
|  71|0x00000000e4700000, 0x00000000e4800000, 0x00000000e4800000|100%|HC|  |TAMS 0x00000000e4800000, 0x00000000e4800000| Complete 
|  72|0x00000000e4800000, 0x00000000e4900000, 0x00000000e4900000|100%|HC|  |TAMS 0x00000000e4900000, 0x00000000e4900000| Complete 
|  73|0x00000000e4900000, 0x00000000e4a00000, 0x00000000e4a00000|100%|HS|  |TAMS 0x00000000e4a00000, 0x00000000e4a00000| Complete 
|  74|0x00000000e4a00000, 0x00000000e4b00000, 0x00000000e4b00000|100%|HC|  |TAMS 0x00000000e4b00000, 0x00000000e4b00000| Complete 
|  75|0x00000000e4b00000, 0x00000000e4c00000, 0x00000000e4c00000|100%|HS|  |TAMS 0x00000000e4c00000, 0x00000000e4c00000| Complete 
|  76|0x00000000e4c00000, 0x00000000e4d00000, 0x00000000e4d00000|100%|HC|  |TAMS 0x00000000e4d00000, 0x00000000e4d00000| Complete 
|  77|0x00000000e4d00000, 0x00000000e4e00000, 0x00000000e4e00000|100%|HS|  |TAMS 0x00000000e4e00000, 0x00000000e4e00000| Complete 
|  78|0x00000000e4e00000, 0x00000000e4f00000, 0x00000000e4f00000|100%|HC|  |TAMS 0x00000000e4f00000, 0x00000000e4f00000| Complete 
|  79|0x00000000e4f00000, 0x00000000e5000000, 0x00000000e5000000|100%|HC|  |TAMS 0x00000000e5000000, 0x00000000e5000000| Complete 
|  80|0x00000000e5000000, 0x00000000e5100000, 0x00000000e5100000|100%|HS|  |TAMS 0x00000000e5100000, 0x00000000e5100000| Complete 
|  81|0x00000000e5100000, 0x00000000e5200000, 0x00000000e5200000|100%|HC|  |TAMS 0x00000000e5200000, 0x00000000e5200000| Complete 
|  82|0x00000000e5200000, 0x00000000e5300000, 0x00000000e5300000|100%|HC|  |TAMS 0x00000000e5300000, 0x00000000e5300000| Complete 
|  83|0x00000000e5300000, 0x00000000e5400000, 0x00000000e5400000|100%|HS|  |TAMS 0x00000000e5400000, 0x00000000e5400000| Complete 
|  84|0x00000000e5400000, 0x00000000e5500000, 0x00000000e5500000|100%|HC|  |TAMS 0x00000000e5500000, 0x00000000e5500000| Complete 
|  85|0x00000000e5500000, 0x00000000e5600000, 0x00000000e5600000|100%|HS|  |TAMS 0x00000000e5600000, 0x00000000e5600000| Complete 
|  86|0x00000000e5600000, 0x00000000e5700000, 0x00000000e5700000|100%|HC|  |TAMS 0x00000000e5700000, 0x00000000e5700000| Complete 
|  87|0x00000000e5700000, 0x00000000e5800000, 0x00000000e5800000|100%|HC|  |TAMS 0x00000000e5800000, 0x00000000e5800000| Complete 
|  88|0x00000000e5800000, 0x00000000e5900000, 0x00000000e5900000|100%|HC|  |TAMS 0x00000000e5900000, 0x00000000e5900000| Complete 
|  89|0x00000000e5900000, 0x00000000e5a00000, 0x00000000e5a00000|100%|HC|  |TAMS 0x00000000e5a00000, 0x00000000e5a00000| Complete 
|  90|0x00000000e5a00000, 0x00000000e5b00000, 0x00000000e5b00000|100%|HC|  |TAMS 0x00000000e5b00000, 0x00000000e5b00000| Complete 
|  91|0x00000000e5b00000, 0x00000000e5c00000, 0x00000000e5c00000|100%|HC|  |TAMS 0x00000000e5c00000, 0x00000000e5c00000| Complete 
|  92|0x00000000e5c00000, 0x00000000e5d00000, 0x00000000e5d00000|100%|HC|  |TAMS 0x00000000e5d00000, 0x00000000e5d00000| Complete 
|  93|0x00000000e5d00000, 0x00000000e5e00000, 0x00000000e5e00000|100%|HC|  |TAMS 0x00000000e5e00000, 0x00000000e5e00000| Complete 
|  94|0x00000000e5e00000, 0x00000000e5f00000, 0x00000000e5f00000|100%|HC|  |TAMS 0x00000000e5f00000, 0x00000000e5f00000| Complete 
|  95|0x00000000e5f00000, 0x00000000e6000000, 0x00000000e6000000|100%|HC|  |TAMS 0x00000000e6000000, 0x00000000e6000000| Complete 
|  96|0x00000000e6000000, 0x00000000e6100000, 0x00000000e6100000|100%|HS|  |TAMS 0x00000000e6100000, 0x00000000e6100000| Complete 
|  97|0x00000000e6100000, 0x00000000e6200000, 0x00000000e6200000|100%|HC|  |TAMS 0x00000000e6200000, 0x00000000e6200000| Complete 
|  98|0x00000000e6200000, 0x00000000e6300000, 0x00000000e6300000|100%| O|  |TAMS 0x00000000e6300000, 0x00000000e6300000| Untracked 
|  99|0x00000000e6300000, 0x00000000e6400000, 0x00000000e6400000|100%| O|  |TAMS 0x00000000e6400000, 0x00000000e6400000| Untracked 
| 100|0x00000000e6400000, 0x00000000e6500000, 0x00000000e6500000|100%| O|  |TAMS 0x00000000e6500000, 0x00000000e6500000| Untracked 
| 101|0x00000000e6500000, 0x00000000e6600000, 0x00000000e6600000|100%| O|  |TAMS 0x00000000e6600000, 0x00000000e6600000| Untracked 
| 102|0x00000000e6600000, 0x00000000e6700000, 0x00000000e6700000|100%| O|  |TAMS 0x00000000e6700000, 0x00000000e6700000| Untracked 
| 103|0x00000000e6700000, 0x00000000e6800000, 0x00000000e6800000|100%| O|  |TAMS 0x00000000e6800000, 0x00000000e6800000| Untracked 
| 104|0x00000000e6800000, 0x00000000e6900000, 0x00000000e6900000|100%| O|  |TAMS 0x00000000e6900000, 0x00000000e6900000| Untracked 
| 105|0x00000000e6900000, 0x00000000e6a00000, 0x00000000e6a00000|100%| O|  |TAMS 0x00000000e6a00000, 0x00000000e6a00000| Untracked 
| 106|0x00000000e6a00000, 0x00000000e6b00000, 0x00000000e6b00000|100%| O|  |TAMS 0x00000000e6b00000, 0x00000000e6b00000| Untracked 
| 107|0x00000000e6b00000, 0x00000000e6c00000, 0x00000000e6c00000|100%| O|  |TAMS 0x00000000e6c00000, 0x00000000e6c00000| Untracked 
| 108|0x00000000e6c00000, 0x00000000e6d00000, 0x00000000e6d00000|100%| O|  |TAMS 0x00000000e6d00000, 0x00000000e6d00000| Untracked 
| 109|0x00000000e6d00000, 0x00000000e6e00000, 0x00000000e6e00000|100%| O|  |TAMS 0x00000000e6e00000, 0x00000000e6e00000| Untracked 
| 110|0x00000000e6e00000, 0x00000000e6e00000, 0x00000000e6f00000|  0%| F|  |TAMS 0x00000000e6e00000, 0x00000000e6e00000| Untracked 
| 111|0x00000000e6f00000, 0x00000000e6f00000, 0x00000000e7000000|  0%| F|  |TAMS 0x00000000e6f00000, 0x00000000e6f00000| Untracked 
| 112|0x00000000e7000000, 0x00000000e7100000, 0x00000000e7100000|100%| O|  |TAMS 0x00000000e7100000, 0x00000000e7100000| Untracked 
| 113|0x00000000e7100000, 0x00000000e7200000, 0x00000000e7200000|100%| O|  |TAMS 0x00000000e7200000, 0x00000000e7200000| Untracked 
| 114|0x00000000e7200000, 0x00000000e7300000, 0x00000000e7300000|100%| O|  |TAMS 0x00000000e7300000, 0x00000000e7300000| Untracked 
| 115|0x00000000e7300000, 0x00000000e7400000, 0x00000000e7400000|100%| O|  |TAMS 0x00000000e7400000, 0x00000000e7400000| Untracked 
| 116|0x00000000e7400000, 0x00000000e7500000, 0x00000000e7500000|100%| O|  |TAMS 0x00000000e7500000, 0x00000000e7500000| Untracked 
| 117|0x00000000e7500000, 0x00000000e7500000, 0x00000000e7600000|  0%| F|  |TAMS 0x00000000e7500000, 0x00000000e7500000| Untracked 
| 118|0x00000000e7600000, 0x00000000e7700000, 0x00000000e7700000|100%| O|  |TAMS 0x00000000e7700000, 0x00000000e7700000| Untracked 
| 119|0x00000000e7700000, 0x00000000e7800000, 0x00000000e7800000|100%| O|  |TAMS 0x00000000e7800000, 0x00000000e7800000| Untracked 
| 120|0x00000000e7800000, 0x00000000e7900000, 0x00000000e7900000|100%| O|  |TAMS 0x00000000e7900000, 0x00000000e7900000| Untracked 
| 121|0x00000000e7900000, 0x00000000e7a00000, 0x00000000e7a00000|100%| O|  |TAMS 0x00000000e7a00000, 0x00000000e7a00000| Untracked 
| 122|0x00000000e7a00000, 0x00000000e7b00000, 0x00000000e7b00000|100%| O|  |TAMS 0x00000000e7b00000, 0x00000000e7b00000| Untracked 
| 123|0x00000000e7b00000, 0x00000000e7c00000, 0x00000000e7c00000|100%| O|  |TAMS 0x00000000e7c00000, 0x00000000e7c00000| Untracked 
| 124|0x00000000e7c00000, 0x00000000e7d00000, 0x00000000e7d00000|100%| O|  |TAMS 0x00000000e7cf9a00, 0x00000000e7d00000| Untracked 
| 125|0x00000000e7d00000, 0x00000000e7e00000, 0x00000000e7e00000|100%| O|  |TAMS 0x00000000e7d00000, 0x00000000e7e00000| Untracked 
| 126|0x00000000e7e00000, 0x00000000e7f00000, 0x00000000e7f00000|100%| O|  |TAMS 0x00000000e7e00000, 0x00000000e7f00000| Untracked 
| 127|0x00000000e7f00000, 0x00000000e8000000, 0x00000000e8000000|100%| O|  |TAMS 0x00000000e7f00000, 0x00000000e8000000| Untracked 
| 128|0x00000000e8000000, 0x00000000e8100000, 0x00000000e8100000|100%| O|  |TAMS 0x00000000e8000000, 0x00000000e8100000| Untracked 
| 129|0x00000000e8100000, 0x00000000e8200000, 0x00000000e8200000|100%| O|  |TAMS 0x00000000e8100000, 0x00000000e8200000| Untracked 
| 130|0x00000000e8200000, 0x00000000e8300000, 0x00000000e8300000|100%| O|  |TAMS 0x00000000e8200000, 0x00000000e8300000| Untracked 
| 131|0x00000000e8300000, 0x00000000e8400000, 0x00000000e8400000|100%| O|  |TAMS 0x00000000e8300000, 0x00000000e8400000| Untracked 
| 132|0x00000000e8400000, 0x00000000e8500000, 0x00000000e8500000|100%| O|  |TAMS 0x00000000e8400000, 0x00000000e8500000| Untracked 
| 133|0x00000000e8500000, 0x00000000e8600000, 0x00000000e8600000|100%| O|  |TAMS 0x00000000e8500000, 0x00000000e8600000| Untracked 
| 134|0x00000000e8600000, 0x00000000e8700000, 0x00000000e8700000|100%| O|  |TAMS 0x00000000e8600000, 0x00000000e8700000| Untracked 
| 135|0x00000000e8700000, 0x00000000e8800000, 0x00000000e8800000|100%| O|  |TAMS 0x00000000e8700000, 0x00000000e8800000| Untracked 
| 136|0x00000000e8800000, 0x00000000e8900000, 0x00000000e8900000|100%| O|  |TAMS 0x00000000e8800000, 0x00000000e8900000| Untracked 
| 137|0x00000000e8900000, 0x00000000e8a00000, 0x00000000e8a00000|100%| O|  |TAMS 0x00000000e8900000, 0x00000000e8a00000| Untracked 
| 138|0x00000000e8a00000, 0x00000000e8b00000, 0x00000000e8b00000|100%| O|  |TAMS 0x00000000e8a00000, 0x00000000e8b00000| Untracked 
| 139|0x00000000e8b00000, 0x00000000e8c00000, 0x00000000e8c00000|100%| O|  |TAMS 0x00000000e8b00000, 0x00000000e8c00000| Untracked 
| 140|0x00000000e8c00000, 0x00000000e8d00000, 0x00000000e8d00000|100%| O|  |TAMS 0x00000000e8c00000, 0x00000000e8d00000| Untracked 
| 141|0x00000000e8d00000, 0x00000000e8e00000, 0x00000000e8e00000|100%| O|  |TAMS 0x00000000e8d00000, 0x00000000e8e00000| Untracked 
| 142|0x00000000e8e00000, 0x00000000e8f00000, 0x00000000e8f00000|100%| O|  |TAMS 0x00000000e8e00000, 0x00000000e8f00000| Untracked 
| 143|0x00000000e8f00000, 0x00000000e9000000, 0x00000000e9000000|100%| O|  |TAMS 0x00000000e8f00000, 0x00000000e9000000| Untracked 
| 144|0x00000000e9000000, 0x00000000e9100000, 0x00000000e9100000|100%| O|  |TAMS 0x00000000e9000000, 0x00000000e9100000| Untracked 
| 145|0x00000000e9100000, 0x00000000e9141200, 0x00000000e9200000| 25%| O|  |TAMS 0x00000000e9100000, 0x00000000e9141200| Untracked 
| 146|0x00000000e9200000, 0x00000000e9200000, 0x00000000e9300000|  0%| F|  |TAMS 0x00000000e9200000, 0x00000000e9200000| Untracked 
| 147|0x00000000e9300000, 0x00000000e9300000, 0x00000000e9400000|  0%| F|  |TAMS 0x00000000e9300000, 0x00000000e9300000| Untracked 
| 148|0x00000000e9400000, 0x00000000e9400000, 0x00000000e9500000|  0%| F|  |TAMS 0x00000000e9400000, 0x00000000e9400000| Untracked 
| 149|0x00000000e9500000, 0x00000000e9500000, 0x00000000e9600000|  0%| F|  |TAMS 0x00000000e9500000, 0x00000000e9500000| Untracked 
| 150|0x00000000e9600000, 0x00000000e9600000, 0x00000000e9700000|  0%| F|  |TAMS 0x00000000e9600000, 0x00000000e9600000| Untracked 
| 151|0x00000000e9700000, 0x00000000e9700000, 0x00000000e9800000|  0%| F|  |TAMS 0x00000000e9700000, 0x00000000e9700000| Untracked 
| 152|0x00000000e9800000, 0x00000000e9800000, 0x00000000e9900000|  0%| F|  |TAMS 0x00000000e9800000, 0x00000000e9800000| Untracked 
| 153|0x00000000e9900000, 0x00000000e9900000, 0x00000000e9a00000|  0%| F|  |TAMS 0x00000000e9900000, 0x00000000e9900000| Untracked 
| 154|0x00000000e9a00000, 0x00000000e9a00000, 0x00000000e9b00000|  0%| F|  |TAMS 0x00000000e9a00000, 0x00000000e9a00000| Untracked 
| 155|0x00000000e9b00000, 0x00000000e9b00000, 0x00000000e9c00000|  0%| F|  |TAMS 0x00000000e9b00000, 0x00000000e9b00000| Untracked 
| 156|0x00000000e9c00000, 0x00000000e9c00000, 0x00000000e9d00000|  0%| F|  |TAMS 0x00000000e9c00000, 0x00000000e9c00000| Untracked 
| 157|0x00000000e9d00000, 0x00000000e9d00000, 0x00000000e9e00000|  0%| F|  |TAMS 0x00000000e9d00000, 0x00000000e9d00000| Untracked 
| 158|0x00000000e9e00000, 0x00000000e9e00000, 0x00000000e9f00000|  0%| F|  |TAMS 0x00000000e9e00000, 0x00000000e9e00000| Untracked 
| 159|0x00000000e9f00000, 0x00000000e9f00000, 0x00000000ea000000|  0%| F|  |TAMS 0x00000000e9f00000, 0x00000000e9f00000| Untracked 
| 160|0x00000000ea000000, 0x00000000ea000000, 0x00000000ea100000|  0%| F|  |TAMS 0x00000000ea000000, 0x00000000ea000000| Untracked 
| 161|0x00000000ea100000, 0x00000000ea100000, 0x00000000ea200000|  0%| F|  |TAMS 0x00000000ea100000, 0x00000000ea100000| Untracked 
| 162|0x00000000ea200000, 0x00000000ea200000, 0x00000000ea300000|  0%| F|  |TAMS 0x00000000ea200000, 0x00000000ea200000| Untracked 
| 163|0x00000000ea300000, 0x00000000ea300000, 0x00000000ea400000|  0%| F|  |TAMS 0x00000000ea300000, 0x00000000ea300000| Untracked 
| 164|0x00000000ea400000, 0x00000000ea400000, 0x00000000ea500000|  0%| F|  |TAMS 0x00000000ea400000, 0x00000000ea400000| Untracked 
| 165|0x00000000ea500000, 0x00000000ea500000, 0x00000000ea600000|  0%| F|  |TAMS 0x00000000ea500000, 0x00000000ea500000| Untracked 
| 166|0x00000000ea600000, 0x00000000ea600000, 0x00000000ea700000|  0%| F|  |TAMS 0x00000000ea600000, 0x00000000ea600000| Untracked 
| 167|0x00000000ea700000, 0x00000000ea700000, 0x00000000ea800000|  0%| F|  |TAMS 0x00000000ea700000, 0x00000000ea700000| Untracked 
| 168|0x00000000ea800000, 0x00000000ea800000, 0x00000000ea900000|  0%| F|  |TAMS 0x00000000ea800000, 0x00000000ea800000| Untracked 
| 169|0x00000000ea900000, 0x00000000ea900000, 0x00000000eaa00000|  0%| F|  |TAMS 0x00000000ea900000, 0x00000000ea900000| Untracked 
| 170|0x00000000eaa00000, 0x00000000eaa00000, 0x00000000eab00000|  0%| F|  |TAMS 0x00000000eaa00000, 0x00000000eaa00000| Untracked 
| 171|0x00000000eab00000, 0x00000000eab00000, 0x00000000eac00000|  0%| F|  |TAMS 0x00000000eab00000, 0x00000000eab00000| Untracked 
| 172|0x00000000eac00000, 0x00000000eac00000, 0x00000000ead00000|  0%| F|  |TAMS 0x00000000eac00000, 0x00000000eac00000| Untracked 
| 173|0x00000000ead00000, 0x00000000ead00000, 0x00000000eae00000|  0%| F|  |TAMS 0x00000000ead00000, 0x00000000ead00000| Untracked 
| 174|0x00000000eae00000, 0x00000000eae00000, 0x00000000eaf00000|  0%| F|  |TAMS 0x00000000eae00000, 0x00000000eae00000| Untracked 
| 175|0x00000000eaf00000, 0x00000000eaf00000, 0x00000000eb000000|  0%| F|  |TAMS 0x00000000eaf00000, 0x00000000eaf00000| Untracked 
| 176|0x00000000eb000000, 0x00000000eb000000, 0x00000000eb100000|  0%| F|  |TAMS 0x00000000eb000000, 0x00000000eb000000| Untracked 
| 177|0x00000000eb100000, 0x00000000eb100000, 0x00000000eb200000|  0%| F|  |TAMS 0x00000000eb100000, 0x00000000eb100000| Untracked 
| 178|0x00000000eb200000, 0x00000000eb200000, 0x00000000eb300000|  0%| F|  |TAMS 0x00000000eb200000, 0x00000000eb200000| Untracked 
| 179|0x00000000eb300000, 0x00000000eb300000, 0x00000000eb400000|  0%| F|  |TAMS 0x00000000eb300000, 0x00000000eb300000| Untracked 
| 180|0x00000000eb400000, 0x00000000eb400000, 0x00000000eb500000|  0%| F|  |TAMS 0x00000000eb400000, 0x00000000eb400000| Untracked 
| 181|0x00000000eb500000, 0x00000000eb500000, 0x00000000eb600000|  0%| F|  |TAMS 0x00000000eb500000, 0x00000000eb500000| Untracked 
| 182|0x00000000eb600000, 0x00000000eb670600, 0x00000000eb700000| 43%| S|CS|TAMS 0x00000000eb600000, 0x00000000eb600000| Complete 
| 183|0x00000000eb700000, 0x00000000eb800000, 0x00000000eb800000|100%| S|CS|TAMS 0x00000000eb700000, 0x00000000eb700000| Complete 
| 184|0x00000000eb800000, 0x00000000eb900000, 0x00000000eb900000|100%| S|CS|TAMS 0x00000000eb800000, 0x00000000eb800000| Complete 
| 185|0x00000000eb900000, 0x00000000eb900000, 0x00000000eba00000|  0%| F|  |TAMS 0x00000000eb900000, 0x00000000eb900000| Untracked 
| 186|0x00000000eba00000, 0x00000000eba00000, 0x00000000ebb00000|  0%| F|  |TAMS 0x00000000eba00000, 0x00000000eba00000| Untracked 
| 187|0x00000000ebb00000, 0x00000000ebb00000, 0x00000000ebc00000|  0%| F|  |TAMS 0x00000000ebb00000, 0x00000000ebb00000| Untracked 
| 188|0x00000000ebc00000, 0x00000000ebc00000, 0x00000000ebd00000|  0%| F|  |TAMS 0x00000000ebc00000, 0x00000000ebc00000| Untracked 
| 189|0x00000000ebd00000, 0x00000000ebd00000, 0x00000000ebe00000|  0%| F|  |TAMS 0x00000000ebd00000, 0x00000000ebd00000| Untracked 
| 190|0x00000000ebe00000, 0x00000000ebe00000, 0x00000000ebf00000|  0%| F|  |TAMS 0x00000000ebe00000, 0x00000000ebe00000| Untracked 
| 191|0x00000000ebf00000, 0x00000000ebf00000, 0x00000000ec000000|  0%| F|  |TAMS 0x00000000ebf00000, 0x00000000ebf00000| Untracked 
| 192|0x00000000ec000000, 0x00000000ec000000, 0x00000000ec100000|  0%| F|  |TAMS 0x00000000ec000000, 0x00000000ec000000| Untracked 
| 193|0x00000000ec100000, 0x00000000ec100000, 0x00000000ec200000|  0%| F|  |TAMS 0x00000000ec100000, 0x00000000ec100000| Untracked 
| 194|0x00000000ec200000, 0x00000000ec200000, 0x00000000ec300000|  0%| F|  |TAMS 0x00000000ec200000, 0x00000000ec200000| Untracked 
| 195|0x00000000ec300000, 0x00000000ec300000, 0x00000000ec400000|  0%| F|  |TAMS 0x00000000ec300000, 0x00000000ec300000| Untracked 
| 196|0x00000000ec400000, 0x00000000ec400000, 0x00000000ec500000|  0%| F|  |TAMS 0x00000000ec400000, 0x00000000ec400000| Untracked 
| 197|0x00000000ec500000, 0x00000000ec500000, 0x00000000ec600000|  0%| F|  |TAMS 0x00000000ec500000, 0x00000000ec500000| Untracked 
| 198|0x00000000ec600000, 0x00000000ec600000, 0x00000000ec700000|  0%| F|  |TAMS 0x00000000ec600000, 0x00000000ec600000| Untracked 
| 199|0x00000000ec700000, 0x00000000ec700000, 0x00000000ec800000|  0%| F|  |TAMS 0x00000000ec700000, 0x00000000ec700000| Untracked 
| 200|0x00000000ec800000, 0x00000000ec800000, 0x00000000ec900000|  0%| F|  |TAMS 0x00000000ec800000, 0x00000000ec800000| Untracked 
| 201|0x00000000ec900000, 0x00000000ec900000, 0x00000000eca00000|  0%| F|  |TAMS 0x00000000ec900000, 0x00000000ec900000| Untracked 
| 202|0x00000000eca00000, 0x00000000eca00000, 0x00000000ecb00000|  0%| F|  |TAMS 0x00000000eca00000, 0x00000000eca00000| Untracked 
| 203|0x00000000ecb00000, 0x00000000ecb00000, 0x00000000ecc00000|  0%| F|  |TAMS 0x00000000ecb00000, 0x00000000ecb00000| Untracked 
| 204|0x00000000ecc00000, 0x00000000ecc00000, 0x00000000ecd00000|  0%| F|  |TAMS 0x00000000ecc00000, 0x00000000ecc00000| Untracked 
| 205|0x00000000ecd00000, 0x00000000ecd00000, 0x00000000ece00000|  0%| F|  |TAMS 0x00000000ecd00000, 0x00000000ecd00000| Untracked 
| 206|0x00000000ece00000, 0x00000000ece00000, 0x00000000ecf00000|  0%| F|  |TAMS 0x00000000ece00000, 0x00000000ece00000| Untracked 
| 207|0x00000000ecf00000, 0x00000000ecf00000, 0x00000000ed000000|  0%| F|  |TAMS 0x00000000ecf00000, 0x00000000ecf00000| Untracked 
| 208|0x00000000ed000000, 0x00000000ed000000, 0x00000000ed100000|  0%| F|  |TAMS 0x00000000ed000000, 0x00000000ed000000| Untracked 
| 209|0x00000000ed100000, 0x00000000ed100000, 0x00000000ed200000|  0%| F|  |TAMS 0x00000000ed100000, 0x00000000ed100000| Untracked 
| 210|0x00000000ed200000, 0x00000000ed200000, 0x00000000ed300000|  0%| F|  |TAMS 0x00000000ed200000, 0x00000000ed200000| Untracked 
| 211|0x00000000ed300000, 0x00000000ed300000, 0x00000000ed400000|  0%| F|  |TAMS 0x00000000ed300000, 0x00000000ed300000| Untracked 
| 212|0x00000000ed400000, 0x00000000ed400000, 0x00000000ed500000|  0%| F|  |TAMS 0x00000000ed400000, 0x00000000ed400000| Untracked 
| 213|0x00000000ed500000, 0x00000000ed500000, 0x00000000ed600000|  0%| F|  |TAMS 0x00000000ed500000, 0x00000000ed500000| Untracked 
| 214|0x00000000ed600000, 0x00000000ed600000, 0x00000000ed700000|  0%| F|  |TAMS 0x00000000ed600000, 0x00000000ed600000| Untracked 
| 215|0x00000000ed700000, 0x00000000ed700000, 0x00000000ed800000|  0%| F|  |TAMS 0x00000000ed700000, 0x00000000ed700000| Untracked 
| 216|0x00000000ed800000, 0x00000000ed800000, 0x00000000ed900000|  0%| F|  |TAMS 0x00000000ed800000, 0x00000000ed800000| Untracked 
| 217|0x00000000ed900000, 0x00000000ed900000, 0x00000000eda00000|  0%| F|  |TAMS 0x00000000ed900000, 0x00000000ed900000| Untracked 
| 218|0x00000000eda00000, 0x00000000eda00000, 0x00000000edb00000|  0%| F|  |TAMS 0x00000000eda00000, 0x00000000eda00000| Untracked 
| 219|0x00000000edb00000, 0x00000000edb00000, 0x00000000edc00000|  0%| F|  |TAMS 0x00000000edb00000, 0x00000000edb00000| Untracked 
| 220|0x00000000edc00000, 0x00000000edc00000, 0x00000000edd00000|  0%| F|  |TAMS 0x00000000edc00000, 0x00000000edc00000| Untracked 
| 221|0x00000000edd00000, 0x00000000edd00000, 0x00000000ede00000|  0%| F|  |TAMS 0x00000000edd00000, 0x00000000edd00000| Untracked 
| 222|0x00000000ede00000, 0x00000000ede00000, 0x00000000edf00000|  0%| F|  |TAMS 0x00000000ede00000, 0x00000000ede00000| Untracked 
| 223|0x00000000edf00000, 0x00000000edf00000, 0x00000000ee000000|  0%| F|  |TAMS 0x00000000edf00000, 0x00000000edf00000| Untracked 
| 224|0x00000000ee000000, 0x00000000ee000000, 0x00000000ee100000|  0%| F|  |TAMS 0x00000000ee000000, 0x00000000ee000000| Untracked 
| 225|0x00000000ee100000, 0x00000000ee100000, 0x00000000ee200000|  0%| F|  |TAMS 0x00000000ee100000, 0x00000000ee100000| Untracked 
| 226|0x00000000ee200000, 0x00000000ee200000, 0x00000000ee300000|  0%| F|  |TAMS 0x00000000ee200000, 0x00000000ee200000| Untracked 
| 227|0x00000000ee300000, 0x00000000ee300000, 0x00000000ee400000|  0%| F|  |TAMS 0x00000000ee300000, 0x00000000ee300000| Untracked 
| 228|0x00000000ee400000, 0x00000000ee400000, 0x00000000ee500000|  0%| F|  |TAMS 0x00000000ee400000, 0x00000000ee400000| Untracked 
| 229|0x00000000ee500000, 0x00000000ee500000, 0x00000000ee600000|  0%| F|  |TAMS 0x00000000ee500000, 0x00000000ee500000| Untracked 
| 230|0x00000000ee600000, 0x00000000ee600000, 0x00000000ee700000|  0%| F|  |TAMS 0x00000000ee600000, 0x00000000ee600000| Untracked 
| 231|0x00000000ee700000, 0x00000000ee700000, 0x00000000ee800000|  0%| F|  |TAMS 0x00000000ee700000, 0x00000000ee700000| Untracked 
| 232|0x00000000ee800000, 0x00000000ee800000, 0x00000000ee900000|  0%| F|  |TAMS 0x00000000ee800000, 0x00000000ee800000| Untracked 
| 233|0x00000000ee900000, 0x00000000ee900000, 0x00000000eea00000|  0%| F|  |TAMS 0x00000000ee900000, 0x00000000ee900000| Untracked 
| 234|0x00000000eea00000, 0x00000000eea00000, 0x00000000eeb00000|  0%| F|  |TAMS 0x00000000eea00000, 0x00000000eea00000| Untracked 
| 235|0x00000000eeb00000, 0x00000000eeb00000, 0x00000000eec00000|  0%| F|  |TAMS 0x00000000eeb00000, 0x00000000eeb00000| Untracked 
| 236|0x00000000eec00000, 0x00000000eec00000, 0x00000000eed00000|  0%| F|  |TAMS 0x00000000eec00000, 0x00000000eec00000| Untracked 
| 237|0x00000000eed00000, 0x00000000eed00000, 0x00000000eee00000|  0%| F|  |TAMS 0x00000000eed00000, 0x00000000eed00000| Untracked 
| 238|0x00000000eee00000, 0x00000000eee00000, 0x00000000eef00000|  0%| F|  |TAMS 0x00000000eee00000, 0x00000000eee00000| Untracked 
| 239|0x00000000eef00000, 0x00000000eef00000, 0x00000000ef000000|  0%| F|  |TAMS 0x00000000eef00000, 0x00000000eef00000| Untracked 
| 240|0x00000000ef000000, 0x00000000ef000000, 0x00000000ef100000|  0%| F|  |TAMS 0x00000000ef000000, 0x00000000ef000000| Untracked 
| 241|0x00000000ef100000, 0x00000000ef100000, 0x00000000ef200000|  0%| F|  |TAMS 0x00000000ef100000, 0x00000000ef100000| Untracked 
| 242|0x00000000ef200000, 0x00000000ef200000, 0x00000000ef300000|  0%| F|  |TAMS 0x00000000ef200000, 0x00000000ef200000| Untracked 
| 243|0x00000000ef300000, 0x00000000ef300000, 0x00000000ef400000|  0%| F|  |TAMS 0x00000000ef300000, 0x00000000ef300000| Untracked 
| 244|0x00000000ef400000, 0x00000000ef400000, 0x00000000ef500000|  0%| F|  |TAMS 0x00000000ef400000, 0x00000000ef400000| Untracked 
| 245|0x00000000ef500000, 0x00000000ef500000, 0x00000000ef600000|  0%| F|  |TAMS 0x00000000ef500000, 0x00000000ef500000| Untracked 
| 246|0x00000000ef600000, 0x00000000ef600000, 0x00000000ef700000|  0%| F|  |TAMS 0x00000000ef600000, 0x00000000ef600000| Untracked 
| 247|0x00000000ef700000, 0x00000000ef700000, 0x00000000ef800000|  0%| F|  |TAMS 0x00000000ef700000, 0x00000000ef700000| Untracked 
| 248|0x00000000ef800000, 0x00000000ef800000, 0x00000000ef900000|  0%| F|  |TAMS 0x00000000ef800000, 0x00000000ef800000| Untracked 
| 249|0x00000000ef900000, 0x00000000ef900000, 0x00000000efa00000|  0%| F|  |TAMS 0x00000000ef900000, 0x00000000ef900000| Untracked 
| 250|0x00000000efa00000, 0x00000000efac0aa0, 0x00000000efb00000| 75%| E|  |TAMS 0x00000000efa00000, 0x00000000efa00000| Complete 
| 251|0x00000000efb00000, 0x00000000efc00000, 0x00000000efc00000|100%| E|  |TAMS 0x00000000efb00000, 0x00000000efb00000| Complete 
| 252|0x00000000efc00000, 0x00000000efd00000, 0x00000000efd00000|100%| E|CS|TAMS 0x00000000efc00000, 0x00000000efc00000| Complete 
| 253|0x00000000efd00000, 0x00000000efe00000, 0x00000000efe00000|100%| E|CS|TAMS 0x00000000efd00000, 0x00000000efd00000| Complete 
| 254|0x00000000efe00000, 0x00000000eff00000, 0x00000000eff00000|100%| E|CS|TAMS 0x00000000efe00000, 0x00000000efe00000| Complete 
| 255|0x00000000eff00000, 0x00000000f0000000, 0x00000000f0000000|100%| E|CS|TAMS 0x00000000eff00000, 0x00000000eff00000| Complete 
| 256|0x00000000f0000000, 0x00000000f0100000, 0x00000000f0100000|100%| E|CS|TAMS 0x00000000f0000000, 0x00000000f0000000| Complete 
| 257|0x00000000f0100000, 0x00000000f0200000, 0x00000000f0200000|100%| E|CS|TAMS 0x00000000f0100000, 0x00000000f0100000| Complete 
| 509|0x00000000ffd00000, 0x00000000ffe00000, 0x00000000ffe00000|100%| O|  |TAMS 0x00000000ffe00000, 0x00000000ffe00000| Untracked 
| 510|0x00000000ffe00000, 0x00000000fff00000, 0x00000000fff00000|100%| O|  |TAMS 0x00000000fff00000, 0x00000000fff00000| Untracked 
| 511|0x00000000fff00000, 0x0000000100000000, 0x0000000100000000|100%| O|  |TAMS 0x0000000100000000, 0x0000000100000000| Untracked 

Card table byte_map: [0x000001d5f21d0000,0x000001d5f22d0000] _byte_map_base: 0x000001d5f1ad0000

Marking Bits (Prev, Next): (CMBitMap*) 0x000001d5ea8c69f0, (CMBitMap*) 0x000001d5ea8c69b0
 Prev Bits: [0x000001d5f2bd0000, 0x000001d5f33d0000)
 Next Bits: [0x000001d5f23d0000, 0x000001d5f2bd0000)

Polling page: 0x000001d5e8a20000

Metaspace:

Usage:
  Non-class:     62.71 MB used.
      Class:      9.41 MB used.
       Both:     72.11 MB used.

Virtual space:
  Non-class space:      128.00 MB reserved,      65.06 MB ( 51%) committed,  2 nodes.
      Class space:      208.00 MB reserved,      10.81 MB (  5%) committed,  1 nodes.
             Both:      336.00 MB reserved,      75.88 MB ( 23%) committed. 

Chunk freelists:
   Non-Class:  4.67 MB
       Class:  2.09 MB
        Both:  6.76 MB

MaxMetaspaceSize: 256.00 MB
CompressedClassSpaceSize: 208.00 MB
Initial GC threshold: 21.00 MB
Current GC threshold: 126.50 MB
CDS: on
MetaspaceReclaimPolicy: balanced
 - commit_granule_bytes: 65536.
 - commit_granule_words: 8192.
 - virtual_space_node_default_size: 8388608.
 - enlarge_chunks_in_place: 1.
 - new_chunks_are_fully_committed: 0.
 - uncommit_free_chunks: 1.
 - use_allocation_guard: 0.


Internal statistics:

num_allocs_failed_limit: 12.
num_arena_births: 3498.
num_arena_deaths: 2008.
num_vsnodes_births: 3.
num_vsnodes_deaths: 0.
num_space_committed: 1214.
num_space_uncommitted: 0.
num_chunks_returned_to_freelist: 2294.
num_chunks_taken_from_freelist: 7018.
num_chunk_merges: 843.
num_chunk_splits: 4391.
num_chunks_enlarged: 2554.
num_inconsistent_stats: 0.

CodeHeap 'non-profiled nmethods': size=120000Kb used=6692Kb max_used=6692Kb free=113308Kb
 bounds [0x000001d587ad0000, 0x000001d588160000, 0x000001d58f000000]
CodeHeap 'profiled nmethods': size=120000Kb used=23359Kb max_used=23359Kb free=96641Kb
 bounds [0x000001d5805a0000, 0x000001d581c70000, 0x000001d587ad0000]
CodeHeap 'non-nmethods': size=5760Kb used=2418Kb max_used=2482Kb free=3341Kb
 bounds [0x000001d580000000, 0x000001d580270000, 0x000001d5805a0000]
 total_blobs=12495 nmethods=11558 adapters=849
 compilation: enabled
              stopped_count=0, restarted_count=0
 full_count=0

Compilation events (20 events):
Event: 502.900 Thread 0x000001d5f594f860 nmethod 13154 0x000001d581c68690 code [0x000001d581c68840, 0x000001d581c689c8]
Event: 502.901 Thread 0x000001d5f594f860 13155       3       org.jetbrains.plugins.gradle.tooling.serialization.ExternalProjectSerializationService::writeDependency (93 bytes)
Event: 502.902 Thread 0x000001d5f594f860 nmethod 13155 0x000001d581c68a90 code [0x000001d581c68d00, 0x000001d581c69c08]
Event: 502.902 Thread 0x000001d5f594f860 13156       3       org.jetbrains.plugins.gradle.tooling.serialization.ExternalProjectSerializationService::writeDependencies (62 bytes)
Event: 502.903 Thread 0x000001d5f594f860 nmethod 13156 0x000001d581c69d90 code [0x000001d581c69fa0, 0x000001d581c6a748]
Event: 502.903 Thread 0x000001d5f594f860 13157       3       org.jetbrains.plugins.gradle.tooling.serialization.ExternalProjectSerializationService$2::<init> (20 bytes)
Event: 502.903 Thread 0x000001d5f594f860 nmethod 13157 0x000001d581c6a990 code [0x000001d581c6ab40, 0x000001d581c6adb8]
Event: 502.903 Thread 0x000001d5f594f860 13158       3       org.jetbrains.plugins.gradle.tooling.serialization.ExternalProjectSerializationService$2::process (142 bytes)
Event: 502.904 Thread 0x000001d5f594f860 nmethod 13158 0x000001d581c6ae90 code [0x000001d581c6b100, 0x000001d581c6ba68]
Event: 502.904 Thread 0x000001d5f594f860 13159       3       org.jetbrains.plugins.gradle.model.AbstractExternalDependency::getId (13 bytes)
Event: 502.904 Thread 0x000001d5f594f860 nmethod 13159 0x000001d581c6be10 code [0x000001d581c6bfc0, 0x000001d581c6c148]
Event: 502.907 Thread 0x000001d5f594f860 13160       3       kotlin.reflect.jvm.internal.ReflectProperties$Val::<init> (5 bytes)
Event: 502.907 Thread 0x000001d5f594f860 nmethod 13160 0x000001d581c6c210 code [0x000001d581c6c3a0, 0x000001d581c6c4f8]
Event: 502.907 Thread 0x000001d5f594f860 13161       3       groovy.lang.MetaClassImpl::createMetaMethodAndMetaProperty (191 bytes)
Event: 502.910 Thread 0x000001d5f594f860 nmethod 13161 0x000001d581c6c590 code [0x000001d581c6c9e0, 0x000001d581c6f0b8]
Event: 502.915 Thread 0x000001d5f594f860 13162       1       org.gradle.api.internal.AbstractTask::getDescription (5 bytes)
Event: 502.915 Thread 0x000001d5f594f860 nmethod 13162 0x000001d588158a10 code [0x000001d588158ba0, 0x000001d588158c78]
Event: 502.920 Thread 0x000001d5f594f860 13163       1       org.gradle.api.internal.file.collections.DirectoryFileTree::getDir (5 bytes)
Event: 502.920 Thread 0x000001d5f594f860 nmethod 13163 0x000001d588158d10 code [0x000001d588158ea0, 0x000001d588158f78]
Event: 502.921 Thread 0x000001d5f594f860 13164       3       org.gradle.api.internal.file.AbstractBaseDirFileResolver::doResolve (114 bytes)

GC Heap History (20 events):
Event: 9.615 GC heap before
{Heap before GC invocations=8 (full 0):
 garbage-first heap   total 262144K, used 209398K [0x00000000e0000000, 0x0000000100000000)
  region size 1024K, 143 young (146432K), 4 survivors (4096K)
 Metaspace       used 46846K, committed 48256K, reserved 278528K
  class space    used 6479K, committed 7232K, reserved 212992K
}
Event: 9.634 GC heap after
{Heap after GC invocations=9 (full 0):
 garbage-first heap   total 262144K, used 76086K [0x00000000e0000000, 0x0000000100000000)
  region size 1024K, 13 young (13312K), 13 survivors (13312K)
 Metaspace       used 46846K, committed 48256K, reserved 278528K
  class space    used 6479K, committed 7232K, reserved 212992K
}
Event: 12.238 GC heap before
{Heap before GC invocations=9 (full 0):
 garbage-first heap   total 262144K, used 237878K [0x00000000e0000000, 0x0000000100000000)
  region size 1024K, 136 young (139264K), 13 survivors (13312K)
 Metaspace       used 58146K, committed 59840K, reserved 278528K
  class space    used 8178K, committed 9024K, reserved 212992K
}
Event: 12.271 GC heap after
{Heap after GC invocations=10 (full 0):
 garbage-first heap   total 267264K, used 126960K [0x00000000e0000000, 0x0000000100000000)
  region size 1024K, 14 young (14336K), 14 survivors (14336K)
 Metaspace       used 58146K, committed 59840K, reserved 278528K
  class space    used 8178K, committed 9024K, reserved 212992K
}
Event: 12.329 GC heap before
{Heap before GC invocations=10 (full 0):
 garbage-first heap   total 267264K, used 129008K [0x00000000e0000000, 0x0000000100000000)
  region size 1024K, 17 young (17408K), 14 survivors (14336K)
 Metaspace       used 58413K, committed 60096K, reserved 278528K
  class space    used 8227K, committed 9088K, reserved 212992K
}
Event: 12.346 GC heap after
{Heap after GC invocations=11 (full 0):
 garbage-first heap   total 267264K, used 127449K [0x00000000e0000000, 0x0000000100000000)
  region size 1024K, 2 young (2048K), 2 survivors (2048K)
 Metaspace       used 58413K, committed 60096K, reserved 278528K
  class space    used 8227K, committed 9088K, reserved 212992K
}
Event: 14.647 GC heap before
{Heap before GC invocations=12 (full 0):
 garbage-first heap   total 267264K, used 216537K [0x00000000e0000000, 0x0000000100000000)
  region size 1024K, 89 young (91136K), 2 survivors (2048K)
 Metaspace       used 62156K, committed 63936K, reserved 278528K
  class space    used 8619K, committed 9536K, reserved 212992K
}
Event: 14.658 GC heap after
{Heap after GC invocations=13 (full 0):
 garbage-first heap   total 267264K, used 131570K [0x00000000e0000000, 0x0000000100000000)
  region size 1024K, 6 young (6144K), 6 survivors (6144K)
 Metaspace       used 62156K, committed 63936K, reserved 278528K
  class space    used 8619K, committed 9536K, reserved 212992K
}
Event: 17.567 GC heap before
{Heap before GC invocations=13 (full 0):
 garbage-first heap   total 267264K, used 217586K [0x00000000e0000000, 0x0000000100000000)
  region size 1024K, 91 young (93184K), 6 survivors (6144K)
 Metaspace       used 71047K, committed 72896K, reserved 278528K
  class space    used 9615K, committed 10560K, reserved 212992K
}
Event: 17.586 GC heap after
{Heap after GC invocations=14 (full 0):
 garbage-first heap   total 267264K, used 137216K [0x00000000e0000000, 0x0000000100000000)
  region size 1024K, 11 young (11264K), 11 survivors (11264K)
 Metaspace       used 71047K, committed 72896K, reserved 278528K
  class space    used 9615K, committed 10560K, reserved 212992K
}
Event: 19.961 GC heap before
{Heap before GC invocations=15 (full 0):
 garbage-first heap   total 267264K, used 220160K [0x00000000e0000000, 0x0000000100000000)
  region size 1024K, 92 young (94208K), 11 survivors (11264K)
 Metaspace       used 72016K, committed 73856K, reserved 278528K
  class space    used 9694K, committed 10624K, reserved 212992K
}
Event: 19.989 GC heap after
{Heap after GC invocations=16 (full 0):
 garbage-first heap   total 267264K, used 142771K [0x00000000e0000000, 0x0000000100000000)
  region size 1024K, 12 young (12288K), 12 survivors (12288K)
 Metaspace       used 72016K, committed 73856K, reserved 278528K
  class space    used 9694K, committed 10624K, reserved 212992K
}
Event: 500.958 GC heap before
{Heap before GC invocations=16 (full 0):
 garbage-first heap   total 267264K, used 218547K [0x00000000e0000000, 0x0000000100000000)
  region size 1024K, 87 young (89088K), 12 survivors (12288K)
 Metaspace       used 75708K, committed 77696K, reserved 344064K
  class space    used 10110K, committed 11072K, reserved 212992K
}
Event: 500.978 GC heap after
{Heap after GC invocations=17 (full 0):
 garbage-first heap   total 267264K, used 148040K [0x00000000e0000000, 0x0000000100000000)
  region size 1024K, 11 young (11264K), 11 survivors (11264K)
 Metaspace       used 75708K, committed 77696K, reserved 344064K
  class space    used 10110K, committed 11072K, reserved 212992K
}
Event: 502.097 GC heap before
{Heap before GC invocations=18 (full 0):
 garbage-first heap   total 267264K, used 221768K [0x00000000e0000000, 0x0000000100000000)
  region size 1024K, 83 young (84992K), 11 survivors (11264K)
 Metaspace       used 73678K, committed 77696K, reserved 344064K
  class space    used 9623K, committed 11072K, reserved 212992K
}
Event: 502.120 GC heap after
{Heap after GC invocations=19 (full 0):
 garbage-first heap   total 267264K, used 150528K [0x00000000e0000000, 0x0000000100000000)
  region size 1024K, 8 young (8192K), 8 survivors (8192K)
 Metaspace       used 73678K, committed 77696K, reserved 344064K
  class space    used 9623K, committed 11072K, reserved 212992K
}
Event: 502.248 GC heap before
{Heap before GC invocations=19 (full 0):
 garbage-first heap   total 267264K, used 154624K [0x00000000e0000000, 0x0000000100000000)
  region size 1024K, 13 young (13312K), 8 survivors (8192K)
 Metaspace       used 73700K, committed 77696K, reserved 344064K
  class space    used 9623K, committed 11072K, reserved 212992K
}
Event: 502.266 GC heap after
{Heap after GC invocations=20 (full 0):
 garbage-first heap   total 267264K, used 150176K [0x00000000e0000000, 0x0000000100000000)
  region size 1024K, 2 young (2048K), 2 survivors (2048K)
 Metaspace       used 73700K, committed 77696K, reserved 344064K
  class space    used 9623K, committed 11072K, reserved 212992K
}
Event: 502.742 GC heap before
{Heap before GC invocations=20 (full 0):
 garbage-first heap   total 267264K, used 221856K [0x00000000e0000000, 0x0000000100000000)
  region size 1024K, 73 young (74752K), 2 survivors (2048K)
 Metaspace       used 73809K, committed 77696K, reserved 344064K
  class space    used 9630K, committed 11072K, reserved 212992K
}
Event: 502.747 GC heap after
{Heap after GC invocations=21 (full 0):
 garbage-first heap   total 267264K, used 151238K [0x00000000e0000000, 0x0000000100000000)
  region size 1024K, 3 young (3072K), 3 survivors (3072K)
 Metaspace       used 73809K, committed 77696K, reserved 344064K
  class space    used 9630K, committed 11072K, reserved 212992K
}

Deoptimization events (20 events):
Event: 502.638 Thread 0x000001d5fee0a790 Uncommon trap: trap_request=0xffffff45 fr.pc=0x000001d587fbdf48 relative=0x00000000000006a8
Event: 502.638 Thread 0x000001d5fee0a790 Uncommon trap: reason=unstable_if action=reinterpret pc=0x000001d587fbdf48 method=java.lang.ref.SoftReference.get()Ljava/lang/Object; @ 6 c2
Event: 502.638 Thread 0x000001d5fee0a790 DEOPT PACKING pc=0x000001d587fbdf48 sp=0x0000007f17dfaf50
Event: 502.638 Thread 0x000001d5fee0a790 DEOPT UNPACKING pc=0x000001d5800523a3 sp=0x0000007f17dfadf8 mode 2
Event: 502.672 Thread 0x000001d5fee0a790 Uncommon trap: trap_request=0xffffff45 fr.pc=0x000001d587cb83a8 relative=0x0000000000000468
Event: 502.672 Thread 0x000001d5fee0a790 Uncommon trap: reason=unstable_if action=reinterpret pc=0x000001d587cb83a8 method=java.lang.ref.SoftReference.get()Ljava/lang/Object; @ 6 c2
Event: 502.672 Thread 0x000001d5fee0a790 DEOPT PACKING pc=0x000001d587cb83a8 sp=0x0000007f17dfaa90
Event: 502.672 Thread 0x000001d5fee0a790 DEOPT UNPACKING pc=0x000001d5800523a3 sp=0x0000007f17dfa980 mode 2
Event: 502.678 Thread 0x000001d5fee0a790 Uncommon trap: trap_request=0xfffffff4 fr.pc=0x000001d58812d1dc relative=0x00000000000002bc
Event: 502.678 Thread 0x000001d5fee0a790 Uncommon trap: reason=null_check action=make_not_entrant pc=0x000001d58812d1dc method=org.codehaus.groovy.runtime.typehandling.DefaultTypeTransformation.castToType(Ljava/lang/Object;Ljava/lang/Class;)Ljava/lang/Object; @ 78 c2
Event: 502.678 Thread 0x000001d5fee0a790 DEOPT PACKING pc=0x000001d58812d1dc sp=0x0000007f17dfaac0
Event: 502.678 Thread 0x000001d5fee0a790 DEOPT UNPACKING pc=0x000001d5800523a3 sp=0x0000007f17dfaa70 mode 2
Event: 502.836 Thread 0x000001d5fee0a790 Uncommon trap: trap_request=0xffffff45 fr.pc=0x000001d587ce177c relative=0x000000000000273c
Event: 502.836 Thread 0x000001d5fee0a790 Uncommon trap: reason=unstable_if action=reinterpret pc=0x000001d587ce177c method=java.lang.ref.SoftReference.get()Ljava/lang/Object; @ 6 c2
Event: 502.836 Thread 0x000001d5fee0a790 DEOPT PACKING pc=0x000001d587ce177c sp=0x0000007f17df4430
Event: 502.836 Thread 0x000001d5fee0a790 DEOPT UNPACKING pc=0x000001d5800523a3 sp=0x0000007f17df4338 mode 2
Event: 502.893 Thread 0x000001d5fee0a790 Uncommon trap: trap_request=0xffffff45 fr.pc=0x000001d588087a50 relative=0x0000000000000430
Event: 502.893 Thread 0x000001d5fee0a790 Uncommon trap: reason=unstable_if action=reinterpret pc=0x000001d588087a50 method=java.lang.ref.SoftReference.get()Ljava/lang/Object; @ 6 c2
Event: 502.893 Thread 0x000001d5fee0a790 DEOPT PACKING pc=0x000001d588087a50 sp=0x0000007f17dfa010
Event: 502.893 Thread 0x000001d5fee0a790 DEOPT UNPACKING pc=0x000001d5800523a3 sp=0x0000007f17df9ed8 mode 2

Classes loaded (20 events):
Event: 18.340 Loading class java/util/CollectionBeanInfo
Event: 18.340 Loading class java/util/CollectionBeanInfo done
Event: 18.340 Loading class java/util/CollectionCustomizer
Event: 18.340 Loading class java/util/CollectionCustomizer done
Event: 18.341 Loading class java/util/CollectionCustomizer
Event: 18.341 Loading class java/util/CollectionCustomizer done
Event: 18.547 Loading class jdk/internal/reflect/MethodHandleBooleanFieldAccessorImpl
Event: 18.547 Loading class jdk/internal/reflect/MethodHandleBooleanFieldAccessorImpl done
Event: 18.641 Loading class java/lang/EnumBeanInfo
Event: 18.641 Loading class java/lang/EnumBeanInfo done
Event: 18.641 Loading class java/lang/EnumBeanInfo
Event: 18.641 Loading class java/lang/EnumBeanInfo done
Event: 18.641 Loading class java/lang/EnumCustomizer
Event: 18.641 Loading class java/lang/EnumCustomizer done
Event: 18.649 Loading class java/lang/EnumCustomizer
Event: 18.649 Loading class java/lang/EnumCustomizer done
Event: 19.897 Loading class jdk/internal/access/foreign/MemorySegmentProxy
Event: 19.898 Loading class jdk/internal/access/foreign/MemorySegmentProxy done
Event: 21.395 Loading class java/util/Locale$1
Event: 21.395 Loading class java/util/Locale$1 done

Classes unloaded (20 events):
Event: 502.924 Thread 0x000001d5ea8d2010 Unloading class 0x0000000801555800 'jdk/internal/reflect/GeneratedSerializationConstructorAccessor68'
Event: 502.924 Thread 0x000001d5ea8d2010 Unloading class 0x0000000801465400 'jdk/internal/reflect/GeneratedSerializationConstructorAccessor56'
Event: 502.924 Thread 0x000001d5ea8d2010 Unloading class 0x0000000801464000 'jdk/internal/reflect/GeneratedSerializationConstructorAccessor51'
Event: 502.924 Thread 0x000001d5ea8d2010 Unloading class 0x0000000801410000 'org/gradle/api/internal/tasks/DefaultTaskContainer_Decorated$named'
Event: 502.924 Thread 0x000001d5ea8d2010 Unloading class 0x0000000801343800 'org/gradle/plugin/use/PluginDependencySpec$version'
Event: 502.924 Thread 0x000001d5ea8d2010 Unloading class 0x0000000801342000 'org/gradle/plugin/use/internal/PluginsAwareScript$plugins'
Event: 502.924 Thread 0x000001d5ea8d2010 Unloading class 0x000000080128b000 'java_lang_ClassLoader$loadClass'
Event: 502.924 Thread 0x000001d5ea8d2010 Unloading class 0x0000000801288000 'org/gradle/util/GradleVersion$version$0'
Event: 502.924 Thread 0x000001d5ea8d2010 Unloading class 0x0000000801283800 'org/gradle/util/GradleVersion$current'
Event: 502.924 Thread 0x000001d5ea8d2010 Unloading class 0x0000000801283000 'org/gradle/internal/service/ServiceRegistry$get'
Event: 502.924 Thread 0x000001d5ea8d2010 Unloading class 0x00000008012ac000 'org/gradle/tooling/provider/model/ToolingModelBuilderRegistry$register$0'
Event: 502.924 Thread 0x000001d5ea8d2010 Unloading class 0x0000000801282000 'org/gradle/tooling/provider/model/ToolingModelBuilderRegistry$getBuilder'
Event: 502.924 Thread 0x000001d5ea8d2010 Unloading class 0x0000000801444800 'java_lang_Class$isAssignableFrom$0'
Event: 502.924 Thread 0x000001d5ea8d2010 Unloading class 0x0000000801281800 'java_lang_Class$getName'
Event: 502.924 Thread 0x000001d5ea8d2010 Unloading class 0x0000000801280448 'JetGradlePlugin$findJetModelBuilder$0'
Event: 502.924 Thread 0x000001d5ea8d2010 Unloading class 0x0000000801280000 'JetGradlePlugin$getJetModelBuilderOrRegisterIfAbsent'
Event: 502.924 Thread 0x000001d5ea8d2010 Unloading class 0x0000000800f19800 'jdk/internal/reflect/GeneratedSerializationConstructorAccessor11'
Event: 502.924 Thread 0x000001d5ea8d2010 Unloading class 0x0000000800dbb800 'java/lang/invoke/LambdaForm$MH+0x0000000800dbb800'
Event: 502.924 Thread 0x000001d5ea8d2010 Unloading class 0x0000000800cc9400 'java/lang/invoke/LambdaForm$MH+0x0000000800cc9400'
Event: 502.924 Thread 0x000001d5ea8d2010 Unloading class 0x0000000800c24000 'java/lang/invoke/LambdaForm$MH+0x0000000800c24000'

Classes redefined (0 events):
No events

Internal exceptions (20 events):
Event: 22.181 Thread 0x000001d5fbbcb820 Implicit null exception at 0x000001d587b14452 to 0x000001d587b14914
Event: 499.718 Thread 0x000001d5fee0f960 Exception <a 'java/lang/NoSuchMethodError'{0x00000000edb1a7f0}: static Lorg/gradle/launcher/daemon/protocol/Command;.<clinit>()V> (0x00000000edb1a7f0) 
thrown [s\open\src\hotspot\share\prims\jni.cpp, line 1104]
Event: 499.719 Thread 0x000001d5fee0f960 Exception <a 'java/lang/NoSuchMethodError'{0x00000000edb22478}: static Lorg/gradle/launcher/daemon/protocol/InvalidateVirtualFileSystem;.<clinit>()V> (0x00000000edb22478) 
thrown [s\open\src\hotspot\share\prims\jni.cpp, line 1104]
Event: 499.767 Thread 0x000001d5fee0a790 Exception <a 'java/lang/IncompatibleClassChangeError'{0x00000000edbd9830}: Found class java.lang.Object, but interface was expected> (0x00000000edbd9830) 
thrown [s\open\src\hotspot\share\interpreter\linkResolver.cpp, line 833]
Event: 499.899 Thread 0x000001d5fee0a790 Exception <a 'java/lang/ClassNotFoundException'{0x00000000ed8b6050}: build_886m16bkwgu2y12v6zyo280a9BeanInfo> (0x00000000ed8b6050) 
thrown [s\open\src\hotspot\share\classfile\systemDictionary.cpp, line 255]
Event: 499.900 Thread 0x000001d5fee0a790 Exception <a 'java/lang/ClassNotFoundException'{0x00000000ed8bc2a8}: build_886m16bkwgu2y12v6zyo280a9Customizer> (0x00000000ed8bc2a8) 
thrown [s\open\src\hotspot\share\classfile\systemDictionary.cpp, line 255]
Event: 500.027 Thread 0x000001d5fee0a790 Exception <a 'java/lang/NoClassDefFoundError'{0x00000000ed4adda8}: org/jetbrains/kotlin/gradle/plugin/KotlinPluginWrapper> (0x00000000ed4adda8) 
thrown [s\open\src\hotspot\share\oops\constantPool.cpp, line 836]
Event: 500.095 Thread 0x000001d5fee0a790 Exception <a 'java/lang/ClassNotFoundException'{0x00000000ed20a4b0}: build_886m16bkwgu2y12v6zyo280a9BeanInfo> (0x00000000ed20a4b0) 
thrown [s\open\src\hotspot\share\classfile\systemDictionary.cpp, line 255]
Event: 500.096 Thread 0x000001d5fee0a790 Exception <a 'java/lang/ClassNotFoundException'{0x00000000ed210708}: build_886m16bkwgu2y12v6zyo280a9Customizer> (0x00000000ed210708) 
thrown [s\open\src\hotspot\share\classfile\systemDictionary.cpp, line 255]
Event: 500.949 Thread 0x000001d5fee0a790 Implicit null exception at 0x000001d5880a12fb to 0x000001d5880a14b8
Event: 501.403 Thread 0x000001d5fee0a790 Implicit null exception at 0x000001d587c815aa to 0x000001d587c8188c
Event: 501.403 Thread 0x000001d5fee0a790 Implicit null exception at 0x000001d587c88e70 to 0x000001d587c88f31
Event: 502.244 Thread 0x000001d5fee0a790 Implicit null exception at 0x000001d587fc716a to 0x000001d587fc73fc
Event: 502.245 Thread 0x000001d5fee0a790 Implicit null exception at 0x000001d587d27064 to 0x000001d587d270e8
Event: 502.638 Thread 0x000001d5f9eb2570 Implicit null exception at 0x000001d587df293e to 0x000001d587df4b18
Event: 502.638 Thread 0x000001d5fee0a790 Implicit null exception at 0x000001d587fbd906 to 0x000001d587fbdf2c
Event: 502.672 Thread 0x000001d5fee0a790 Implicit null exception at 0x000001d587cb7faa to 0x000001d587cb8395
Event: 502.678 Thread 0x000001d5fee0a790 Implicit null exception at 0x000001d58812d038 to 0x000001d58812d1cd
Event: 502.836 Thread 0x000001d5fee0a790 Implicit null exception at 0x000001d587cdf089 to 0x000001d587ce176c
Event: 502.893 Thread 0x000001d5fee0a790 Implicit null exception at 0x000001d5880877e3 to 0x000001d588087a3c

VM Operations (20 events):
Event: 486.351 Executing VM operation: Cleanup done
Event: 499.911 Executing VM operation: ICBufferFull
Event: 499.911 Executing VM operation: ICBufferFull done
Event: 500.321 Executing VM operation: ICBufferFull
Event: 500.322 Executing VM operation: ICBufferFull done
Event: 500.958 Executing VM operation: G1CollectForAllocation
Event: 500.978 Executing VM operation: G1CollectForAllocation done
Event: 501.174 Executing VM operation: G1Concurrent
Event: 501.238 Executing VM operation: G1Concurrent done
Event: 501.424 Executing VM operation: G1Concurrent
Event: 501.425 Executing VM operation: G1Concurrent done
Event: 501.425 Executing VM operation: HandshakeAllThreads
Event: 501.426 Executing VM operation: HandshakeAllThreads done
Event: 502.097 Executing VM operation: G1CollectForAllocation
Event: 502.121 Executing VM operation: G1CollectForAllocation done
Event: 502.248 Executing VM operation: G1CollectForAllocation
Event: 502.266 Executing VM operation: G1CollectForAllocation done
Event: 502.741 Executing VM operation: G1CollectForAllocation
Event: 502.748 Executing VM operation: G1CollectForAllocation done
Event: 502.922 Executing VM operation: G1Concurrent

Events (20 events):
Event: 500.490 Thread 0x000001d5fd9c7f00 Thread added: 0x000001d5fd9c7f00
Event: 500.501 Thread 0x000001d5fd9c3ba0 Thread added: 0x000001d5fd9c3ba0
Event: 500.511 Thread 0x000001d5fd9c6220 Thread added: 0x000001d5fd9c6220
Event: 500.520 Thread 0x000001d5fd9ca0b0 Thread added: 0x000001d5fd9ca0b0
Event: 500.529 Thread 0x000001d5fd9c53b0 Thread added: 0x000001d5fd9c53b0
Event: 500.765 Thread 0x000001d5fd9c5d50 Thread added: 0x000001d5fd9c5d50
Event: 500.778 Thread 0x000001d5fd9c9710 Thread added: 0x000001d5fd9c9710
Event: 500.789 Thread 0x000001d5fd9ca580 Thread added: 0x000001d5fd9ca580
Event: 500.800 Thread 0x000001d5fd9c7090 Thread added: 0x000001d5fd9c7090
Event: 500.809 Thread 0x000001d5fd9c2d30 Thread added: 0x000001d5fd9c2d30
Event: 500.816 Thread 0x000001d5fd9c6bc0 Thread added: 0x000001d5fd9c6bc0
Event: 500.825 Thread 0x000001d5fd9c4070 Thread added: 0x000001d5fd9c4070
Event: 501.149 Thread 0x000001d5fd4a1360 Thread exited: 0x000001d5fd4a1360
Event: 501.383 Thread 0x000001d5fda7ca30 Thread added: 0x000001d5fda7ca30
Event: 501.427 Thread 0x000001d5f596ce20 flushing nmethod 0x000001d587c48690
Event: 501.434 Thread 0x000001d5f596ce20 flushing nmethod 0x000001d5809e0590
Event: 501.434 Thread 0x000001d5f596ce20 flushing nmethod 0x000001d580ad2310
Event: 501.435 Thread 0x000001d5f596ce20 flushing nmethod 0x000001d580ba9890
Event: 501.435 Thread 0x000001d5f596ce20 flushing nmethod 0x000001d580bb0c90
Event: 501.445 Thread 0x000001d5f596ce20 flushing nmethod 0x000001d5816dc710


Dynamic libraries:
0x00007ff625500000 - 0x00007ff625510000 	C:\Program Files\Java\jdk-18.0.1.1\bin\java.exe
0x00007ffb2ffb0000 - 0x00007ffb301a5000 	C:\Windows\SYSTEM32\ntdll.dll
0x00007ffb2f170000 - 0x00007ffb2f22e000 	C:\Windows\System32\KERNEL32.DLL
0x00007ffb2da70000 - 0x00007ffb2dd38000 	C:\Windows\System32\KERNELBASE.dll
0x00007ffb2d970000 - 0x00007ffb2da70000 	C:\Windows\System32\ucrtbase.dll
0x00007ffb20cb0000 - 0x00007ffb20cc8000 	C:\Program Files\Java\jdk-18.0.1.1\bin\jli.dll
0x00007ffb20cd0000 - 0x00007ffb20cea000 	C:\Program Files\Java\jdk-18.0.1.1\bin\VCRUNTIME140.dll
0x00007ffb2f9f0000 - 0x00007ffb2fa9e000 	C:\Windows\System32\ADVAPI32.dll
0x00007ffb2e090000 - 0x00007ffb2e12e000 	C:\Windows\System32\msvcrt.dll
0x00007ffb2e780000 - 0x00007ffb2e81c000 	C:\Windows\System32\sechost.dll
0x00007ffb2e130000 - 0x00007ffb2e255000 	C:\Windows\System32\RPCRT4.dll
0x00007ffb2e260000 - 0x00007ffb2e400000 	C:\Windows\System32\USER32.dll
0x00007ffb1ef80000 - 0x00007ffb1f21a000 	C:\Windows\WinSxS\amd64_microsoft.windows.common-controls_6595b64144ccf1df_6.0.19041.1110_none_60b5254171f9507e\COMCTL32.dll
0x00007ffb2d8a0000 - 0x00007ffb2d8c2000 	C:\Windows\System32\win32u.dll
0x00007ffb2e9b0000 - 0x00007ffb2e9da000 	C:\Windows\System32\GDI32.dll
0x00007ffb2d720000 - 0x00007ffb2d82b000 	C:\Windows\System32\gdi32full.dll
0x00007ffb1cd60000 - 0x00007ffb1cd6a000 	C:\Windows\SYSTEM32\VERSION.dll
0x00007ffb2d8d0000 - 0x00007ffb2d96d000 	C:\Windows\System32\msvcp_win.dll
0x00007ffb2ff40000 - 0x00007ffb2ff70000 	C:\Windows\System32\IMM32.DLL
0x00007ffb241b0000 - 0x00007ffb241bc000 	C:\Program Files\Java\jdk-18.0.1.1\bin\vcruntime140_1.dll
0x00007ffb1a4f0000 - 0x00007ffb1a57d000 	C:\Program Files\Java\jdk-18.0.1.1\bin\msvcp140.dll
0x00007ffaf5940000 - 0x00007ffaf6550000 	C:\Program Files\Java\jdk-18.0.1.1\bin\server\jvm.dll
0x00007ffb2e770000 - 0x00007ffb2e778000 	C:\Windows\System32\PSAPI.DLL
0x00007ffb2a020000 - 0x00007ffb2a029000 	C:\Windows\SYSTEM32\WSOCK32.dll
0x00007ffb154b0000 - 0x00007ffb154d7000 	C:\Windows\SYSTEM32\WINMM.dll
0x00007ffb2e9f0000 - 0x00007ffb2ea5b000 	C:\Windows\System32\WS2_32.dll
0x00007ffb2b5f0000 - 0x00007ffb2b602000 	C:\Windows\SYSTEM32\kernel.appcore.dll
0x00007ffb1ed70000 - 0x00007ffb1ed7a000 	C:\Program Files\Java\jdk-18.0.1.1\bin\jimage.dll
0x00007ffb18c80000 - 0x00007ffb18e64000 	C:\Windows\SYSTEM32\DBGHELP.DLL
0x00007ffb18c50000 - 0x00007ffb18c7c000 	C:\Windows\SYSTEM32\dbgcore.DLL
0x00007ffb2dd40000 - 0x00007ffb2ddc2000 	C:\Windows\System32\bcryptPrimitives.dll
0x00007ffb1e220000 - 0x00007ffb1e245000 	C:\Program Files\Java\jdk-18.0.1.1\bin\java.dll
0x00007ffb13aa0000 - 0x00007ffb13b76000 	C:\Program Files\Java\jdk-18.0.1.1\bin\jsvml.dll
0x00007ffb2f230000 - 0x00007ffb2f974000 	C:\Windows\System32\SHELL32.dll
0x00007ffb2b7f0000 - 0x00007ffb2bf84000 	C:\Windows\SYSTEM32\windows.storage.dll
0x00007ffb2fb00000 - 0x00007ffb2fe54000 	C:\Windows\System32\combase.dll
0x00007ffb2d140000 - 0x00007ffb2d16c000 	C:\Windows\SYSTEM32\Wldp.dll
0x00007ffb2e820000 - 0x00007ffb2e8cd000 	C:\Windows\System32\SHCORE.dll
0x00007ffb2e010000 - 0x00007ffb2e065000 	C:\Windows\System32\shlwapi.dll
0x00007ffb2d610000 - 0x00007ffb2d62f000 	C:\Windows\SYSTEM32\profapi.dll
0x00007ffb1e1a0000 - 0x00007ffb1e1b3000 	C:\Program Files\Java\jdk-18.0.1.1\bin\net.dll
0x00007ffb25980000 - 0x00007ffb25a8a000 	C:\Windows\SYSTEM32\WINHTTP.dll
0x00007ffb2cea0000 - 0x00007ffb2cf0a000 	C:\Windows\system32\mswsock.dll
0x00007ffb1dfb0000 - 0x00007ffb1dfc6000 	C:\Program Files\Java\jdk-18.0.1.1\bin\nio.dll
0x00007ffb1df90000 - 0x00007ffb1dfa8000 	C:\Program Files\Java\jdk-18.0.1.1\bin\zip.dll
0x00007ffb1dd60000 - 0x00007ffb1dd70000 	C:\Program Files\Java\jdk-18.0.1.1\bin\verify.dll
0x00007ffb1c4a0000 - 0x00007ffb1c4c7000 	C:\Users\Javiera\.gradle\native\e1d6ef7f7dcc3fd88c89a11ec53ec762bb8ba0a96d01ffa2cd45eb1d1d8dd5c5\windows-amd64\native-platform.dll
0x00007ffb0f8f0000 - 0x00007ffb0fa34000 	C:\Users\Javiera\.gradle\native\0d407fdbe67a94daf76414ababcb853783967236a71b16ec16e742cd7a986fd3\windows-amd64\native-platform-file-events.dll
0x00007ffb25970000 - 0x00007ffb25979000 	C:\Program Files\Java\jdk-18.0.1.1\bin\management.dll
0x00007ffb25960000 - 0x00007ffb2596b000 	C:\Program Files\Java\jdk-18.0.1.1\bin\management_ext.dll
0x00007ffb2d0a0000 - 0x00007ffb2d0b8000 	C:\Windows\SYSTEM32\CRYPTSP.dll
0x00007ffb2c7b0000 - 0x00007ffb2c7e4000 	C:\Windows\system32\rsaenh.dll
0x00007ffb2de80000 - 0x00007ffb2dea7000 	C:\Windows\System32\bcrypt.dll
0x00007ffb2d5d0000 - 0x00007ffb2d5fe000 	C:\Windows\SYSTEM32\USERENV.dll
0x00007ffb2d090000 - 0x00007ffb2d09c000 	C:\Windows\SYSTEM32\CRYPTBASE.dll
0x00007ffb2cb40000 - 0x00007ffb2cb7b000 	C:\Windows\SYSTEM32\IPHLPAPI.DLL
0x00007ffb2e9e0000 - 0x00007ffb2e9e8000 	C:\Windows\System32\NSI.dll
0x00007ffb24f70000 - 0x00007ffb24f87000 	C:\Windows\SYSTEM32\dhcpcsvc6.DLL
0x00007ffb24f10000 - 0x00007ffb24f2d000 	C:\Windows\SYSTEM32\dhcpcsvc.DLL
0x00007ffb2cb80000 - 0x00007ffb2cc4b000 	C:\Windows\SYSTEM32\DNSAPI.dll
0x00007ffb1dd50000 - 0x00007ffb1dd5e000 	C:\Program Files\Java\jdk-18.0.1.1\bin\sunmscapi.dll
0x00007ffb2deb0000 - 0x00007ffb2e006000 	C:\Windows\System32\CRYPT32.dll
0x00007ffb2d1b0000 - 0x00007ffb2d1d7000 	C:\Windows\SYSTEM32\ncrypt.dll
0x00007ffb2d170000 - 0x00007ffb2d1ab000 	C:\Windows\SYSTEM32\NTASN1.dll
0x00007ffb20520000 - 0x00007ffb2052a000 	C:\Windows\System32\rasadhlp.dll
0x00007ffb20930000 - 0x00007ffb209af000 	C:\Windows\System32\fwpuclnt.dll

dbghelp: loaded successfully - version: 4.0.5 - missing functions: none
symbol engine: initialized successfully - sym options: 0x614 - pdb path: .;C:\Program Files\Java\jdk-18.0.1.1\bin;C:\Windows\SYSTEM32;C:\Windows\WinSxS\amd64_microsoft.windows.common-controls_6595b64144ccf1df_6.0.19041.1110_none_60b5254171f9507e;C:\Program Files\Java\jdk-18.0.1.1\bin\server;C:\Users\Javiera\.gradle\native\e1d6ef7f7dcc3fd88c89a11ec53ec762bb8ba0a96d01ffa2cd45eb1d1d8dd5c5\windows-amd64;C:\Users\Javiera\.gradle\native\0d407fdbe67a94daf76414ababcb853783967236a71b16ec16e742cd7a986fd3\windows-amd64

VM Arguments:
jvm_args: --add-opens=java.base/java.util=ALL-UNNAMED --add-opens=java.base/java.lang=ALL-UNNAMED --add-opens=java.base/java.lang.invoke=ALL-UNNAMED --add-opens=java.base/java.util=ALL-UNNAMED --add-opens=java.prefs/java.util.prefs=ALL-UNNAMED --add-opens=java.prefs/java.util.prefs=ALL-UNNAMED --add-opens=java.base/java.nio.charset=ALL-UNNAMED --add-opens=java.base/java.net=ALL-UNNAMED --add-opens=java.base/java.util.concurrent.atomic=ALL-UNNAMED -XX:MaxMetaspaceSize=256m -XX:+HeapDumpOnOutOfMemoryError -Xms256m -Xmx512m -Dfile.encoding=windows-1252 -Duser.country=CL -Duser.language=es -Duser.variant 
java_command: org.gradle.launcher.daemon.bootstrap.GradleDaemon 7.4.1
java_class_path (initial): C:\Users\Javiera\.gradle\wrapper\dists\gradle-7.4.1-bin\58kw26xllvsiedyf3nujyarhn\gradle-7.4.1\lib\gradle-launcher-7.4.1.jar
Launcher Type: SUN_STANDARD

[Global flags]
     intx CICompilerCount                          = 3                                         {product} {ergonomic}
   size_t CompressedClassSpaceSize                 = 218103808                                 {product} {ergonomic}
     uint ConcGCThreads                            = 1                                         {product} {ergonomic}
     uint G1ConcRefinementThreads                  = 4                                         {product} {ergonomic}
   size_t G1HeapRegionSize                         = 1048576                                   {product} {ergonomic}
    uintx GCDrainStackTargetSize                   = 64                                        {product} {ergonomic}
     bool HeapDumpOnOutOfMemoryError               = true                                   {manageable} {command line}
   size_t InitialHeapSize                          = 268435456                                 {product} {command line}
   size_t MarkStackSize                            = 4194304                                   {product} {ergonomic}
   size_t MaxHeapSize                              = 536870912                                 {product} {command line}
   size_t MaxMetaspaceSize                         = 268435456                                 {product} {command line}
   size_t MaxNewSize                               = 321912832                                 {product} {ergonomic}
   size_t MinHeapDeltaBytes                        = 1048576                                   {product} {ergonomic}
   size_t MinHeapSize                              = 268435456                                 {product} {command line}
    uintx NonNMethodCodeHeapSize                   = 5832780                                {pd product} {ergonomic}
    uintx NonProfiledCodeHeapSize                  = 122912730                              {pd product} {ergonomic}
    uintx ProfiledCodeHeapSize                     = 122912730                              {pd product} {ergonomic}
    uintx ReservedCodeCacheSize                    = 251658240                              {pd product} {ergonomic}
     bool SegmentedCodeCache                       = true                                      {product} {ergonomic}
   size_t SoftMaxHeapSize                          = 536870912                              {manageable} {ergonomic}
     bool UseCompressedClassPointers               = true                           {product lp64_product} {ergonomic}
     bool UseCompressedOops                        = true                           {product lp64_product} {ergonomic}
     bool UseG1GC                                  = true                                      {product} {ergonomic}
     bool UseLargePagesIndividualAllocation        = false                                  {pd product} {ergonomic}

Logging:
Log output configuration:
 #0: stdout all=warning uptime,level,tags foldmultilines=false
 #1: stderr all=off uptime,level,tags foldmultilines=false

Environment Variables:
PATH=C:\Program Files\Common Files\Oracle\Java\javapath;C:\Program Files (x86)\VMware\VMware Player\bin\;C:\Program Files (x86)\Intel\iCLS Client\;C:\Program Files\Intel\iCLS Client\;C:\Windows\system32;C:\Windows;C:\Windows\System32\Wbem;C:\Windows\System32\WindowsPowerShell\v1.0\;C:\Windows\System32\OpenSSH\;C:\Program Files\Intel\Intel(R) Management Engine Components\DAL;C:\Program Files (x86)\Intel\Intel(R) Management Engine Components\DAL;C:\Program Files\Intel\Intel(R) Management Engine Components\IPT;C:\Program Files (x86)\Intel\Intel(R) Management Engine Components\IPT;C:\Program Files\Git\cmd;C:\Users\Javiera\AppData\Local\Microsoft\WindowsApps;;C:\Program Files\JetBrains\IntelliJ IDEA Community Edition 2021.2.2\bin;;C:\Program Files\JetBrains\IntelliJ IDEA 2021.2.2\bin;
USERNAME=Javiera
OS=Windows_NT
PROCESSOR_IDENTIFIER=Intel64 Family 6 Model 58 Stepping 9, GenuineIntel



---------------  S Y S T E M  ---------------

OS:
 Windows 10 , 64 bit Build 19041 (10.0.19041.1645)
OS uptime: 0 days 5:52 hours

CPU: total 4 (initial active 4) (2 cores per cpu, 2 threads per core) family 6 model 58 stepping 9 microcode 0x21, cx8, cmov, fxsr, ht, mmx, sse, sse2, sse3, ssse3, sse4.1, sse4.2, popcnt, tsc, tscinvbit, avx, aes, erms, clmul, vzeroupper, clflush

Memory: 4k page, system-wide physical 8098M (2720M free)
TotalPageFile size 9378M (AvailPageFile size 3146M)
current process WorkingSet (physical memory assigned to process): 473M, peak: 486M
current process commit charge ("private bytes"): 517M, peak: 530M

vm_info: Java HotSpot(TM) 64-Bit Server VM (18.0.1.1+2-6) for windows-amd64 JRE (18.0.1.1+2-6), built on Apr 25 2022 21:53:15 by "mach5one" with MS VC++ 16.8 / 16.9 (VS2019)

END.
